27440 27223 27343 32196 50992 27280 27326 46136 39097 27263 27440 27340 27743 27262 27253 41782 50100 27570 27470 27446 27110 27550 27645 27563 28113 27576 27615 27380 54863 40842 3 1 29426 36668 29901
30386 30076 27236 27320 27196 27885 27663 27543 27650 27686 27580 27570 27473 27802 27616 27583 27636 27313 27346 27476 27486 27650 27543 27540 55293 27765 27640 27593 27490 27516 3 1 30599 27810 27545
27660 27597 27170 26860 27423 27203 42900 53853 27616 27640 27645 27876 27686 27570 26927 27220 27033 27073 27843 27513 27503 27560 27950 27702 27486 27500 27523 27836 27506 27076 3 1 29069 30159 27366
27316 27460 27462 27546 27916 27496 27670 27523 27403 28033 27486 27520 26970 26930 27200 27460 27155 27280 27503 27470 27286 27446 27366 27213 27680 27616 27510 27563 27653 45526 3 2 27518 27457 29189
27853 27570 27553 27566 27363 27316 27203 27683 26817 27523 27536 40942 38006 27496 27516 27596 27686 27477 27643 27713 27415 27636 27563 26466 27366 27016 27097 27626 27733 27586 3 2 28601 27535 28618
27543 27486 27466 27316 27130 27176 27643 52136 27426 27303 27456 27540 27496 27635 27560 27616 27562 27590 27590 26916 27153 27173 27526 27553 28075 27390 27466 27620 27496 27383 3 2 27537 29873 27431
27510 27216 27216 36413 27480 27506 27643 27523 27380 27403 27535 27595 27683 27556 27483 27513 27366 27170 27536 27500 27640 27400 27547 27580 27650 27642 27400 27783 27506 27386 3 2 28453 27487 27435
40183 27602 27440 27646 27490 27383 27403 27070 27193 27653 27576 27516 27480 27383 27433 27656 27543 27416 27626 27313 27400 27962 27550 27540 27163 27610 27940 27423 27632 27506 10 1 28819 27476 27476
27376 27720 27363 27133 27353 27282 27995 27972 27410 65530 27682 27353 27543 27563 27623 26756 27742 27506 27937 27512 27513 46213 27580 27470 27696 27176 27210 27560 27243 27083 10 3 33173 27554 27381
27403 26682 27286 28016 45860 27460 27396 27407 27446 27043 27170 27242 27590 27576 27546 27483 50676 55065 27566 27486 27490 27403 27405 27593 28052 27160 27190 27696 27220 27382 10 4 27564 31464 30170
27703 27590 27693 27533 27560 27553 27536 27443 27486 27790 27456 26753 27480 27353 27253 27660 27286 27346 27646 27616 27543 28073 27540 27430 27736 27583 27520 27456 27280 27076 10 6 27661 27470 27365
27500 27463 27363 27500 27576 27516 27893 27475 26886 27376 27140 27146 27536 27633 27630 27543 27503 27500 27316 27123 27935 27483 27143 27653 66910 27513 27613 27490 27520 27513 10 9 31454 27408 27475
27616 27563 27543 27903 27660 27520 41263 27792 27606 27533 27333 26850 27730 27560 27593 27860 27493 27616 28703 54000 27510 27696 27536 27326 27600 28002 27173 27893 27546 27420 10 11 29179 30248 27415
27816 31456 36520 27943 27426 27407 27993 27607 27235 27430 27100 27566 27623 26966 27000 27476 27446 27506 29117 27523 27500 27976 27603 27640 29567 27223 27563 27710 39082 54900 10 13 28065 28943 31083
27463 27712 27556 27353 27580 27343 27560 27520 27590 27813 27176 26925 27986 27305 27413 27556 27626 27770 27676 27446 27583 27813 27636 27472 27766 27680 27596 27740 27576 27540 10 18 27672 27525 27478
28023 27606 27492 27393 27113 27286 54236 54950 54470 27726 27470 27506 27716 27333 27320 27473 27343 27463 27600 27276 27336 27856 27515 27416 28353 27536 27162 26506 26746 26953 10 22 30288 30088 30040
27830 27150 27320 27683 27546 27630 28063 27700 27613 27806 27417 27043 27863 44340 27600 27696 27490 27400 27903 27453 27523 27610 27366 26840 26670 27726 27825 27723 27707 28150 10 27 27684 29189 27494
27596 27600 27666 27543 27700 27690 27606 27707 27480 54960 53433 29130 27543 27510 27447 28013 27493 27556 27720 27403 27603 53443 27373 27330 27660 27373 27583 27786 27600 27713 10 31 32987 30119 27719
27773 26870 27077 31373 29983 27857 27410 27443 28303 27590 27800 27673 27566 27470 27683 31213 45590 27910 27803 27520 27603 28180 27633 27696 27620 27626 27480 29110 62683 27720 10 36 28563 33061 27700
27903 27585 27673 27603 27566 27830 27566 27553 27540 30042 27386 27716 27870 27480 27473 27450 27443 27526 27380 27323 27476 27693 27383 58933 27790 27536 27746 28126 27573 27720 10 40 27942 27482 30763
27393 27486 27802 27793 27736 56700 27976 27610 27847 28623 28360 27426 30236 28245 27723 28563 27537 27603 29356 29690 29453 29020 28583 27816 28650 26935 31022 27653 27366 30397 10 42 28526 27954 31378
27550 27556 27563 27930 27910 27626 28030 29080 30217 27560 27633 26643 27786 28703 27510 27763 27543 27616 27640 27296 27692 27556 27503 27697 27446 27590 27613 27780 27096 27300 31 1 27704 27791 27747
27703 27590 27313 27683 27460 27450 27536 26610 26503 27460 27453 54846 55763 27513 27070 27653 27160 27106 27650 27623 27613 27406 26700 64242 27470 27520 27420 27546 27626 27546 31 4 30387 27325 33710
27490 27153 27817 27720 27466 27686 55306 30576 27563 27396 27556 27560 27536 27293 27076 27086 26780 26526 27393 27313 27365 27313 27516 27510 27746 27782 27422 27663 27650 27495 31 9 30264 27708 27402
28160 59226 27556 27396 27590 27360 27803 27936 27520 27740 27556 27423 26636 42747 34266 27740 27363 27476 27443 27646 27575 27513 27543 27630 27500 28206 45673 27576 27306 27496 31 18 27550 32311 29997
27616 27402 27593 27950 27453 28383 28220 27350 27180 27443 27617 27490 27943 27193 26946 27613 27496 28050 28423 27576 27490 53393 27483 27320 27886 27506 27506 27446 27810 27976 31 37 30393 27488 27593
28890 27323 27252 49576 27770 28360 28283 27746 28252 28050 27590 27940 28776 27440 28237 27660 27636 28643 27886 27496 27500 27980 27703 28280 26960 26856 27992 26660 26650 27535 31 46 30072 27421 27999
28693 27446 28350 28326 27586 28546 28313 27640 28603 27516 26982 26296 29700 28100 28696 27556 27650 27620 27750 27576 27820 28806 27926 28860 28416 28020 28233 28520 27935 28606 31 69 28359 27686 28163
28613 27935 28923 30592 27936 29010 28716 28475 29273 28250 28240 29023 28300 27926 28913 29250 28463 29070 28906 27840 29103 28273 28012 28753 28633 28587 29056 28490 27880 28930 31 93 28802 28129 29005
51330 28190 29453 28873 27843 29456 28996 27833 29490 28863 28030 29560 29640 27856 29960 28980 27780 29516 27476 27617 27887 28766 27873 29537 28336 27766 29566 28530 59520 29667 31 116 30979 31030 29409
28580 28053 30176 28736 27860 29695 28480 28303 29730 57995 55840 29782 27963 27677 29543 28700 28237 30010 29123 28076 30213 58910 28716 31210 28796 27780 29756 28513 28162 29700 31 139 34579 30870 29981
28946 28026 30673 29270 28013 30400 28433 33206 31102 28630 28403 30626 29070 28773 30533 28923 27926 30466 28243 27670 30763 29253 27930 30956 28296 26915 30583 28983 27823 31106 31 186 28804 28468 30720
29376 27983 31296 29203 27886 31502 29210 27986 43576 28633 27636 31990 28413 27836 31453 28523 27893 30982 27893 41430 42826 28940 27636 31752 28723 28003 31443 28786 28000 31070 31 232 28770 29228 33789
29700 36923 32530 29120 27886 32076 28643 27920 31550 27230 26610 30686 33123 28026 32203 28503 26676 31746 28670 28100 31763 27570 26750 30832 28516 27763 31986 28450 27820 31557 31 279 28952 28447 31692
27836 27502 31683 27780 28193 33083 27710 27440 32593 28646 28350 33060 29020 28143 31180 27533 27010 31696 27746 28360 32922 28390 28006 31886 27600 26746 31826 27700 27490 30623 31 325 27996 27724 32055
27050 26793 33100 28866 27680 33380 27996 27893 34020 27760 26910 32500 27796 27156 34110 28433 27233 32580 27373 27180 32853 27963 27283 32406 28390 27010 33505 28686 27875 33253 31 372 28031 27301 33170
28993 27697 33016 27653 26705 33253 29423 27400 34193 28493 27883 34373 27740 26770 33570 28080 26890 32420 27296 26920 34490 28516 28493 34910 28550 27856 34090 27496 26966 33446 31 418 28224 27358 33776
27783 53666 34050 27233 27110 33540 27686 27882 33746 28113 27166 33550 28913 27780 34406 29183 28043 35466 27586 26540 32786 27446 26353 34550 28820 27173 33396 27670 27126 34243 31 441 28043 29883 33973
26550 26680 26473 26640 27070 26606 26466 26526 41572 27563 26926 26922 26636 26536 26503 26563 26503 26560 27113 26633 26533 26723 26705 26483 26693 26586 27313 27496 27717 27870 100 1 26844 26788 28283
28027 26513 26086 26463 27356 27423 27683 27556 27093 27180 26430 26233 26496 26676 26850 27820 27857 27693 33080 26740 26240 26696 26513 26720 26683 26103 26490 26916 26666 26753 100 4 27704 26841 26758
26680 26537 27555 27883 27470 27635 27500 27213 26040 26700 26830 27096 26446 26866 26460 27166 27460 27613 27630 27463 26945 27373 25976 25550 26850 26543 26496 26276 26113 27346 100 14 27050 26847 26873
27216 27053 27167 28066 27120 26705 26513 26806 26656 26763 26325 26350 27040 26290 26486 26803 26493 27326 27750 27406 26713 26520 26656 26592 26636 29810 43427 27743 27506 27087 100 49 27105 27146 28450
28343 27480 31966 27700 26973 26643 26316 26170 26993 26076 25526 26490 27800 27630 27540 27060 26780 26333 26573 26590 26316 26893 27860 27080 27060 26167 26796 27433 26826 26896 100 99 27125 26800 27305
32173 30200 38575 41566 29453 36886 32833 32360 38307 27726 27843 26546 50210 30146 36927 32836 27820 37430 33770 28703 37463 26956 26695 26493 42953 30503 37420 32500 31990 37953 100 198 35352 29571 35400
101383 29383 47792 117356 29830 48293 112370 38043 46502 128250 30126 48935 104483 38600 48875 85756 43523 48240 112523 32310 48383 102660 46520 47737 89636 29300 46370 140345 39103 49127 100 396 109476 35673 48025
64563 31856 51202 131736 31913 53093 125723 29763 52893 99383 34636 50160 106320 29066 53826 117553 27986 54167 115453 30120 55500 79896 33376 55726 114870 34936 53230 117753 31166 54977 100 495 107325 31481 53477
79720 31840 66253 84650 27486 69022 105316 32150 66562 97476 30903 81293 93600 35746 66537 82240 41692 64675 97216 37156 67436 100133 28170 65296 84950 39053 68736 83880 29900 65696 100 742 90918 33409 68150
50056 28390 77993 89117 31510 79423 85213 30256 77120 86216 28612 83126 92316 27240 78956 76653 32526 80846 68666 36743 80762 51243 33706 81633 83860 27793 83720 97063 42155 80405 100 990 78040 31893 80398
85785 26846 85113 74760 30396 92893 94523 33390 92170 76293 34526 92580 83410 33150 95650 76593 29233 94505 78893 34620 91843 86170 31783 94843 66686 29253 89856 87286 30290 96486 100 1237 81039 31348 92593
67940 27986 107845 82133 36360 106017 76650 35790 107120 71880 37656 110883 79436 30980 111560 77240 29110 103466 85976 27513 105515 70770 35493 106263 84676 36910 109060 68803 35550 104933 100 1485 76550 33334 107266
72613 29572 138990 79836 32360 135395 85833 34326 136056 79423 29233 135810 77816 32276 148712 70520 36830 136020 79165 33030 131495 73533 29410 137230 86286 28903 133972 52316 33976 135423 100 1980 75734 31991 136910
68246 36686 168380 63423 40833 161276 72613 31490 160225 69623 33136 159070 74556 30210 164246 66623 31676 158203 78130 28816 167696 73570 35123 162160 72816 31176 158003 64403 35043 161166 100 2475 70400 33418 162042
68040 29583 191426 64610 28760 186756 64543 34063 189110 74876 29963 192070 77160 36586 194683 55893 35556 192610 70736 36130 198456 66293 35066 189600 64080 36236 190196 71106 34786 191260 100 2970 67733 33672 191616
61856 30417 212823 67486 28603 213173 76533 35026 222103 72970 37223 216510 72840 29263 218465 67653 28316 219040 66046 41380 215506 56466 33980 217933 76343 28873 225706 61660 40666 223743 100 3465 67985 33374 218500
74103 36210 242950 67363 29236 241960 66453 33650 248010 68523 29256 255683 57696 39336 259222 60760 49562 251636 57163 29226 256073 63093 33160 242257 64786 28350 250733 63496 36020 249043 100 3960 64343 34400 249756
68036 37746 269990 65180 31065 271023 64163 30360 270860 66130 40223 268630 64620 32943 273816 61345 38933 272136 67150 48220 279072 59223 50353 266356 74306 34890 274322 75990 36243 266972 100 4455 66614 38097 271317
61673 40672 291440 69186 37826 284096 60873 31440 293993 67796 30213 299916 63813 31076 283316 76176 29862 306920 66816 34573 286606 73303 36633 281410 61493 31312 286303 73036 32860 284165 100 4702 67416 33646 289816
27570 27336 27490 27696 27327 26686 27243 27563 26440 26735 26583 26693 27306 27233 28033 27656 27546 27573 26680 26350 26856 26483 26526 26573 26543 26682 26153 26273 26023 26782 316 4 27018 26916 26927
27750 26783 26646 26723 26556 26300 27240 26863 27222 26646 27290 27513 27936 27460 27087 27320 26912 27375 26670 26503 26246 26626 26156 26446 26656 26606 27050 28043 27420 26776 316 14 27161 26854 26866
27080 26580 26453 27080 26836 27630 27633 27463 33693 26486 26650 26440 26593 26986 26373 27476 27486 26860 26536 26406 26672 28730 27020 27186 27873 27027 26093 27360 26486 26460 316 49 27284 26894 27386
28005 27666 27503 27433 26845 38925 26670 26566 26716 26803 27040 26523 26560 26550 26706 26630 26533 26786 27516 27287 27423 26290 26603 26550 26763 26540 26733 26230 30485 30086 316 149 26890 27211 28395
66000 57473 118186 292943 119266 118856 45575 30516 28195 76440 112980 119556 44056 27740 27926 26780 27173 28043 48766 111090 124200 50323 119760 124206 27580 27570 27623 108696 160090 119546 316 497 78715 79365 83633
794043 171960 192903 791140 77486 204166 1047153 169530 185846 26860 26386 28872 896516 149850 198276 967116 157543 190033 1021093 38680 202423 1114886 183500 195906 1190603 204870 202173 391360 186520 192040 316 995 824077 136632 179263
1257275 128793 360286 1203800 139246 372132 1198945 177836 365420 1212925 131016 388440 1186236 174403 365673 1350703 136333 374506 1097233 139416 375953 1192466 139886 391025 1107543 134470 353053 1484503 29066 364756 316 1990 1229162 133046 371124
891756 99996 786026 852696 119283 695346 1015836 135113 705503 895940 155776 712852 934023 119876 691366 947640 115296 757276 858993 30033 702687 865340 57710 715470 1055457 87277 706276 719846 81153 695073 316 3981 903752 100151 716787
683120 148960 875740 838743 29795 875316 719700 31020 846056 900676 67413 915595 805723 140382 900760 813563 121505 873356 843790 166677 896750 933996 98290 869026 654343 138866 887000 813646 123816 917165 316 4977 800730 106672 885676
760736 82280 1338497 593773 168600 1310290 833060 125953 1326840 716760 86330 1298180 663190 79176 1342332 764620 139025 1363003 724133 33826 1295853 611083 116686 1335343 731773 169313 1349737 676673 158180 1320420 316 7465 707580 115936 1328049
647326 110113 1827896 691133 145000 1835873 630993 39026 1931442 743330 136020 1854163 633727 91366 1815713 646516 32676 1961783 749795 105053 1899566 722566 42673 1872275 664123 117213 1861456 669136 59143 1845160 316 9954 679864 87828 1870532
642170 149723 2472983 653843 163940 2462083 608650 144713 2400910 704983 118066 2484293 656600 157350 2481980 675372 33500 2625020 522893 48840 2377406 625763 147456 2359263 589300 89000 2451103 765725 131856 2398880 316 12442 644529 118444 2451392
557656 35173 2922453 555530 160886 2904386 589146 102116 2985786 655976 118330 2982750 631670 153636 2881706 526620 99026 2876670 619723 128113 2921576 607480 116573 2912646 613455 39853 2920023 566110 112933 2942880 316 14931 592336 106663 2925087
544327 37100 4735650 571863 82940 5109730 578092 148293 5487200 614560 137996 6446402 484336 155740 5963823 515870 37770 4785190 542966 145513 4764330 609806 37626 4902153 451190 131370 8779470 630335 101413 4086483 316 19908 554334 101576 5506043
547796 195000 11985546 603756 174883 11109273 487100 134043 11081113 497520 104190 11850273 530840 39743 11214060 535493 48523 11666330 488360 127120 12868293 529100 80660 11551553 509613 143055 11427570 489276 39916 10699436 316 24885 521885 108713 11545344
520680 123770 16070177 478766 50683 17226312 504766 43673 16459843 540776 163836 16121080 456063 152726 15181140 516096 166510 16362773 485236 124060 15144270 453553 94480 16775433 513733 82106 15137963 498473 186003 16186066 316 29862 496814 118784 16066505
516516 43453 20258660 474083 154440 23102857 480596 80863 21203786 522900 172763 19030180 522556 198210 20296476 528392 56107 19596700 466656 45950 20118345 493340 45006 20225590 485300 141636 21335820 466923 198053 20290676 316 34839 495726 113648 20545909
508276 232060 24470556 493016 171637 25155163 506053 170932 24534290 450090 45402 23552433 494483 180720 22997333 476716 72956 24503923 475513 71396 24917013 474646 46226 23834063 479963 45850 24438693 594200 222082 24997313 316 39816 495295 125926 24340078
473732 69096 29125133 478230 53870 28529026 506756 82690 29898682 477793 50006 28479586 471646 51690 28085593 461936 229236 29953086 491640 68340 27848793 499503 81080 28818666 490110 157310 28289336 504990 54480 30096990 316 44793 485633 89779 28912489
503650 57360 30260756 463500 157023 32292167 545460 247513 32452470 440990 63256 30888826 485630 51766 32259390 521493 136216 30845540 558266 48416 31108690 452906 107526 31520520 467180 139025 32820107 517680 203996 31459073 316 47281 495675 121209 31590753
28036 27780 27466 27836 27702 27603 27680 27723 26933 27816 27500 27613 27493 27623 27056 27500 27493 27026 27563 27536 27393 27626 27323 27795 27636 27563 27505 26763 26776 26496 1000 49 27594 27501 27288
27513 27490 27076 28587 27210 27186 27716 27623 27666 28297 26956 26993 27460 27602 27423 27523 27503 27316 27513 27453 27553 27473 27422 27573 26900 26865 30086 27683 27550 27935 1000 149 27666 27367 27680
27996 27510 27577 27480 27737 28613 27543 26682 27346 27173 27086 27400 27580 27583 27860 27720 27506 27562 27500 27506 27477 26716 26730 27850 28060 27193 27985 27513 27705 28130 1000 499 27528 27323 27780
324063 570213 976720 26506 26226 31733 27253 27330 30360 27940 27977 30240 709930 786796 997323 379186 1009100 919336 548040 1141325 909712 41965 55250 37906 905503 802700 946196 27852 27566 30963 1000 1498 301823 447448 491048
2919970 980430 3733666 2880073 365336 2730623 2932776 884213 2772177 2999463 919555 2806716 2971816 499383 2815283 2974306 1137923 2744186 3010610 1182590 2829880 2914437 827203 2805137 2938986 1143280 2681666 2995786 52530 3149256 1000 4995 2953822 799244 2906859
4327336 776236 5790212 4400666 1147162 5786660 4504316 892873 5778115 4579457 661815 5855863 4590363 743033 5759930 4874406 603960 7787976 4819756 965496 5866280 4444193 330580 5873456 4659980 685706 5764740 4518110 636943 5727926 1000 9990 4571858 744380 5999115
8563997 258846 16012420 8473853 891500 15981646 7930457 818473 21114327 8910126 1020276 19628740 8277353 1023202 15048930 8157100 918580 16356770 8664730 691910 16366653 8098960 753372 16147933 8252207 748380 17303366 7419743 797480 16198466 1000 19980 8274852 792201 17015925
7791813 734486 72654803 8609032 670896 70279963 7738573 46553 72370936 8013643 707875 75687210 8677440 775630 75715713 8160903 444513 72236660 8080823 236317 77383953 8616325 615273 76435937 8228325 367950 75030650 8627350 764163 78655472 1000 39960 8254422 536365 74645129
7898483 592006 26366582 7666196 162306 100000000 8316976 567823 100000000 7999502 743257 100000000 7640250 428320 100000000 7920037 478156 100000000 7877073 689030 100000000 8008200 618590 100000000 7569740 995653 100000000 8170047 55923 100000000 1000 49950 7906650 533106 4557430888798830399
7281792 514256 100000000 7387703 923186 100000000 6820630 692916 100000000 6908866 489853 100000000 7223330 648716 100000000 6857723 67736 100000000 6585300 753280 100000000 6852900 775813 100000000 6994767 76826 100000000 6989070 1039653 100000000 1000 74925 6990208 598223 4557430888798830399
6120905 94726 100000000 6478220 85176 100000000 6474957 626412 100000000 6455382 1139206 100000000 6075483 75860 100000000 6162326 742760 100000000 6520943 912630 100000000 6844833 785040 100000000 6334692 405895 100000000 6191520 1099880 100000000 1000 99900 6365926 596758 4557430888798830399
6180540 1228093 100000000 5998780 706400 100000000 5557425 690440 100000000 5809483 116172 100000000 6018186 813050 100000000 6303676 104102 100000000 5712090 1150903 100000000 5607045 585863 100000000 5604146 1207660 100000000 6259853 782035 100000000 1000 124875 5905122 738471 4557430888798830399
5505940 138270 100000000 5203016 1073960 100000000 5199967 102702 100000000 5541346 905267 100000000 5558460 961320 100000000 5355675 608990 100000000 5776436 100910 100000000 5744296 394712 100000000 5251656 984802 100000000 5498323 1092823 100000000 1000 149850 5463511 636375 4557430888798830399
5471596 516127 100000000 5138240 173320 100000000 5431290 1220990 100000000 4880420 129250 100000000 5423926 204096 100000000 4951903 1557340 100000000 5209746 347060 100000000 5395592 990136 100000000 5671827 1222970 100000000 5475913 133212 100000000 1000 199800 5305045 649450 4557430888798830399
4951226 1539816 100000000 4536763 1055143 100000000 5022653 169086 100000000 5141890 1285486 100000000 5065713 576900 100000000 5029757 150710 100000000 5156526 151133 100000000 5226122 163976 100000000 5169843 1848880 100000000 4519440 162505 100000000 1000 249750 4981993 710363 4557430888798830399
5050300 1432096 100000000 5190136 220752 100000000 4692082 482943 100000000 5003533 195983 100000000 4708000 1007073 100000000 4972990 1593147 100000000 4917453 961153 100000000 4915212 986673 100000000 4990653 1578510 100000000 4764406 1578856 100000000 1000 299700 4920476 1003718 4557430888798830399
4727880 1701133 100000000 4566880 1042837 100000000 4874315 1614930 100000000 5106986 1687106 100000000 5005350 250770 100000000 5045403 693726 100000000 4752166 745036 100000000 5083615 188190 100000000 4862092 1167766 100000000 4504043 207696 100000000 1000 349650 4852873 929919 4557430888798830399
4892555 1394200 100000000 4516776 235836 100000000 4897016 1854606 100000000 4780426 226582 100000000 4939987 244160 100000000 5079346 1623293 100000000 5080513 221623 100000000 5010170 1936683 100000000 4825322 686853 100000000 4295303 247992 100000000 1000 399600 4831741 867182 4557430888798830399
4729580 1246310 100000000 4503913 1489840 100000000 4711070 303810 100000000 4533953 307742 100000000 4521947 581775 100000000 5010233 1796443 100000000 4648982 368482 100000000 4813410 1151376 100000000 4774300 1393813 100000000 4789540 1152256 100000000 1000 449550 4703692 979184 4557430888798830399
4907692 991643 100000000 4480916 575340 100000000 4514266 1496720 100000000 4424563 1222730 100000000 4727310 258766 100000000 4848030 1256592 100000000 4623697 383523 100000000 4639756 1059193 100000000 4869447 299943 100000000 4638510 1928986 100000000 1000 474525 4667418 947343 4557430888798830399
27670 27537 27593 55180 32523 32036 26250 25640 27233 27403 27155 26616 26853 26880 27360 27553 27590 26770 26596 27043 27187 26706 26710 26835 26740 26690 27263 28343 27620 27480 3162 499 29929 27538 27637
27806 27656 33006 27027 26273 31940 27710 27500 29980 27463 27370 32016 27586 26613 31666 26650 26573 28720 27133 44510 45200 27206 26463 31890 26870 26665 31123 27200 26726 30485 3162 1499 27265 28634 32602
26813 26383 44075 652183 1876166 9442513 1379816 1883776 15864955 1343600 1854063 31748912 1430686 1913826 10651580 27516 27613 33726 1354826 1829276 11818777 27410 27446 35683 1358973 1862817 9761855 28145 27843 47780 3162 4997 762996 1132920 8944985
3494287 3692703 95980536 3488312 3715396 82033226 3482720 3769930 48704773 3495516 4067050 62736326 3456835 3738566 83504785 3468943 3697960 83049180 3419666 3792803 49095096 3497466 3935847 30282955 3558280 3816842 100000000 3459940 3696703 100000000 3162 14992 3482196 3792380 4557430888798830399
18918980 5465630 100000000 19107193 7688715 100000000 15913605 6176663 100000000 17524380 6891580 100000000 16367130 7276732 100000000 18371733 63616 100000000 19505270 7650163 100000000 18726220 8252483 100000000 14256012 6841032 100000000 19488033 6255786 100000000 3162 49975 17817855 6256240 4557430888798830399
33220433 6091830 100000000 29915246 6677566 100000000 32036886 5416460 100000000 29453083 5327013 100000000 33349337 5857380 100000000 33288153 7120786 100000000 33654370 6551543 100000000 33350470 4426526 100000000 32851335 6692885 100000000 30238740 6043942 100000000 3162 99950 32135805 6020593 4557430888798830399
54104903 6944070 100000000 54787843 4833236 100000000 54316577 6597016 100000000 54292886 6644030 100000000 55340812 139530 100000000 53695153 7389550 100000000 57690410 6941815 100000000 57228676 4933386 100000000 55302620 7646745 100000000 55246293 6677330 100000000 3162 199901 55200617 5874670 4557430888798830399
71890810 6378966 100000000 82947666 3645752 100000000 79996513 7124165 100000000 75774196 3391043 100000000 81061150 4306596 100000000 77572280 5249690 100000000 81487916 6711623 100000000 81851715 7115793 100000000 80666170 7010270 100000000 86832940 6439823 100000000 3162 399803 80008135 5737372 4557430888798830399
73839730 3221117 100000000 72301573 8518676 100000000 71647706 8476037 100000000 69569050 9661850 100000000 74976203 8231256 100000000 70189173 507573 100000000 68870252 8032266 100000000 73236420 506853 100000000 70982702 8505790 100000000 74962223 1318136 100000000 3162 499754 72057503 5697955 4557430888798830399
68892836 6359655 100000000 66132800 10343060 100000000 69148500 7420683 100000000 68653767 8589496 100000000 72036503 7673740 100000000 72035623 9702236 100000000 71827000 7609956 100000000 70614440 9804096 100000000 70534393 7646935 100000000 69777420 956230 100000000 3162 749631 69965328 7610608 4557430888798830399
70628273 5414450 100000000 67724730 842040 100000000 71768970 4757797 100000000 70543250 951013 100000000 71268122 1003613 100000000 71785895 8096850 100000000 69530637 9252763 100000000 71461777 1108500 100000000 72202313 8423442 100000000 69980853 7454825 100000000 3162 750000 70689482 4730529 4557430888798830399
28060 45830 100000000 26596 26186 100000000 27040 26767 100000000 27940 27783 100000000 27746 27640 100000000 27210 26620 100000000 47170 27045 100000000 27026 26303 100000000 27250 26443 100000000 27630 27133 100000000 10000 4999 29366 28775 4557430888798830399
1633676 2404580 100000000 27100 26952 100000000 27500 26972 100000000 27503 27045 100000000 1641060 2422993 100000000 1612822 2342070 100000000 27070 27730 100000000 1641286 2431427 100000000 1670840 2319796 100000000 1636785 2567016 100000000 10000 14998 994564 1459658 4557430888798830399
5320520 5358630 100000000 4525780 5445375 100000000 4752960 5165050 100000000 5119670 5399543 100000000 4964243 5174993 100000000 4547623 5255533 100000000 4694625 7820692 100000000 4731520 5485620 100000000 6479640 8733696 100000000 4580150 6159526 100000000 10000 49995 4971673 5999865 4557430888798830399
21798636 23144060 100000000 24035547 22081360 100000000 22034183 22791663 100000000 23505875 24656850 100000000 22841165 26030430 100000000 24624980 23953520 100000000 23501495 24206672 100000000 25163287 24436895 100000000 25062746 26351240 100000000 25572556 22897305 100000000 10000 149985 23814047 24054999 4557430888798830399
60375146 60041190 100000000 57856030 56910563 100000000 58910352 58949606 100000000 58395670 56695155 100000000 56992273 51332466 100000000 53896456 58169293 100000000 57203700 57989800 100000000 57208456 54086160 100000000 56441230 55841763 100000000 60896230 294733 100000000 10000 499950 57817554 51031072 4557430888798830399
76620372 57248510 100000000 76750572 61955713 100000000 76447756 60279296 100000000 76950983 54376883 100000000 76358693 68160280 100000000 76859583 64484740 100000000 76150040 58491572 100000000 76485593 63653632 100000000 76653460 61383707 100000000 76481350 60022030 100000000 10000 750000 76575840 61005636 4557430888798830399
27153 26483 100000000 27370 26877 100000000 2421873 3899805 100000000 2481863 4097653 100000000 2505926 4010960 100000000 27676 27283 100000000 27386 27190 100000000 2641912 4022536 100000000 2476292 4002073 100000000 27500 27076 100000000 31622 49995 1266495 2016793 4557430888798830399
6441686 7879926 100000000 6471137 8626342 100000000 6616606 7986477 100000000 6562663 7969873 100000000 6551973 8016883 100000000 6524403 8882230 100000000 7460723 7906995 100000000 6726016 9909546 100000000 6507956 8118910 100000000 7330416 8245892 100000000 31622 149987 6719357 8354307 4557430888798830399
26095800 26672210 100000000 26229090 27590473 100000000 27296450 27511553 100000000 27206526 26937603 100000000 27265580 27167720 100000000 27419093 27644462 100000000 27595606 27600410 100000000 27512593 27501682 100000000 27087715 27027680 100000000 26884176 27216810 100000000 31622 499959 27059262 27287060 4557430888798830399
36492633 34666652 100000000 36865110 34975370 100000000 36719013 37581433 100000000 37218135 35570706 100000000 37359363 35454355 100000000 37138046 35732312 100000000 37591896 35774873 100000000 39925922 37603437 100000000 39898042 36942366 100000000 46638922 44184503 100000000 31622 750000 38584708 36848600 4557430888798830399
