27643 27370 27052 27465 26856 26810 27236 27106 27830 27673 27423 27890 27533 27707 27736 28050 27450 27240 27373 26953 27587 27710 27426 27416 27646 27180 27163 27310 27300 27397 3 1 27563 27277 27412
27490 27422 27480 27440 27520 27323 27783 27400 27556 27593 27400 27430 27606 27615 27686 27586 27046 27396 27520 27473 27872 27520 27952 27473 27673 40935 27470 27653 27846 27423 3 1 27586 28860 27510
27216 27003 27343 27952 27502 27587 27483 27426 27350 51566 26963 26826 27150 26943 26996 27136 27046 27433 27086 27263 27402 28406 27583 27906 28007 27590 27572 27496 27593 27215 3 1 29949 27291 27363
27290 27106 26846 27763 27273 27223 27686 27503 27573 27506 27620 27436 27516 27456 27232 27330 27335 27796 27660 27476 27277 27433 27150 27560 27403 27363 28050 27193 27663 27215 3 2 27478 27394 27420
30266 29000 27823 27453 27473 28317 27593 27560 27673 27503 27980 27635 27446 27712 27280 27473 27483 31243 27603 27406 27406 27496 27676 27530 27396 27586 27626 27716 58200 58600 3 2 27794 30807 31113
29700 27565 27643 27516 27373 27607 27506 27130 26590 27403 27016 55963 27573 27630 27576 27566 27725 27497 27696 27623 27626 27610 27447 27066 40646 27693 27246 27513 27493 27507 3 2 29072 27469 30232
27720 27602 26992 27100 26540 26696 27610 27356 27456 27316 27313 27316 27563 27413 27413 29307 27470 27460 26516 26346 26552 27626 27360 27346 27523 27277 27273 27596 27490 27626 3 2 27587 27216 27213
27766 27486 27436 28090 27535 27457 27233 27306 27442 27583 27772 27280 27416 27090 27623 27363 27223 26947 27943 27443 27342 27110 27610 27790 27800 27136 27523 27606 27480 27682 10 1 27591 27408 27452
27696 27643 27270 27496 27702 27356 43900 27273 27253 27390 27373 27445 27416 27633 27330 27590 27623 27376 27286 26936 26873 27483 27312 27183 27416 27183 27273 27703 27153 27250 10 3 29137 27383 27260
27653 27333 27586 27596 32956 54940 28860 27697 27450 27476 27520 27375 27656 27905 27530 27736 27516 27116 27782 27276 27520 26990 27513 27320 27815 27440 27503 27413 27423 27446 10 4 27697 28057 30178
27730 27553 27296 27513 27475 27446 29720 47306 27542 27520 27273 27106 27580 27787 28110 27563 27157 27500 27876 40772 32803 28250 27533 27563 27446 27185 27430 27623 27330 27112 10 6 27882 30737 27990
27416 27530 27313 27496 27296 27210 27616 27603 27503 28026 27556 27543 29245 27520 27126 28430 27540 27400 27453 27526 27493 27746 27852 27586 27616 27140 27513 27623 27090 28180 10 9 27866 27465 27486
27613 27546 27500 27566 27493 27453 27436 27700 27953 27120 27033 26180 26886 53373 27486 27490 27842 28950 27606 27556 27703 27640 27523 27546 27593 27462 27240 27430 27490 27520 10 11 27438 30101 27553
27516 27530 27266 27550 27513 27350 27773 27570 27396 28066 27576 27286 28090 27702 27680 27736 27463 27496 27600 27493 27507 27653 27692 27240 27606 27356 27320 27720 27263 27243 10 13 27731 27515 27378
27663 27772 27610 27676 27553 83173 27760 27320 27393 27553 27563 27556 27666 27550 27523 27816 27490 27393 27343 27333 27303 27596 27533 27583 28173 27507 27406 27713 27323 27610 10 18 27695 27494 33055
28830 27523 27393 27620 27170 27280 27610 27320 27450 27386 27626 27566 27503 27426 27612 28807 27536 27703 27886 27590 27666 28080 27420 27543 27476 27596 27580 27780 52630 30433 10 22 27897 29983 27822
28690 28835 28426 27510 27473 27257 27350 27530 27496 27876 27390 27650 27803 27510 27626 29425 27473 27440 27590 27316 27350 27476 27345 27286 27570 27406 27270 27500 27375 27353 10 27 27879 27565 27515
27390 27255 27283 27860 27177 27076 27166 49260 27276 27513 27600 27673 27976 27523 27540 27666 27576 27666 27273 27526 27463 27906 27640 28063 27833 27680 28395 27753 27596 27686 10 31 27633 29683 27612
27030 27450 27843 60530 27520 28053 27466 27720 27723 27583 27637 27656 27403 27223 27343 29146 27623 27592 29302 27966 29083 27516 27507 27290 27616 26733 28017 26796 55053 39250 10 36 31038 30243 28985
39830 27753 27860 27540 27690 27373 27973 27536 27646 27733 27533 27300 27313 27252 27626 27713 27663 27683 27880 27473 27586 27713 27552 27716 57870 27473 27177 27700 27346 28126 10 40 31926 27527 27609
27626 27696 28203 27620 27560 27703 27553 27603 27243 27726 27200 27726 27693 27613 27360 27736 27543 27730 27703 27386 27730 27603 27885 27763 27610 27513 27686 27616 27822 27753 10 42 27648 27582 27689
27913 27486 29313 27783 27587 27315 27686 27633 28372 27797 27796 27505 27510 27685 27503 40193 27586 27700 27190 27086 27503 27683 27302 27382 27756 27543 27436 27876 27450 27653 31 1 28938 27515 27768
27406 27162 27353 27820 27543 27787 27320 27193 27196 27190 27376 27546 37083 27660 27510 27623 27630 27340 27573 27256 27370 27563 27976 27273 30340 55225 27546 27686 27223 27600 31 4 28760 30224 27452
27120 26902 27030 27523 27353 27626 27806 34213 51255 27483 27226 27430 27673 27283 27476 26833 27736 27863 27536 27640 27140 27436 27483 27253 27716 27600 27446 27513 27476 27503 31 9 27463 28091 29802
27636 27340 27207 28940 45776 27456 27826 27722 27536 27506 27782 27540 27553 27536 27242 27760 27323 27343 28236 27586 27307 27513 27483 27460 29170 27630 27423 26800 26753 40065 31 18 27894 29293 28657
27516 27576 27566 27683 27703 28260 28296 27630 27396 27880 27610 36403 27096 27296 27216 27580 27643 28065 28223 27546 27523 27463 27573 27643 27773 27703 27330 27696 27730 28070 31 37 27720 27601 28547
27950 27603 27547 28083 27703 28220 29607 27803 27936 27970 27676 27926 27600 27256 27973 27733 27743 28230 27220 26643 27620 27843 27720 28223 28066 27783 28516 27816 27233 27546 31 46 27988 27516 27973
28476 27766 29236 63930 27680 28576 28400 27710 29265 28030 27742 27726 28233 28030 28393 27393 27310 27333 27510 27870 27273 27993 28106 28626 28223 27795 28566 28510 33360 33523 31 69 31669 28336 28851
28380 27900 28933 29176 27773 28586 28843 28032 28782 28296 28216 29430 28460 27923 28926 27893 28006 28880 28543 27650 28923 28676 29112 30695 45582 28220 29186 31440 27700 29043 31 93 30528 28053 29138
28910 28273 29457 28770 27926 29820 59793 27923 29453 29103 28053 29450 28723 27880 29505 28813 28053 29810 28037 27316 27530 29426 28026 28880 28526 27783 29833 27616 27813 29500 31 116 31771 27904 29323
59210 27680 30240 28810 27703 29626 28480 28096 29566 28723 27483 35000 37340 28150 30030 28580 28162 30160 29213 28110 29603 28636 27792 29586 28480 27310 30130 29106 27903 30046 31 139 32657 27838 30398
28926 27906 29730 28666 27706 30670 28903 27830 30360 28813 28196 31055 29123 27626 30650 29083 27826 30733 27533 27696 31113 29020 27913 30723 28380 27743 31152 28726 28000 30496 31 186 28717 27844 30668
29763 28215 32137 29053 27916 31747 29166 27926 31720 28833 27670 31050 28783 26840 61460 27600 27586 31336 29120 28453 31400 29386 27763 30823 28790 28317 31256 28606 28116 31706 31 232 28910 27880 34463
28950 27520 32280 29510 27820 31963 28913 27603 32007 28396 27770 32223 28260 27800 32693 28660 27925 32603 28890 28040 32413 29096 27650 32286 28723 27846 32043 28816 27790 32266 31 279 28821 27776 32277
30465 28050 44412 35242 28030 32973 28646 26853 32760 28490 28153 33347 31545 27920 32290 28973 27920 33235 29056 28140 33223 28636 28126 33546 28860 27410 32777 28676 28136 32243 31 325 29858 27873 34080
28543 27893 32966 29230 27740 34557 28383 27880 33873 28856 28167 33596 28703 27740 33800 27980 27770 33683 52566 41200 40552 28580 28150 33580 29503 27996 34240 28730 27633 35065 31 372 31107 29216 34591
28356 28002 34383 28876 27670 34930 28613 28090 34020 28753 27623 34645 28830 27510 34846 28706 28413 35202 28460 27833 34200 27540 26913 34696 28410 28066 35036 28613 28426 34376 31 418 28515 27854 34633
28880 27846 34743 28440 32043 34806 30070 28180 34193 28696 27493 35882 28706 28025 34450 57946 57536 40383 29413 28186 37386 29010 27910 35133 28806 27990 34266 28896 28400 35050 31 441 31886 31360 35629
27593 27513 27750 27837 27470 27632 27303 42237 38266 27333 27256 27486 27776 27553 27540 27930 27586 27720 27513 27593 36906 27923 27525 27510 27506 27333 26990 27480 27013 27665 100 1 27619 28907 29546
27810 27613 44456 27856 27540 27420 27616 27490 27263 27590 27473 27277 27513 27745 27053 27303 27516 27676 27526 27710 27475 27750 27536 27416 27670 27477 27490 27686 41840 37446 100 4 27632 28994 30097
27960 27606 27665 27523 27563 27110 27283 27595 27450 27813 27603 27395 27736 27433 27600 27730 27426 27483 27440 27435 26703 27313 27506 27156 28706 27662 27676 28136 27606 27486 100 14 27764 27543 27372
28195 30657 32046 28480 27846 27520 27620 27435 26843 27623 27483 27406 28550 27660 27376 26683 26636 27570 27550 27456 27430 49740 27415 27040 28086 27703 27663 27520 27480 27140 100 49 30004 27777 27803
29293 27736 39830 30155 27496 27580 27710 27662 27496 26413 26813 26716 27630 27373 27500 28106 27246 27402 27710 27647 27607 27510 27393 27396 27393 27660 27740 27216 27570 27563 100 99 27913 27459 28683
32523 32767 37610 42910 30346 38086 32830 31680 39467 27783 27692 28060 47523 31376 37706 33413 28086 37230 33346 28880 49193 27493 27590 27973 39183 31423 37246 32330 31716 37760 100 198 34933 30155 37033
103280 30306 48023 108750 30876 47970 107053 41756 47070 125223 29986 48933 105967 39333 48483 81053 34106 48736 162185 35172 49816 103090 62495 48683 88626 29433 46236 73313 39126 49630 100 396 105854 37258 48358
65930 36706 51673 129916 34385 52903 126853 29873 52103 96056 33970 51710 107520 28833 52590 117500 28363 54500 116190 30150 55333 79406 34416 54593 113610 38737 54863 121046 31026 55313 100 495 107402 32645 53558
76506 32020 67255 85393 28970 68370 103006 32876 67217 125770 33023 69870 89676 36180 67337 82343 37823 62200 97653 37106 67426 100093 28226 67067 85373 40440 68813 80080 31073 66466 100 742 92589 33773 67202
54076 29046 79156 86510 31110 80273 85560 31173 78366 86033 28476 84000 92903 28280 79845 80527 34546 81366 70066 41640 79550 53916 33656 81676 83386 28852 82566 95306 37426 81343 100 990 78828 32420 80814
82260 28243 84583 74313 31606 95547 93846 37480 92783 72736 41252 96700 85223 31560 95116 76726 29332 93870 78520 37893 91920 88796 34960 94063 66613 30277 90550 85633 29316 98057 100 1237 80466 33191 93318
69300 28660 108663 82426 34575 127536 74403 33936 107353 75520 38663 109796 78740 32526 109182 81376 28440 106062 87916 28725 107780 70690 31236 107023 83896 37410 107095 69850 36017 105812 100 1485 77411 33018 109630
71540 29352 138383 78093 34216 136725 83523 35096 133740 78676 29266 134256 80510 33663 136480 73796 36586 138433 75826 34410 133176 70700 29163 137220 83240 29297 133602 46540 34476 133966 100 1980 74244 32552 135598
68760 35683 165713 63093 41183 163536 75473 59820 159833 65590 34996 159517 75340 30783 164270 62126 29923 157543 79510 28316 165616 72073 33750 164720 74113 29896 157350 65150 39540 160373 100 2475 70122 36389 161847
69490 28353 192277 65030 29973 187822 64296 73640 191336 75050 28956 193267 78900 36976 196456 59603 34710 191180 71950 36790 198230 65483 35540 190110 67246 35600 192816 72453 34566 190200 100 2970 68950 37510 192369
51053 30543 212546 75900 29576 212923 79070 39370 220880 70706 37153 219210 72850 29380 217356 67266 29290 219103 63620 44070 216690 56930 35020 220030 76773 29610 226533 61653 36263 227900 100 3465 67582 34027 219317
69263 33870 248185 65996 29356 244550 63073 36773 250653 67906 29396 270126 57386 43185 247663 62640 48490 253616 64450 30176 257540 61843 32993 247613 70360 29560 253445 66586 33476 249073 100 3960 64950 34727 252246
69550 36110 274822 67716 32516 274656 65713 31136 270792 61440 36976 265900 61133 31610 275523 59060 38110 277740 64373 46407 295053 57666 46046 272446 68850 78490 279302 74346 36793 270813 100 4455 64984 41419 275704
61210 35526 290406 68363 36070 288273 61103 31483 298513 62060 30676 295266 66743 30386 288307 77670 62096 275133 65323 33640 289156 68110 37633 288836 57093 30716 292980 69006 32083 286806 100 4702 65668 36030 289367
27763 27650 27773 27786 27573 27305 27623 27682 27663 27516 27526 27316 26863 26480 26972 27620 27540 27440 27670 27477 57610 37123 28520 27633 27580 27820 27207 27653 27525 27342 316 4 28519 27579 30426
28243 27676 28720 27826 27353 27273 27513 27663 27586 27536 27002 26203 28073 27583 27613 28162 27636 27360 27696 27490 26950 27783 27506 27613 27563 27506 27536 27946 27863 27756 316 14 27834 27527 27461
27590 27560 27240 27943 27933 27750 27646 27623 28372 27626 27613 27573 27986 27523 26866 27660 27570 27500 27536 27403 27533 29027 27540 28695 27203 27315 26946 27743 27643 27616 316 49 27796 27572 27609
27853 27513 27130 26713 27050 27740 26906 26573 26703 26840 26573 56383 33486 30140 26983 26756 26530 26526 27070 26723 27700 28010 27633 27466 27593 27386 27553 25640 26195 27090 316 149 27686 27231 30127
62993 53283 119500 286263 116563 116693 26946 27453 26983 76403 114936 118023 27200 27452 28106 27056 26553 27847 48876 116190 120836 54237 120826 122513 27813 26920 26707 126923 155846 117656 316 497 76471 78602 82486
798936 170263 192970 782445 78736 204746 1040653 174656 184296 27470 27320 28763 894906 153756 203045 983343 158020 190537 1020746 38303 202883 1103667 194730 194696 1205320 191086 202840 390936 182067 196436 316 995 824842 136893 180121
1241666 125926 372066 1225116 138682 377122 1205763 172603 368303 1216266 127863 393872 1169547 177466 369230 1349390 133590 378367 1093236 138876 376026 1165430 142850 344566 1140716 134246 355773 1490420 30350 364463 316 1990 1229755 132245 369978
881640 100303 724686 858930 122283 730366 1013166 137560 709713 890700 151956 733806 925346 117433 714266 870560 118027 704026 858413 29693 692910 868623 56696 719263 1065847 65793 738276 724956 79000 718493 316 3981 895818 97874 718580
687233 149256 905193 845683 30563 878623 798840 32050 878203 883950 70320 882230 808083 142316 920073 810923 83443 914373 857572 171633 878936 937243 96706 898896 664250 135383 903556 806142 126956 908530 316 4977 809991 103862 896861
753466 81886 1331153 594910 168496 1355183 839656 124920 1322276 716830 86593 1342306 660396 83160 1354490 760216 136653 1342730 753623 32390 1313290 611713 113166 1374426 741620 164100 1352093 676710 156592 1369170 316 7465 710914 114795 1345711
645250 106240 1896800 693940 142356 1847866 608003 32427 1866103 728933 132576 1882060 629163 71626 1858713 647326 32607 1881233 732246 104266 1946683 735510 46807 1831996 657196 118993 1810063 692440 55530 1844083 316 9954 677000 84342 1866560
645780 146356 2444480 641110 166747 2491093 616370 145030 2377270 702046 119743 2416373 638660 158063 2478560 656853 34375 2556802 521433 43996 2388673 627286 146250 2508496 576573 85416 2423826 730087 131887 2443010 316 12442 635619 117786 2452858
548086 35720 2947350 564653 156586 2967863 588256 104807 2873713 650523 118243 2938466 628743 154930 2950023 518020 101946 2949933 612860 131160 2921293 615036 116293 3029173 605406 41663 2975416 558853 118270 3088716 316 14931 589043 107961 2964194
529380 37613 4644063 565096 84153 5233600 576640 147426 5566680 614243 138243 5786790 485800 156330 8109676 519516 41720 8234173 538803 146350 6005240 606966 35536 4531516 454212 134933 7127520 623740 93986 6015243 316 19908 551439 101629 6125450
559863 193716 12250403 591343 177536 11355826 473206 132733 11016766 489776 98633 13180503 535743 39806 12094826 532556 48460 11405580 487946 128216 12773080 532463 61733 12949967 508610 142896 12990770 491643 39393 10117513 316 24885 520314 106312 12013523
530573 122506 15637230 478946 50393 16471420 515446 49016 16813446 547853 161353 17243836 455966 154410 17194096 495946 165190 17571376 483526 133710 17186000 452173 94070 17148615 518846 82083 15240446 497763 186493 16580990 316 29862 497703 119922 16708745
518513 43650 20866545 479230 154556 25832983 485533 80660 24369813 519136 174006 20386662 508913 199400 21832095 518553 53490 19952033 491092 45960 20815753 492153 44683 20130826 463120 142423 21611940 468293 198353 22434120 316 34839 494453 113718 21823277
509006 227860 26736316 497586 167680 26042890 517956 176060 28153013 473270 44920 24509883 490083 179350 27175480 477833 73433 25581387 483916 62713 26435940 467673 46813 25546056 633236 46120 25133596 595943 186786 26101555 316 39816 514650 121173 26141611
451470 68656 31573073 475630 51400 30109710 511196 79020 30378446 473980 51470 29863810 436776 48530 29597373 465913 227580 31077292 481806 69026 28312820 497573 80080 29669443 495220 157303 30217636 499760 54950 29481840 316 44793 478932 88801 30028144
479180 57643 31424827 469200 155860 32946367 590740 246660 32694223 430843 63163 32637110 462516 51385 33346856 518900 134656 33094702 495650 86675 30859046 449633 105720 31100316 458940 133923 33046357 517790 202816 32809303 316 47281 487339 123850 32395910
27833 27653 27852 55180 50653 27110 27683 27600 26946 26706 26280 26116 27233 26610 26236 27640 27236 27370 27506 27560 27646 29440 27920 27506 26613 26583 26663 26606 26606 60450 1000 49 30244 29470 30389
27853 30000 29120 28465 26466 27483 26890 26733 26433 26550 26576 27283 26656 26480 26522 27123 27496 27340 27206 26533 26433 26783 26810 26546 28945 27695 27470 27823 27386 27476 1000 149 27429 27217 27210
26233 26213 26673 27570 26555 27067 27356 27490 28265 27513 26580 27153 27290 27346 26716 26840 26590 26650 27593 27910 41772 27846 27296 27446 26603 26453 27497 27470 27526 27417 1000 499 27231 26995 28665
321903 564526 973113 27423 26853 32356 27536 27456 31320 28143 27070 31635 732007 793140 1060036 401016 1015766 956273 532552 1133107 913116 27566 27760 32460 923776 816200 936616 27922 26880 30560 1000 1498 304984 445875 499748
2916716 987836 3908166 2860860 364383 2834397 2955836 774900 2792706 2942773 893770 2835453 3009895 493505 2835520 2978803 1136393 2793860 3015670 1188160 2769496 2880050 826826 2933085 2931133 1142513 2797903 2993063 55872 4491247 1000 4995 2948479 786415 3099183
4350490 779173 5813070 4272853 1145326 5976905 4608887 888606 5741332 4670975 660160 5966653 4828923 751503 6207116 4881660 587673 10108106 4787893 972866 6026973 4427093 331410 5844566 4693676 674603 5864046 4483440 640543 5910723 1000 9990 4600589 743186 6345949
8735012 260233 16548366 8593375 898087 16406470 7879373 823640 21142483 8884485 866200 16746573 8258486 967693 16582900 8287825 892693 18725663 8753763 725436 20496726 8013280 753070 17058453 8063476 757030 20677927 7409936 803113 17427003 1000 19980 8287901 774719 18181256
7849170 746133 78178026 8652150 676966 75734720 7809967 45680 75830512 7832400 709726 77149893 8805750 770640 76667783 8234503 446845 76643910 8192753 234110 74189323 8635186 624565 75130696 8320973 378377 75732450 8588416 769970 77180550 1000 39960 8292126 540301 76243786
7795756 591080 26179725 7582200 167430 100000000 8312915 557783 100000000 7882293 746253 100000000 7760903 423460 100000000 7884122 484400 100000000 7567060 688976 100000000 7780670 602716 100000000 7615076 992956 100000000 8125847 55076 100000000 1000 49950 7830684 531013 4557430888798830399
7078760 517116 100000000 7343596 926606 100000000 6966075 690246 100000000 6867410 516940 100000000 7038353 641413 100000000 6903126 68203 100000000 6606120 755456 100000000 6754530 773690 100000000 6959963 70230 100000000 7013900 1049342 100000000 1000 74925 6953183 600924 4557430888798830399
6041936 106190 100000000 6406110 83716 100000000 6437556 632146 100000000 6396396 1114585 100000000 6003156 80166 100000000 6142196 741966 100000000 6536455 912807 100000000 6775006 790560 100000000 6282990 399173 100000000 6238120 1108970 100000000 1000 99900 6325992 597027 4557430888798830399
6292532 1228063 100000000 5980190 708916 100000000 5464440 697263 100000000 5870077 115800 100000000 6113717 804086 100000000 6296526 91813 100000000 5750543 1136656 100000000 5741886 582123 100000000 5668683 1223053 100000000 6279486 778676 100000000 1000 124875 5945808 736644 4557430888798830399
5518542 122023 100000000 5283802 1060586 100000000 5094483 105840 100000000 5506300 904140 100000000 5547910 963893 100000000 5332150 607663 100000000 5688810 100776 100000000 5557860 387330 100000000 5250960 1043895 100000000 5533450 1079046 100000000 1000 149850 5431426 637519 4557430888798830399
5478900 512090 100000000 5126455 170600 100000000 5397697 1231257 100000000 4947707 134046 100000000 5395143 216103 100000000 5026193 1559326 100000000 5252810 352726 100000000 5288050 998106 100000000 5681347 1219006 100000000 5577193 137663 100000000 1000 199800 5317149 653092 4557430888798830399
4976523 1551546 100000000 4560813 1045380 100000000 5101420 156693 100000000 5331346 1291996 100000000 4984723 572853 100000000 5072293 158606 100000000 5187736 145605 100000000 5228956 166035 100000000 5238190 1837746 100000000 4550680 161986 100000000 1000 249750 5023268 708844 4557430888798830399
5072760 1424126 100000000 5320490 228107 100000000 4612270 488613 100000000 4996923 205710 100000000 4655086 991476 100000000 4795993 1577390 100000000 5061520 945797 100000000 4982193 985873 100000000 4992716 1584893 100000000 4796990 1593070 100000000 1000 299700 4928694 1002505 4557430888798830399
4590843 1697816 100000000 4612536 1038756 100000000 4769473 1604700 100000000 5083100 1700173 100000000 4946262 268112 100000000 5011190 697616 100000000 4771262 759956 100000000 5134580 190786 100000000 4802866 1184420 100000000 4540285 205320 100000000 1000 349650 4826239 934765 4557430888798830399
4797643 1401403 100000000 4480833 213506 100000000 4773050 1846510 100000000 4699710 222586 100000000 5063906 242015 100000000 5060570 1611163 100000000 5103527 210223 100000000 4902393 1907056 100000000 4952923 682390 100000000 4351336 254230 100000000 1000 399600 4818589 859108 4557430888798830399
4770096 1240573 100000000 4622745 1454296 100000000 4779187 295656 100000000 4482383 299643 100000000 4518853 562790 100000000 4975072 1784723 100000000 4717006 339620 100000000 4657660 1171443 100000000 4719800 1377570 100000000 4698693 1150736 100000000 1000 449550 4694149 967705 4557430888798830399
4900722 1004883 100000000 4470203 599446 100000000 4706330 1414813 100000000 4531495 1243082 100000000 4720933 265890 100000000 4685576 1265630 100000000 4688246 357786 100000000 4698682 1049053 100000000 4960750 292283 100000000 4681207 1924150 100000000 1000 474525 4704414 941701 4557430888798830399
27840 27620 27870 27772 27526 27800 26403 27006 27955 27516 27566 27390 27470 27716 27670 27506 27220 27383 27250 27020 27936 27083 27580 27266 27546 55660 31990 26766 26440 27290 3162 499 27315 30135 28055
28033 27686 34176 26696 26913 30160 56810 27403 32010 26553 26556 31287 27653 27090 30213 27523 27243 31377 27073 26745 30755 26650 26900 31136 26783 26576 29582 27466 27470 31003 3162 1499 30124 27058 31169
25633 25266 37976 894163 1843283 9336810 1522980 1865216 16168496 1336857 1853873 32295856 1427175 1852553 10534863 26606 26560 41226 1338046 1829460 11704036 27466 27697 35863 1358337 1840956 9604726 28096 27616 39033 3162 4997 798535 1119248 8979888
3421540 3705070 96424992 3432823 3748103 80596106 3467390 3881792 48572466 3524516 4032730 60846263 3462846 3809717 84361420 3539246 3777350 82265362 3524760 3819130 45699483 3711512 3972820 30448225 3493950 3882483 100000000 3454430 3740033 100000000 3162 14992 3503301 3836922 4557430888798830399
18789946 5412463 100000000 18715167 7728200 100000000 15856883 6018693 100000000 17364743 6939736 100000000 16415935 7150320 100000000 18315670 64776 100000000 19436420 7657893 100000000 18668086 8343290 100000000 14610580 6879456 100000000 19338482 6290375 100000000 3162 49975 17751191 6248520 4557430888798830399
33000695 6138490 100000000 30159976 6588293 100000000 31995756 5354476 100000000 29675682 5176517 100000000 33163197 5885270 100000000 33511342 7233736 100000000 33650972 6456353 100000000 33194402 4546106 100000000 32594100 6664703 100000000 30143806 6053630 100000000 3162 99950 32108992 6009757 4557430888798830399
54344477 7158395 100000000 55214830 4817975 100000000 54079807 6671042 100000000 53634646 6696250 100000000 54871260 128990 100000000 53849353 7279646 100000000 54528980 6819190 100000000 56587010 4570396 100000000 55027823 7293392 100000000 54131746 6611093 100000000 3162 199901 54626993 5804636 4557430888798830399
70778846 6386896 100000000 82382150 3599280 100000000 79484972 7061483 100000000 74156000 3353686 100000000 81436763 4348297 100000000 77394376 5131506 100000000 81119276 6808043 100000000 81466280 7073040 100000000 79806943 7031252 100000000 78848086 6360883 100000000 3162 399803 78687369 5715436 4557430888798830399
72713785 3224537 100000000 71383833 8270076 100000000 71177547 8620006 100000000 69391232 9791850 100000000 74190696 8283307 100000000 69938253 518912 100000000 68225430 8097890 100000000 72281370 511496 100000000 71198960 8826583 100000000 74747997 1362830 100000000 3162 499754 71524910 5750748 4557430888798830399
66537305 6192743 100000000 65847396 10300316 100000000 69097740 7319363 100000000 67822386 8592632 100000000 71006850 7739920 100000000 71218903 9659083 100000000 71602493 7778590 100000000 69576543 9919992 100000000 70567463 7590663 100000000 67179133 931660 100000000 3162 749631 69045621 7602496 4557430888798830399
70360630 5467706 100000000 67737056 835313 100000000 71323010 4634696 100000000 70534950 950160 100000000 70780676 1008233 100000000 71016070 8289985 100000000 69240902 9368140 100000000 70842190 1109366 100000000 70895466 8592766 100000000 70116590 7485180 100000000 3162 750000 70284754 4774154 4557430888798830399
28382 27553 100000000 27730 27453 100000000 27610 26563 100000000 27896 27047 100000000 27540 27682 100000000 27496 26523 100000000 27833 26565 100000000 26893 26337 100000000 27680 27496 100000000 28615 26516 100000000 10000 4999 27767 26973 4557430888798830399
1690670 2484156 100000000 27613 27396 100000000 27720 27437 100000000 28086 26486 100000000 1644293 2462876 100000000 1678770 2425283 100000000 29187 27630 100000000 1670886 2411210 100000000 1618420 2463890 100000000 1652833 2363770 100000000 10000 14998 1006847 1472013 4557430888798830399
4490896 5228650 100000000 4530750 5296840 100000000 4717346 5136033 100000000 4533300 5064525 100000000 4749406 5145960 100000000 4477640 5187632 100000000 4479972 7224267 100000000 4500086 5278235 100000000 5958700 8570593 100000000 4543970 6093810 100000000 10000 49995 4698206 5822654 4557430888798830399
21515050 21492647 100000000 21400967 21453777 100000000 21364430 21537623 100000000 21413546 21458170 100000000 21497786 21612070 100000000 21499920 21638587 100000000 21616900 21728900 100000000 21551026 21706486 100000000 21450306 21744493 100000000 21378453 21785236 100000000 10000 149985 21468838 21615798 4557430888798830399
53853033 50531343 100000000 54306785 51071366 100000000 54258943 50821012 100000000 54507580 50962863 100000000 54044973 50875953 100000000 53597800 51183242 100000000 53754326 51333993 100000000 54890706 51299546 100000000 53808700 51184497 100000000 54406303 364693 100000000 10000 499950 54142914 45962850 4557430888798830399
76910726 56595093 100000000 76585027 62348076 100000000 77486360 57810150 100000000 76603866 54471183 100000000 76681040 67923090 100000000 76643760 65695096 100000000 77055740 58704310 100000000 77218833 63131060 100000000 76422965 61600867 100000000 76846030 60655827 100000000 10000 750000 76845434 60893475 4557430888798830399
28690 27553 100000000 28373 27066 100000000 2405466 4134456 100000000 2513743 3978590 100000000 2442900 4106433 100000000 27616 27473 100000000 27533 26940 100000000 2568705 4253292 100000000 2478366 4014462 100000000 27430 27363 100000000 31622 49995 1254882 2062362 4557430888798830399
6465053 7901893 100000000 6469543 8510386 100000000 6710016 8190253 100000000 6546140 7972143 100000000 6625280 8087726 100000000 6685925 9145450 100000000 7556316 8094570 100000000 6678132 10062363 100000000 6656343 8318936 100000000 7405133 8404580 100000000 31622 149987 6779788 8468830 4557430888798830399
25985240 26490866 100000000 26466577 26945213 100000000 27226277 27717972 100000000 27149680 27457103 100000000 27244773 27289353 100000000 27207116 27489400 100000000 26927726 27334382 100000000 27247400 27722160 100000000 27202566 27500776 100000000 27169163 27404080 100000000 31622 499959 26982651 27335130 4557430888798830399
35921580 34499566 100000000 36413513 34756506 100000000 36585710 35026313 100000000 36896177 34899833 100000000 36550800 35003356 100000000 37245550 35749850 100000000 37132236 35247836 100000000 37198166 35164330 100000000 37465483 35687123 100000000 37977093 35326123 100000000 31622 750000 36938630 35136083 4557430888798830399
