27226 27520 27150 27160 27096 27216 27870 27186 26950 27196 27166 27502 28090 27627 27237 27530 27246 27460 27510 27580 27465 27710 27486 27090 27490 27633 56996 38983 34200 27246 3 1 28676 28074 30231
27370 27446 27740 27416 27496 27556 27526 27240 27150 27566 27250 27392 27513 27510 27383 27620 27260 27150 27066 27166 27123 27286 27396 27400 28152 27745 27446 27810 27596 27140 3 1 27532 27410 27348
27733 27413 27572 27543 28253 35746 27250 27033 26953 27625 27070 27113 27426 27777 27550 27743 27496 27493 27193 27093 27263 27466 27090 27476 27540 27550 27600 27826 27780 27560 3 1 27534 27455 28232
28947 27716 27273 28017 28573 28210 29083 27513 28063 28982 29640 28290 27720 27540 41855 27483 27533 27210 26616 27410 27473 27536 28313 27323 27366 27136 27140 28226 27473 27413 3 2 27997 27884 29025
28147 27306 27397 27533 27566 27523 27676 27535 27396 27603 27580 27486 27660 27590 27503 27730 27482 27530 27603 27236 27210 27807 27686 27477 27506 27580 27396 28076 27310 27400 3 2 27734 27487 27431
27987 27440 27633 27830 27490 27403 27483 27486 27376 27600 27686 27536 27620 27522 27646 27736 27086 27076 27513 27506 27470 27556 27550 52313 27693 27583 27513 27506 27655 27283 3 2 27652 27500 29924
27376 27503 27436 27463 27426 27406 27673 27595 27687 27573 27516 27583 27633 27443 27526 27386 27446 38716 51977 55250 53995 27403 26950 26790 26776 26890 27303 27163 27060 27245 3 2 29842 30107 31168
26882 26960 27115 27406 27573 27676 27695 27263 27342 27400 27686 27546 27383 27676 27472 27733 27533 27562 27583 27503 27410 27726 27690 27485 27566 27595 27530 27963 27983 27536 10 1 27533 27546 27467
27763 27600 27523 27696 27700 27513 28070 27473 27810 27436 28203 28786 27493 27103 27390 27896 27496 27463 27536 27573 27246 51496 36413 27390 27006 27140 27226 27486 27613 27673 10 3 29987 28431 27602
27493 27536 27333 27790 39556 39226 27476 27526 27536 27716 27622 27560 27503 27540 27426 26816 26680 52982 27043 27456 27463 27553 27807 27496 27390 27090 27486 28110 27610 28497 10 4 27489 28642 31300
27510 27477 27532 27300 27383 27216 27630 27593 27515 30256 27253 27726 27903 39862 36496 27660 27200 27505 28125 27633 27640 27846 27263 27206 27633 28026 27225 27180 27080 27040 10 6 27904 28677 28310
27553 27522 27833 27646 27443 27363 27640 27396 27380 27516 27710 27703 28113 27380 27363 27583 27333 27156 29315 27697 27403 27773 27512 54136 27436 27707 27360 27553 27450 27356 10 9 27812 27515 30105
29110 27410 27483 27563 27500 27463 27570 27510 27643 27550 27380 27330 27786 27642 27340 27526 27483 27456 27603 28507 66066 27636 27515 27457 28810 27203 27340 27583 27600 27600 10 11 27873 27575 31317
27616 27973 27156 27530 27556 27540 27773 27506 27323 27990 27176 27345 27890 27485 27436 27516 27413 27483 28250 27610 27636 27630 27513 27573 27660 27570 27552 27943 27516 27530 10 13 27779 27531 27457
27753 27590 27640 27526 27813 27520 27533 27490 26493 26710 27262 27463 27776 27523 27543 28307 27566 27922 27466 27663 27536 28010 27500 27830 27613 27420 27313 53816 27590 27840 10 18 30251 27541 27510
28033 27510 27473 27930 27230 27302 27593 27697 27472 33230 41045 27290 27673 27223 27013 27190 27230 27446 27616 27463 27500 27386 27270 27146 27793 27370 27296 27800 27536 27536 10 22 28224 28757 27347
27686 27712 27566 27646 27640 27657 27300 27093 28752 41387 27483 27546 27616 27600 27562 26890 26592 26762 27260 27530 27513 27663 27260 26990 27906 27636 27673 27556 27466 27520 10 27 28891 27401 27554
27516 27616 27303 27353 27436 27230 27553 27417 27536 28110 27393 27386 27760 27665 27233 27576 27453 27613 27613 27483 27253 27583 27303 27340 27836 27506 27523 27706 27530 27443 10 31 27660 27480 27386
27393 27093 27086 27533 27582 27536 27523 27767 27626 27683 27526 27543 27556 59780 27543 27813 27735 27550 27593 27407 27206 27796 27607 27490 28340 56076 27473 27603 27693 27563 10 36 27683 33626 27461
27920 27336 27240 27316 27440 27460 29027 27880 45806 27800 27036 27150 27940 27510 27506 27503 27493 27236 27583 27530 27300 27633 27500 27480 27626 27640 27590 27743 27595 27186 10 40 27809 27496 29195
27690 27543 27503 39977 36526 27570 27670 27740 27913 27870 27226 27460 27926 27603 27447 27756 27626 27612 27236 27255 27280 27383 27113 27123 27610 27453 27426 27996 27565 27603 10 42 28911 28365 27493
27430 27393 27520 27613 27413 27436 28100 27535 27630 27992 27280 27345 27526 26803 27293 27516 27606 27600 27516 27600 27635 27760 27533 27480 27716 26860 27437 43980 37790 27745 31 1 29314 28381 27512
27500 27436 27480 27503 27503 26503 27157 26486 26483 27523 62046 27527 27376 27323 27476 27676 27587 27573 27536 27500 26646 26543 26386 27013 27450 27350 27522 27596 27540 27480 31 4 27386 30715 27170
29165 27530 27550 27866 27526 27536 27523 27455 27556 27540 27476 27643 27795 27586 27730 27613 27503 27455 27693 27476 27610 45265 27506 27516 27470 27250 27383 27376 27533 27566 31 9 29530 27484 27554
27506 27760 27562 27543 27720 27545 27593 27360 27233 27873 27583 27570 28086 27080 27110 27870 27583 33253 39796 27566 27573 27836 27566 27516 28162 27523 27477 28200 27702 26660 31 18 29046 27544 27949
57210 27526 27246 28070 27646 27386 27786 27446 27643 27766 27483 27337 27940 27376 27556 27546 27563 27566 27436 27270 27380 28220 27635 27380 27600 27346 27380 27686 27486 27466 31 37 30726 27477 27434
27726 27510 27356 27736 27190 27233 27520 27890 27753 29046 65743 27643 27890 27596 27630 27486 27746 27265 27700 27573 27533 27626 27642 27363 27853 27847 27756 27523 27540 27490 31 46 27810 31427 27502
27570 27560 27550 27820 27670 27653 27776 27636 27756 27756 27780 27962 27680 27563 27576 28023 27640 27750 27623 27790 55256 31336 29630 27796 37603 27626 27596 27633 27440 27423 31 69 29082 27833 30431
43112 33543 27673 27953 27453 27822 27610 27942 27696 27536 27773 27946 38067 34066 27633 27506 27623 27670 27616 27672 27070 27546 27533 27593 30282 44430 27750 27406 27890 27616 31 93 30463 30592 27646
27730 27540 26935 27040 26650 26716 27836 43812 27973 27726 27546 27910 27736 27793 27636 27870 27593 26710 26876 27473 27530 27576 28080 27750 27896 27436 27550 27916 28062 27573 31 116 27620 29198 27428
27623 27926 27673 29033 50753 27647 27680 27876 29095 27786 27713 27320 27720 26673 26780 26923 27023 27650 27670 27816 28090 28283 27483 27520 27730 28026 28180 27646 27963 28066 31 139 27809 29925 27802
27606 28076 27420 27700 27733 27833 27623 27803 27696 27776 27896 27853 41102 51736 48126 30017 27573 27670 27663 28240 28513 27700 34233 58112 41382 27366 27836 28526 28173 27823 31 186 30709 30882 32888
27710 27867 27942 28486 27880 28030 27283 27767 27710 27900 27843 28463 27806 27937 27800 28160 28233 35490 27730 28095 28096 27726 27736 27967 27630 28213 27756 27663 27730 27905 31 232 27809 27930 28715
27506 27770 27580 27646 27850 27803 27586 28073 28060 27850 27836 27803 28066 28767 27945 28223 27766 28052 28150 27832 27826 27996 27860 28217 28322 27630 58783 56940 28220 28220 31 279 30828 27960 31028
28236 27990 27856 28070 27940 29176 29745 64740 27980 28146 27996 28070 27780 27893 28150 27886 28363 28246 33583 39840 27886 27706 27702 27900 27893 28020 28566 27740 27870 28036 31 325 28678 32835 28186
28620 27656 28253 27826 27703 28090 27896 28463 27876 27600 27867 27617 27990 33383 28110 28033 28113 27936 27843 27850 27777 26923 26803 27063 27596 28070 57266 27830 28297 28213 31 372 27815 28420 30820
27890 28053 28296 27530 27062 27116 27780 49516 28936 27926 28172 28106 27690 27775 28040 27810 27947 27950 52270 28040 28366 27973 27963 28130 27956 28026 28113 26736 27065 28070 31 418 30156 29961 28112
28636 28060 28260 28173 28130 29450 28063 28150 28520 27776 28080 28422 27060 27796 28297 27913 28413 28333 28086 28180 28263 27723 27863 27980 27766 28086 28066 38330 27826 28407 31 441 28952 28058 28399
27790 27642 27015 27543 27493 27486 27556 26566 26566 27683 27586 27900 27726 27403 27393 27376 27345 27263 27236 27226 27023 27783 27566 27310 27423 27340 27513 27970 27210 27670 100 1 27608 27337 27313
27540 27543 27680 27500 27643 27100 27263 27600 27013 27700 27436 27003 27570 27660 27433 27553 27456 27593 27890 27100 26656 27146 27586 27440 27636 27633 27556 27733 27552 27616 100 4 27553 27520 27309
27716 27493 27133 27596 27563 27630 65826 27540 27126 27633 27587 27443 28072 27796 27646 27980 27230 27392 51816 27533 27523 27983 27470 27736 27486 27930 27560 27546 27443 27363 100 14 33965 27558 27455
27723 27533 27533 27643 27540 27166 27486 27597 27386 27666 26970 26953 27780 27520 27420 27573 27273 27476 27613 27283 26253 26903 26520 27436 27656 27660 27472 26806 26860 26076 100 49 27484 27275 27117
27726 27633 27593 27826 27496 28153 27810 27466 27826 27723 27355 27586 26336 26490 26616 27536 27320 27436 27533 27500 26443 25250 25410 26856 27576 43303 27732 27720 27513 27870 100 99 27303 28748 27411
28787 28185 28317 26906 26463 26200 27973 49860 28240 27726 27767 28080 27816 27512 27573 28090 27636 27870 27320 27650 28310 27656 27546 27647 28907 28646 29740 27490 27866 26687 100 198 27867 29913 27866
26813 27570 27440 46746 28570 28313 27500 28170 28020 27156 27083 27626 28023 27580 33810 27796 28405 28843 27870 28033 28196 27613 28240 27870 27850 28226 41207 27693 28133 28540 100 396 29506 28001 29986
28060 28953 28766 28046 28870 28753 27730 27103 27400 56596 28210 28456 28186 28116 28140 27873 28430 29215 28226 28906 29463 28533 28893 28613 28000 28030 28472 28083 28110 28395 100 495 30933 28362 28567
28190 28360 29330 58080 42555 28416 28436 29236 28743 28776 29243 29003 28520 30760 58563 35903 29923 30173 28696 28546 28763 28263 28343 31013 28390 29997 28606 28956 29542 28726 100 742 32221 30650 32133
29690 28873 29666 29243 30433 29850 28710 30223 29846 28093 30106 29840 29210 30075 29483 28513 58733 30763 28680 29273 29050 28663 28593 29312 28240 28460 28916 28766 29086 32033 100 990 28780 32385 29875
29500 29300 29560 28163 29160 28436 28993 31000 30320 31016 31370 30263 29990 28966 29453 29133 30586 29026 30877 31327 29883 29670 29046 30063 28350 29795 31133 28710 30282 29056 100 1237 29440 30083 29719
29550 32100 32040 30086 29850 30066 28726 31016 31636 31556 29783 31730 30683 31260 32970 29813 32330 31340 32560 29990 31370 30945 31750 31877 30563 32265 31110 30196 30726 30886 100 1485 30467 31107 31502
32506 35766 57175 32666 32776 35136 33100 32413 32330 33697 34406 32870 33473 34360 34160 31983 34433 34130 33650 33776 34380 30556 31716 34620 35996 32883 33976 34320 35045 33523 100 1980 33194 33757 36230
35326 36350 37303 33690 34810 37545 34683 37860 39583 34000 34552 38443 34857 34193 37376 36930 36053 38893 33860 35630 39705 34186 34403 37700 33920 33993 37040 33766 36512 37026 100 2475 34521 35435 38061
33910 36586 39736 35860 36903 40553 34255 36995 39213 35496 36256 37365 34476 35926 39786 33773 33255 42336 31433 33457 38245 35400 37870 40186 35470 35362 40553 35290 37113 38650 100 2970 34536 35972 39662
33823 33776 38486 35540 37822 43226 35066 35770 40802 36536 36743 43710 35923 36112 58640 34120 33250 40350 33196 33693 41736 34567 35726 38210 33050 34480 37130 33270 34475 39760 100 3465 34509 35184 42205
37746 40356 40430 37460 38402 43917 36533 37970 42470 36673 36802 41313 36470 37673 39326 36433 37510 41450 36940 36763 41510 36073 40307 41993 36286 36440 39557 35415 37263 43002 100 3960 36602 37948 41496
34406 36613 43453 37010 36237 42347 38146 38892 48173 38553 37310 40923 37060 38190 77120 35266 35097 40686 33420 31900 41970 37490 38992 46256 36906 38275 47905 38540 36986 47403 100 4455 36679 36849 47623
38306 38370 42990 38780 37645 44940 38113 38456 46460 37960 39096 67915 35620 40737 46033 37086 36820 47295 35446 36806 42696 37070 38167 45826 34930 37166 44376 33836 38017 41270 100 4702 36714 38128 46980
26766 26763 26483 27740 27133 27376 27642 26477 26583 26713 26236 26280 27286 26536 26120 26650 26633 27223 27566 27686 27783 27200 26516 26493 26790 26563 27790 27050 26857 26765 316 4 27140 26740 26889
42175 30116 26897 27446 27503 26763 26540 26973 26832 26900 26692 26066 25273 25156 27016 27640 27660 27667 27473 27455 26490 26560 26263 26106 26893 27110 27606 28066 51183 26253 316 14 28496 29611 26769
26563 26633 26243 26716 26900 26160 26813 26470 27367 26763 26556 27380 27196 27727 27565 27453 26260 25813 26863 26713 26230 26953 26186 26056 26663 27083 26540 26763 26423 27100 316 49 26874 26695 26645
26376 26466 26525 26606 26606 26176 26803 26573 26753 35660 27605 26673 26736 26520 26316 26540 26245 27120 26513 26490 26380 28466 53860 26486 26966 27793 26613 26830 26230 26310 316 149 27749 29438 26535
26720 26516 26826 27685 32913 41432 28413 27413 28886 29065 29875 28743 25443 25700 26676 27223 43757 32240 28746 29052 30190 27173 27750 27613 27513 27343 27335 27993 28253 29126 316 497 27597 29857 29906
29036 30113 29883 32976 33620 30256 32146 33116 30413 31393 33673 30260 31773 33786 29730 32020 33760 29892 31680 32630 30870 32916 33363 30590 33527 36716 31653 31056 34786 29796 316 995 31852 33556 30334
34720 38926 38886 35126 38443 38660 34830 42930 40172 35980 48706 39056 34516 41486 39740 34276 41797 36407 32620 42482 37002 31290 46440 37850 30080 60673 38610 33503 47886 40336 316 1990 33694 44976 38671
37116 48343 48803 38986 47430 47310 38280 50026 45756 41363 51673 49633 39103 49387 46392 39496 50293 45136 40200 45200 51040 43576 56707 49686 39313 54150 50583 38096 44620 47426 316 3981 39552 49782 48176
41636 49203 52136 36670 48076 49812 40033 60007 78667 40790 55853 50586 41136 61565 50573 38806 58673 51016 39506 49923 54420 41903 47010 52543 45155 52450 49912 40750 53656 51116 316 4977 40638 53641 54078
47330 64326 67600 44900 54860 58162 45186 59496 67386 46856 64496 68110 48503 65163 63890 47650 60360 67443 48703 54003 57820 44933 64920 58723 45406 61186 67193 47383 65390 63860 316 7465 46685 61420 64018
53626 66940 72990 50940 69406 75630 51260 58313 68430 48430 68920 72263 47540 65460 72530 55250 66906 80186 49590 59933 67236 55406 79906 75080 54567 65217 74016 50133 100172 76676 316 9954 51674 70117 73503
52780 68993 82883 49413 67496 90470 51126 78753 81926 57030 76986 83890 51990 59463 67390 53150 64990 83370 54310 67223 75406 49823 68103 83250 52550 71206 90806 56350 67016 81966 316 12442 52852 69022 82135
57110 68966 83915 52606 62620 84976 60863 74956 92936 54353 77906 110613 55413 60870 91316 52106 64060 108360 56850 65853 129206 54443 75993 92356 49743 64770 94100 54016 73326 96276 316 14931 54750 68932 98405
55046 76140 101080 65350 68776 111653 59376 74386 112953 59873 69140 105446 64110 88842 124036 61603 73936 100710 65086 74680 101866 59410 66083 111946 60173 76403 111666 57513 63483 99776 316 19908 60754 73186 108113
97750 93330 133526 74650 83846 150510 63776 65573 133283 71186 74090 132686 76446 95806 134666 68670 76726 134110 70093 99920 133860 65973 75443 133306 67040 76990 132393 71366 79213 134230 316 24885 72695 82093 135257
78533 87753 156970 68346 83313 138570 80590 90436 154930 78823 81413 156530 65320 84476 152813 77036 119777 153213 73473 101353 156195 67710 84093 137156 73366 83843 154560 76943 98903 171863 316 29862 74014 91536 153280
79796 87110 158096 86883 99760 176156 74853 85580 134220 79416 113320 198265 76590 87946 154070 83910 99320 156090 87386 94170 176853 74280 86863 194896 71960 87073 154083 70853 88756 157193 316 34839 78592 92989 165992
87370 104092 174790 92886 106260 197236 87420 98103 223682 86603 122670 177380 86496 99453 196596 85853 102696 185163 85396 102520 228143 93793 105930 198720 86860 111450 198553 92290 103403 199736 316 39816 88496 105657 197999
93680 96496 222536 101520 115466 222846 101523 122647 301433 94323 114710 223166 91060 103055 251556 91286 113046 251002 97690 113096 222266 96783 112320 222570 81030 95232 247116 93870 102796 248846 316 44793 94276 108886 241333
104766 111500 235000 103046 116736 263522 109863 109986 261350 103310 109643 290240 102423 111286 234670 88470 102386 206746 100033 126673 236645 98453 117007 206390 98286 121800 234850 98420 103432 205773 316 47281 100707 113044 237518
28640 27483 27456 27463 26490 26146 26613 26765 26802 27082 26646 25763 27580 27563 27460 27323 26563 27166 26646 26413 26603 27236 26856 26955 26723 26883 27115 27493 27456 28220 1000 49 27279 26911 26968
26650 26593 26360 26573 26303 26406 26483 26473 26576 26573 26436 31053 26910 27660 27613 27663 26543 26146 26693 26627 26560 26483 26402 27150 54490 27543 26513 26640 26543 26673 1000 149 29515 26712 27105
27156 27646 27683 26586 26720 26560 27053 26760 26670 27383 27463 27513 26576 26797 26623 26436 26440 27163 27156 27536 27406 27836 27906 27486 27580 26656 27540 27580 27590 27446 1000 499 27134 27151 27209
30130 32000 40773 27723 27456 29180 30100 33703 37662 29760 33623 43950 32930 35690 42356 26783 26650 30237 30707 35033 43720 27190 27226 29486 32027 33716 43170 27280 27576 31163 1000 1498 29463 31267 37169
46116 100080 62857 44980 117516 62237 44530 86253 66142 38270 99336 64835 46700 142482 67783 44046 88556 61655 50003 118593 66343 53662 98243 65655 49646 105650 66250 43283 108970 63383 1000 4995 46123 106567 64714
70123 129483 99062 72470 132943 93442 63880 111316 85512 67700 124460 97177 70950 132660 94900 72350 145166 96750 73140 136122 96087 69400 130050 96212 78823 136150 104766 69673 118720 94580 1000 9990 70850 129707 95848
93643 172810 153725 96367 169503 141996 100536 172273 144493 101746 144773 140750 98823 163056 159153 102836 150760 170593 112886 180253 169966 103280 159352 134253 99030 164770 153523 114550 214690 162873 1000 19980 102369 169224 153132
149506 247643 285746 171922 250760 285086 147945 208860 277687 141870 225835 282136 129253 202880 247597 143000 237790 251946 146223 210776 253323 157293 248253 258197 143206 219090 228190 155120 212626 300756 1000 39960 148533 226451 267066
155090 226700 281707 164196 248970 335866 183526 267873 284232 166743 271113 377525 160530 222123 308530 156350 229350 339137 170690 245607 313976 166020 275143 343366 198753 222253 305856 172600 235830 315286 1000 49950 169449 244496 320548
188056 287280 491590 220443 294660 426983 218206 348432 525626 196283 307460 441183 224613 311553 387933 187616 275330 432052 240626 336413 486876 211720 310290 441887 200023 253826 481480 225393 322300 496970 1000 74925 211297 304754 461258
282456 347220 564430 271083 368103 628260 247970 314800 625450 240383 274830 498366 241983 303596 435356 259843 357606 699370 248293 306583 504546 247336 341503 515203 254703 338880 571556 241640 304583 636323 1000 99900 253569 325770 567886
279806 368823 706985 309463 383263 808727 343190 390385 822790 311913 443157 788126 289393 422023 776436 263066 361816 830962 306433 374413 703056 274933 437816 698963 295723 356235 696266 300176 405293 844610 1000 124875 297409 394322 767692
301776 391660 667157 332516 390535 811490 331756 395393 862596 369580 450626 865163 342383 410790 778562 308440 375650 872076 358610 470617 885463 346060 395813 947570 358246 412916 871720 346336 388316 929730 1000 149850 339570 408231 849152
454953 574876 1364810 432156 573046 1199556 405556 619463 1193503 387730 590943 1160483 392530 501422 1302943 447220 473340 1207180 424945 433970 1429836 459553 526480 1262150 423373 532790 1251780 398300 458822 885270 1000 199800 422631 528515 1225751
500890 580686 1416515 696370 721537 1953245 506956 644473 1649276 554192 553513 1476130 504610 668843 1631140 476363 594786 1606376 537137 529103 1353546 531793 569553 1163956 504176 561830 1301210 595040 796013 1458910 1000 249750 540752 622033 1501030
561426 642103 1726703 639193 654000 1759176 643756 883813 1735656 623283 728743 2000633 564716 720146 1759227 554320 618306 1576106 582986 714963 1567363 637760 758482 2418970 628650 855660 1903316 616976 720673 1508710 1000 299700 605306 729688 1795586
670972 824860 1778195 581543 728756 1795937 620136 745490 1778970 688163 766243 2365543 625150 867053 2281510 605973 802900 1794535 669760 751120 2011816 658536 722840 2079902 644385 672773 2036436 576556 786010 1977666 1000 349650 634117 766804 1990051
719190 865900 2071125 686463 786190 2092266 728320 917733 2350636 688786 869163 2619447 673093 948560 2077653 638396 829253 2137033 670013 801070 1961216 737830 855806 2128766 733760 828213 2325456 686470 775145 2057673 1000 399600 696232 847703 2182127
723040 911996 2607013 791886 906673 2360783 772023 902296 2281410 740560 769910 2413550 850812 982213 2335385 872346 918933 2686746 828680 1049270 1982676 798327 996032 2671720 736476 789360 1940476 764160 896826 2639850 1000 449550 787831 912350 2391960
887516 1005730 2465540 742163 819733 2723623 755496 877480 2387063 719053 886470 2415240 829120 1014550 2494895 967736 1233006 3077013 805263 936346 2444375 818476 1001913 2375116 869173 979500 2811066 814296 898616 2495527 1000 474525 820829 965334 2568945
26960 26486 26520 26656 26316 26837 26666 27273 27950 26633 26610 28053 26616 26473 26646 26726 26233 26720 27746 27503 27513 27516 27700 26933 26530 26483 26790 27103 27560 26423 3162 499 26915 26863 27038
26916 27260 29916 27900 27530 32100 26993 26635 30850 26856 26665 33153 27480 27643 31240 26746 26603 31300 28135 26717 29763 27343 26676 30573 26923 26493 30650 26936 26626 29683 3162 1499 27222 26884 30922
40173 84013 94540 37660 84966 95180 27873 27620 33790 38503 79143 79903 35590 79020 87096 40880 89900 90310 35990 82980 96780 35550 103817 91267 40970 94846 90392 27506 27585 35533 3162 4997 36069 75389 79479
165490 350697 163070 154570 341010 173190 172533 388743 176713 230326 432693 202873 175443 352246 176900 162470 381460 183400 213702 386873 212595 174140 383466 177960 173516 405770 177713 156230 402840 165502 3162 14992 177842 382579 180991
324083 594670 509996 318013 526717 453837 351123 646410 500690 346580 671566 486603 319450 561707 523535 345196 563900 471333 308540 567502 447853 334643 682010 455116 309963 569320 474250 335136 503430 474800 3162 49975 329272 588723 479801
491616 827353 788423 462573 714066 836090 498410 799430 743020 470056 858210 729696 549330 803500 786010 472530 870173 733846 565333 800146 742200 499340 791133 724453 503433 797143 727960 556896 969770 872876 3162 99950 506951 823092 768457
726076 1035672 1569436 779983 1170700 1649055 743880 1051560 1652645 734953 1110927 1450003 742093 1156596 1554625 735110 1062086 1572843 745036 1168686 1649985 760400 1239792 1486913 771450 1315022 1769550 821573 1330700 1869036 3162 199901 756055 1164174 1622409
1138806 1553473 3121705 1379580 1712940 3725430 1137686 1570426 2480936 1264383 1602396 2978920 1038960 1551717 3093993 1108733 1642736 2740723 1040373 1489230 2732030 1172910 1955043 3098577 1123390 1817413 3027460 1223805 1792770 2431380 3162 399803 1162862 1668814 2943115
1282533 1980150 3105913 1284286 1572857 3858497 1413613 1859600 4687916 1336960 1853580 3543150 1494206 2061680 4164643 1334776 1864340 3480963 1342663 1819966 3729386 1478862 2210750 3724823 1529500 1906250 4189220 1445245 2371780 4220150 3162 499754 1394264 1950095 3870466
1895425 2560483 5576216 1855953 2229296 5465802 1688383 2403210 5555862 1732203 2485110 5953390 1705396 2548113 6199430 1594116 1944183 5414470 2103062 2997843 6542075 1657933 2176176 5472892 1855436 2027076 5601217 1879980 2389323 5391926 3162 749631 1796788 2376081 5717328
1743650 2192083 5344173 1868903 2736123 5471296 1785012 2511830 5992230 1876643 2696463 5458250 1684470 2319290 5515953 1751950 2273160 7289923 1725740 2314983 5380336 1832860 2077535 5593303 2032142 2558856 6455776 1783956 2338153 4892615 3162 750000 1808532 2401847 5739385
27483 72595 56535 27456 26396 34756 27243 27056 36420 27690 27660 33445 37040 34960 37006 27446 27392 33733 28950 27610 35223 26616 27982 40326 27616 26940 33486 27666 27257 32030 10000 4999 28520 32584 37296
27633 27770 39473 124006 283823 251850 125460 300747 292900 27863 27303 48553 131480 346342 266086 27500 27496 39276 140110 272950 259586 149613 298656 311640 124016 301250 325086 27516 27926 38907 10000 14998 90519 191426 187335
666896 1725450 637000 596500 1576903 741107 656970 1580480 692510 648566 1582643 621903 655846 1677376 704910 649670 1884876 721740 662870 1573786 601473 666010 1616120 653626 658390 1780290 634433 721236 1690063 727455 10000 49995 658295 1668798 673615
1337786 2821223 1874423 1296170 2784953 1864193 1214533 2549763 1713383 1491886 2967480 1832575 1203486 2088533 1566970 1334313 2436343 1961890 1281247 2466836 1668915 1252293 2258027 1511093 1246780 2486440 1692243 1258226 2556066 1677453 10000 149985 1291672 2541566 1736313
2966360 4640430 5315290 2905550 3912656 5773517 2953613 4748256 4925320 2663750 4248517 4892633 2847073 4523173 5295340 2951823 4727727 4520642 2971053 4677273 4475743 2884806 4817350 4991480 3024940 4126313 5322130 2948113 5022526 5552783 10000 499950 2911708 4544422 5106487
3507836 5884410 8082623 3937006 5754980 7771186 3908433 5220676 7008740 3807153 5766026 8388740 3729890 5910905 7637226 4064573 5285767 7321716 4064323 5779013 6977896 3874413 6151913 8289030 4018475 5496290 7676376 3730720 5092520 8923086 10000 750000 3864282 5634250 7807661
27286 27226 70373 571550 1504753 1096096 653526 1592582 982680 591373 1545660 989642 573133 1692950 1023410 27483 27503 71923 27996 27566 71943 569563 1517416 1051513 28765 27460 72040 580933 1809230 1098096 31622 49995 365160 977234 652771
2607233 5590073 2479243 2442256 6125010 2381030 2206236 5969390 2496857 2951020 5776906 2544460 2595253 6183626 2763636 2407086 6257430 2483790 2496823 6004770 2220876 2988690 6232560 2655117 2513930 5882080 2354443 2446730 6384730 2409836 31622 149987 2565525 6040657 2478928
5590030 9004682 7739580 6202686 8915230 7940916 5765730 9022450 8199087 5480195 9465186 6995435 5639953 8989236 8557416 5581437 9018730 6868650 5638460 9343016 7133396 5407123 8941466 7031163 5600662 9043385 8063976 5918786 9409185 7870183 31622 499959 5682506 9115256 7639980
8234626 12973220 10612210 7315336 11024930 10681720 8306633 10759990 11232302 7890066 10988753 10505517 7471160 11532890 10206580 7630923 10994203 10346926 7841187 10800700 10314963 8227300 11347062 9702700 7750483 11187866 10215770 7946760 11244836 10774326 31622 750000 7861447 11285445 10459301
