27700 27510 27230 27192 26973 27870 26946 27026 27083 27460 27760 27632 27623 27516 27393 27413 27253 27356 27905 27453 27610 27193 27200 27443 27696 40110 31930 27853 27450 27372 3 1 27498 28625 27891
27490 27180 27910 27690 27707 27170 27396 27250 27570 27613 27313 27483 27875 27200 27146 28025 27840 27510 27486 27935 27366 32175 34883 27382 27346 27600 27330 28117 27443 27126 3 1 28121 28235 27399
27580 27397 27926 27453 30403 33906 27410 27046 26947 27056 27113 27413 27513 27456 27362 27696 27630 27026 27070 26955 27013 27113 27590 27600 27886 27163 27126 27543 27440 27336 3 1 27432 27619 27965
27653 27330 27040 27090 27060 27216 27533 27700 27466 27596 27380 27493 27483 27210 27523 27220 27456 26960 27620 27540 27446 27650 27692 27626 27640 27433 27567 27500 27493 26510 3 2 27498 27429 27284
39166 27210 27526 27440 27586 27490 27146 27143 27153 27540 27620 27516 27156 27423 27322 27113 27743 27460 27603 27556 27610 27690 27643 27563 27490 27005 27036 27596 27056 27263 3 2 28594 27398 27393
27273 27363 27490 27513 27463 27446 27106 27126 27262 27666 27573 27636 27906 27483 27400 27383 27495 27366 27500 27503 27583 27920 27370 49700 27153 27140 27570 27363 26920 27080 3 2 27478 27343 29653
27116 27246 27013 27096 27553 27763 28050 28600 27730 27513 27386 27215 27183 27116 27512 27880 27616 27670 28603 57453 27477 27213 27497 27373 27330 27290 26850 27203 27256 27966 3 2 27518 30501 27456
27576 40920 36850 27560 27453 27200 27166 26916 26953 27610 26960 27086 27716 27250 27723 27436 27590 27345 27376 27265 27390 27510 27300 27442 27203 27313 27640 27520 27496 27400 10 1 27467 28646 28302
27593 27523 27420 27910 27632 27450 27653 27747 27406 27426 27366 27580 27260 27586 32843 26836 26853 26905 26933 27040 27006 27712 27210 36856 27200 27116 27323 27063 26823 26830 10 3 27358 27289 28761
27116 26970 27113 27676 27520 27293 27223 27286 27376 27510 27580 27440 27516 27553 27563 27503 27533 27507 27103 26680 27530 27620 27640 28093 27523 27272 27047 27306 27423 27433 10 4 27409 27345 27439
27593 27590 27460 28483 27570 27682 27933 27875 27543 27933 27506 27353 27460 27700 27496 26740 27756 27426 27526 27693 27352 27266 27456 27460 27466 27426 27506 27676 27870 27580 10 6 27607 27644 27485
27616 73503 27466 27556 27136 27590 27576 27500 28353 27676 27443 27522 27773 39872 36660 27863 27430 27250 27660 27502 27403 28063 27666 27563 27520 27883 27766 27966 29226 27760 10 9 27726 33516 28533
27903 27597 27566 27733 27606 27586 27603 27855 27682 27563 27556 27516 27736 27663 27550 27590 27576 27702 27503 27603 27590 28153 27593 27793 57910 27523 27690 27663 27563 27606 10 11 30735 27613 27628
28006 27183 27127 27580 27560 27557 27843 27513 27482 27583 27495 27557 27543 27506 27563 27320 27486 27455 27486 27506 27556 27496 27587 27096 27676 27560 27566 29000 27270 27336 10 13 27753 27466 27429
27773 27613 27517 27836 27517 27586 27893 27466 27543 27683 27483 27336 28020 27436 27430 27700 27763 27810 27690 27463 27486 27623 28313 28036 27956 27746 27736 27623 27793 27146 10 18 27779 27659 27562
27513 58316 33396 27813 27270 27652 27966 27443 27483 27506 27543 27503 27756 27330 55176 27436 27680 27520 27516 27670 27533 27516 27256 27376 27443 27160 26886 54770 27513 27750 10 22 30323 30518 30827
27766 27513 27580 27796 27717 27496 26650 26823 27296 27413 27325 27690 27956 27513 27716 27543 27633 27550 27570 27590 27643 26593 26830 27560 27310 27223 27733 27706 27760 27976 10 27 27430 27392 27624
27576 27632 27673 27970 27340 27306 27646 27660 54523 28230 27637 27620 27606 27266 27786 27526 27326 26590 26873 27113 27233 27886 27215 27463 27883 27546 27596 27646 26986 27200 10 31 27684 27372 30099
27643 27546 27676 26826 27650 27570 27646 27570 27902 27763 27612 27666 27666 27620 27755 27670 27526 27543 55153 54553 57200 27653 27680 28590 27703 27576 27652 27446 26797 27536 10 36 30316 30213 30709
27653 27593 27537 27413 27383 27590 27580 27476 27580 27853 27916 27480 28473 27880 27380 27710 27300 27290 28016 27313 27380 27963 27526 27706 27633 27393 27480 27636 27606 27673 10 40 27793 27538 27509
27826 27643 27316 28136 27636 27677 28940 26843 27016 54573 27540 28010 27513 27802 27736 27186 27320 27705 27883 27646 27563 27693 53733 27696 27703 27766 27713 27943 27407 27656 10 42 30539 30133 27608
27650 27506 27597 27533 27333 27310 27636 29525 31153 27766 27613 27500 27660 27347 27160 27803 27576 27626 27786 27510 27486 27503 27283 27126 27400 27553 27316 27456 27202 27020 31 1 27619 27644 27729
27613 27523 27603 27566 27190 27153 27513 27423 27385 27763 27480 27143 27593 27270 27800 27310 27603 27576 27543 27526 27672 27013 27080 27060 28037 27583 27646 27257 27263 27676 31 4 27520 27394 27471
27516 27566 27636 27520 27785 27570 27446 27246 27470 27703 27543 27972 27390 27505 27583 27790 27506 27563 27630 27526 27283 27646 27556 27215 26853 27202 27242 55466 27506 27560 31 9 30296 27494 27509
27646 27512 27403 27943 27506 27526 27550 27470 27500 43965 54696 54406 32526 27556 27753 27900 27723 27663 27743 27530 27283 27330 27230 27226 27823 27440 27430 27730 27407 27526 31 18 29815 30207 30171
27503 27505 27513 28333 27830 28326 27126 27357 27695 27596 27416 27453 27590 27516 27160 27586 27282 53503 27533 27026 27080 27540 27767 27570 27730 27530 27737 27703 27523 32210 31 37 27624 27475 30624
37993 27730 27546 27486 27802 27983 27600 27520 27940 27963 27886 28330 60785 28000 28253 27846 27353 28033 27480 27130 27143 28083 27623 28306 28090 27943 28303 27626 27526 27606 31 46 32095 27651 27944
28250 27657 28793 28410 27656 28473 28463 27563 28852 27696 27420 27626 28316 27773 28392 27446 27473 27575 27656 27740 27525 31036 33183 33970 28503 27720 28693 29176 27816 28667 31 69 28495 28200 28856
28413 27736 29023 29313 27736 28970 28740 28103 29026 28360 28517 28980 28323 27760 29006 28336 27866 51920 28700 27330 29013 28650 28036 29020 28616 28120 29120 28420 27803 29172 31 93 28587 27900 31325
28776 28225 29513 28623 28116 29602 28773 27792 29103 28800 28470 29440 50003 27556 29420 29283 27913 29900 27686 27557 27540 28893 27660 29247 29356 27843 29470 28600 27803 29666 31 116 30879 27893 29290
28683 28096 29960 28186 26666 29880 28616 27906 29573 29036 27773 29922 28603 27750 30056 28566 27796 29026 28063 33676 41780 30493 28272 30110 30096 27716 31283 31066 28190 30603 31 139 29140 28384 31219
29696 27980 30600 29306 28265 30855 28486 27710 30170 29952 28112 30296 29103 28006 30673 28796 27453 30103 28333 27840 30800 29750 27840 30817 28633 27740 30563 56713 64200 30693 31 186 31876 31514 30557
29706 27916 31280 29006 27990 31563 29190 28650 31443 28210 27720 31682 28870 27810 31276 28650 27886 31586 28900 26933 30430 28860 27533 30446 28430 28050 31236 28546 27880 31586 31 232 28836 27836 31252
28953 27852 32336 29196 27713 31543 28753 28006 31110 28273 27810 32166 28346 27770 32440 28960 27740 32436 28830 27853 31980 28740 27743 32213 28516 27946 32033 28736 27840 32100 31 279 28730 27827 32035
28923 28140 32800 29210 28156 32960 28926 27780 32630 46747 28320 33340 29236 27856 32346 29053 29115 32963 28873 28120 32850 28396 28010 33310 28650 27893 32756 28783 28126 32466 31 325 30679 28151 32842
28975 28130 33323 28750 27650 33843 28320 27902 33766 28603 27932 33423 28860 27775 33910 50103 28896 33646 28616 28093 33846 28663 28022 33586 29123 28010 33856 28616 27813 33660 31 372 30862 28022 33685
28923 27676 34376 28790 27787 34606 28833 27773 34693 29260 27700 34186 28726 27513 34760 28860 27723 34373 28406 27936 34650 28536 28083 34980 28520 27760 34786 28403 27466 34562 31 418 28725 27741 34597
28790 54560 34956 28133 28090 35067 28966 28583 34420 28683 27846 34920 28503 27675 34270 28640 28030 34416 28746 27912 34360 28593 27670 34846 55743 28240 34897 28953 27940 35166 31 441 31375 30654 34731
27480 27533 27520 28056 26776 27356 27270 27406 27462 27556 27473 27386 27516 27783 27413 27503 27196 27416 30026 44613 28500 27533 27480 27472 27553 27630 27313 27463 27283 27273 100 1 27795 29117 27511
27563 26106 26855 26496 26680 27210 27513 27796 27473 27576 27593 27076 28096 27623 27263 57352 27500 27606 27556 27296 27097 27850 27603 27280 27633 27710 27566 27913 27280 27726 100 4 30554 27318 27315
27816 27632 27466 27523 27637 27690 27523 27530 27340 27733 27586 27402 27756 27467 27523 27523 27386 27515 27610 27536 27596 27720 27233 27410 27560 27702 27723 27633 27533 27252 100 14 27639 27524 27491
26403 26460 27036 27423 27743 27707 27796 27386 27415 27276 27250 27206 27673 27596 27832 27670 27482 27610 27730 27536 27436 27563 27393 27486 27806 27483 27446 27566 27353 27556 100 49 27490 27368 27473
30595 28500 32840 27533 27593 27516 30460 54883 27440 26813 26683 27156 29237 27396 27380 27860 27406 27483 27576 27556 27663 27580 27500 27386 27646 27626 27360 27966 27393 27567 100 99 28326 30253 27979
32693 30703 38436 46850 30370 38040 33803 31600 38093 27850 28017 27617 45523 30650 37446 33130 27626 37716 33933 28576 37526 27246 26742 27543 73973 31866 39207 32866 32153 37853 100 198 38786 29830 35947
101796 30316 48090 109963 31026 47756 103706 33563 47186 127406 31340 49193 101390 54730 63340 82880 34616 47073 135593 31403 49120 104596 40880 48180 170393 29406 46746 79736 39483 50505 100 396 111745 35676 49718
133980 35583 52657 130376 33726 52376 132023 30010 53163 98246 38925 52406 106816 27876 52570 117923 29290 54543 115456 30380 55863 83420 73653 54990 113076 33833 55310 118646 34587 55396 100 495 114996 36786 53927
74600 32190 65520 85356 28906 68556 102513 33000 67413 96953 33723 70060 98300 44113 96512 85156 37440 63870 97990 36520 104887 101650 28313 65890 92773 40780 69096 79040 31380 66010 100 742 91433 34636 73781
55430 28730 78423 85990 32463 80366 121772 30510 78810 91390 29290 121845 93890 28257 78126 78793 34902 81635 70186 36260 79446 52203 33086 82502 86016 28916 82543 133597 44567 79843 100 990 86926 32698 84353
78936 26736 86440 74810 33905 93196 90430 34143 93356 74700 41490 92995 84146 33636 96257 75993 28307 94160 77363 36320 89786 85863 37232 93945 72600 29590 90216 85986 30040 96625 100 1237 80082 33139 92697
69963 29233 109382 81343 32903 107880 73843 36143 109700 68840 39083 110556 79490 32585 157860 78106 29243 103093 88890 29035 105366 70056 33223 105620 81363 40297 109000 68440 34912 105336 100 1485 76033 33665 112379
69693 28663 140137 78030 33493 138040 85600 48890 134833 80423 28466 130296 78300 32463 135936 70327 39930 135837 78350 30516 130910 73183 27976 136450 84206 29675 132177 48810 33050 135396 100 1980 74692 33312 135001
70966 35840 165343 64776 39243 162400 76283 34040 160993 65246 33733 160240 76000 31013 167236 64886 31263 162585 78450 28426 170190 69250 33890 166630 71006 30453 165936 66793 34223 164006 100 2475 70365 33212 164555
73580 29840 195185 67190 29736 187196 66000 34250 195135 69960 29766 195877 83060 38380 202177 60126 36570 197780 67840 34190 201870 63736 32523 192720 62213 32440 194690 70120 31613 195830 100 2970 68382 32930 195846
54270 29953 219443 65083 29407 220217 77573 36433 223456 70713 37906 222850 69983 29433 225313 67070 29333 221590 65873 41746 219526 56330 36363 222200 74706 30095 229670 61273 40223 231570 100 3465 66287 34089 223583
73336 38056 251743 65943 29950 250053 99882 40376 243890 69026 29786 255180 57646 42826 256200 59083 50133 260226 59490 30265 280710 59686 33023 249776 67990 29213 253806 66890 33753 254936 100 3960 67897 35738 255652
69673 36653 278246 65386 30633 280886 63110 30196 274803 67110 40176 274966 64370 35420 283516 56430 41090 284066 66063 45576 291703 59493 45060 277170 70446 35730 284036 76043 43972 277823 100 4455 65812 38450 280721
65970 38310 297646 65263 37603 294082 62130 31546 303930 59813 30843 298065 64640 30186 290083 78763 30500 289363 64756 32540 299070 67683 37446 285933 60373 31685 288923 76165 33217 293680 100 4702 66555 33387 294077
27713 27556 27517 28183 27697 27325 27593 27456 27576 27730 27330 27570 26690 26972 26940 27453 27230 27123 27496 27520 27593 27346 27506 27646 27945 27140 27206 27596 27530 27206 316 4 27574 27393 27370
29603 27540 26753 27600 27426 27180 27223 27135 27676 27236 27380 27290 27190 27115 27153 27340 27152 27813 27616 27456 26956 27500 27405 27586 27803 27723 27356 28382 27416 27616 316 14 27749 27374 27337
27756 27477 27405 27920 27267 27780 27573 27513 27110 27877 27320 27386 30816 27513 27226 28240 27456 27396 27843 27140 27096 27703 26796 26660 27636 26733 27360 27800 27516 27595 316 49 28116 27273 27301
27466 27125 27122 27283 27573 27233 27706 27543 27496 27543 27416 27566 27613 27580 27013 27690 27072 27666 27246 27116 27356 27370 27392 27660 27456 27577 27660 26016 25830 26363 316 149 27338 27222 27313
66836 51040 123423 293486 128866 116636 27776 27586 27940 73210 116443 118493 27763 27520 27810 27496 27326 28115 50006 113513 119273 54246 124246 126406 27510 27516 27836 131673 152735 116926 316 497 78000 79679 83285
794640 172353 192686 770480 95446 203420 1037153 173530 221332 27560 27690 28826 889153 153213 204086 965893 160763 193816 1005266 40136 208925 1089240 183296 202663 1186883 211385 206523 416703 179640 199677 316 995 818297 139745 186195
1285147 128226 382310 1220920 137836 379733 1208126 174160 381526 1222486 130273 398280 1168580 173116 380207 1359223 132683 388097 1094093 139886 387937 1174960 143763 362520 1096693 135310 372453 1555793 29483 375563 316 1990 1238602 132473 380862
887043 99810 737163 854870 120816 723540 1011797 135206 735356 929837 152846 753220 926990 118083 713843 861923 115063 713726 861496 30635 750916 872230 53223 736486 1005002 70365 739480 774447 84173 689853 316 3981 898563 98022 729358
679660 148596 912553 844933 29910 911283 740972 31932 886363 883390 69846 897300 841760 140552 923363 811833 83980 917300 847190 166790 875203 932510 116957 896233 659720 138566 907163 802036 126076 878926 316 4977 804400 105320 900568
777843 80450 1297193 608770 168712 1344656 821430 142463 1305800 710786 87753 1350993 669980 84480 1363820 770386 138796 1412617 796057 32983 1294226 616666 115406 1369733 743860 164580 1317756 681583 153110 1371926 316 7465 719736 116873 1342872
656400 106510 1947217 687666 142790 1821353 604230 38726 1821846 730156 133736 1850043 642223 101805 1884470 645990 33440 1817606 745245 104456 1862960 722330 45976 1883843 665045 119373 1871583 660050 59916 1909576 316 9954 675933 88672 1867049
633706 148550 2402716 672076 163873 2375316 603050 144570 2478806 702096 121026 2483706 641436 159837 2519703 663020 33220 2398560 524480 42746 2562385 621533 144960 2495626 587100 84900 2436076 731256 157313 2384573 316 12442 637975 120099 2453746
554706 35376 2948713 560366 154633 3003163 586250 100213 3105153 668576 119473 3231876 637805 153173 2890393 517513 97920 2975163 604803 130620 2949470 614343 115683 3000513 607133 41146 3022180 562350 110113 3064102 316 14931 591384 105835 3019072
542950 37023 4972233 581363 83353 4831010 575186 148553 5320733 621723 154293 5647743 488776 157276 4848880 532896 36533 5362076 556432 147313 5676656 605140 37200 5810663 458596 131290 4898890 625146 93893 5016132 316 19908 558820 102672 5238501
553336 194430 12638427 588483 177126 12391696 478970 139883 12797930 498273 103396 13098673 533070 39750 10396223 540970 71757 12241796 491582 124503 12758817 533966 59560 11697062 509313 141746 11924770 510637 38650 10860720 316 24885 523860 109080 12080611
517383 121556 16086036 489385 49343 17073312 504946 45910 17711906 536173 164546 16682343 460470 155310 16256820 486913 168892 18535380 484686 122436 15790683 450773 93333 18499822 532310 80046 16169932 502453 186023 15967773 316 29862 496549 118739 16877400
519390 68185 21364892 481193 154496 22771820 480823 76500 21705510 528436 171043 19999040 508716 200256 19617883 531816 53880 19969850 441353 45850 20477263 495943 45336 19843246 477130 142046 20247510 498750 193573 21863430 316 34839 496355 115116 20786044
507840 230443 24955703 494123 169230 25758700 568457 167226 26416353 445603 45003 25095917 499686 175063 24547763 478066 67533 26014973 467120 70886 25268970 474066 48287 26487885 482460 45863 25815933 587333 184256 26059263 316 39816 500475 120379 25642146
510072 71226 30497325 481033 55056 29725840 506663 80786 31199736 472996 49566 30478320 451000 48060 29938630 462013 228156 30249266 487320 72646 29192680 499806 85536 31541963 499866 162926 31055056 485326 54110 30330423 316 44793 485609 90806 30420923
488853 57086 32004256 466163 159353 32040203 544527 248056 33271515 426430 61410 31978756 462943 50813 33959432 517163 134806 32896265 527580 48920 32771730 465452 108160 31033610 455850 133016 31673150 515976 201396 31852066 316 47281 487093 120301 32348098
27766 27590 27000 27687 27413 27583 27266 27570 27180 27436 27610 26813 27333 27690 27093 26913 26900 26983 27786 27470 27130 28040 27876 27563 27513 27637 27476 26940 27073 27206 1000 49 27468 27482 27202
27200 27620 27080 27506 27520 27120 53576 27873 26933 27600 28126 27200 27190 27542 27605 27120 27343 26785 27416 27450 27680 27900 27490 27896 27570 26857 27500 27433 27656 27187 1000 149 30051 27547 27298
27646 27520 27235 27590 27390 27732 26816 26350 28086 27590 26775 27607 27656 27250 27696 27826 27506 27566 27646 27496 27840 27630 27723 27895 27626 27610 28027 27500 57110 46280 1000 499 27552 30273 29596
328790 566193 947350 26410 26425 31080 27513 27566 31680 28060 27736 31535 790975 830220 1048183 383176 1037760 962776 603390 1187912 918185 27746 27566 30406 928016 818805 933016 26970 26550 31393 1000 1498 317104 457673 496560
2890230 999295 4290333 2888780 365780 2740360 2981670 763600 2833950 3107500 902816 2836022 2904070 494482 2749806 2952116 1152486 2819633 3005270 1192063 2852266 2935210 830353 2886916 2922812 1149846 2749790 2996640 50346 3522006 1000 4995 2958429 790106 3028108
4460386 782476 5853850 4472263 1153000 5951293 4614272 896230 6001970 4605740 661146 5931773 4591005 753060 5920670 4776906 592116 9331730 4805383 979046 6032710 4442630 330983 5932780 4628393 682456 5965220 4523023 644186 6030770 1000 9990 4592000 747469 6295276
8822722 261576 23940386 8801415 900263 20223367 7963140 834805 26889866 9037493 864816 16221230 8281500 966006 16674243 8201366 888516 18284282 8773125 679040 22220200 8171330 750266 21423612 8164327 762287 21020270 7435986 804713 17179823 1000 19980 8365240 771228 20407727
7905580 744656 79038992 8756873 676243 77077335 7867562 45893 78174143 7914833 729880 78427135 8680206 784636 77642896 8128786 606710 78702156 8058373 236783 77515426 8565952 619703 76257513 8207805 365540 75199507 8719247 771563 78537495 1000 39960 8280521 558160 77657259
7881500 593242 26526817 7651300 162226 100000000 8370093 557683 100000000 7902270 736533 100000000 7718090 422983 100000000 7887922 478556 100000000 7507785 684246 100000000 7868437 608926 100000000 7604440 988453 100000000 8187950 56043 100000000 1000 49950 7857978 528889 4557430888798830399
7152263 528210 100000000 7446845 927605 100000000 6880125 691613 100000000 6734420 489600 100000000 7171075 645626 100000000 6776613 68986 100000000 6585212 750800 100000000 6706460 797520 100000000 6944726 70552 100000000 6930030 1043970 100000000 1000 74925 6932776 601448 4557430888798830399
6023453 97100 100000000 6341000 86806 100000000 6354672 635892 100000000 6410183 1137816 100000000 6054680 79393 100000000 6174493 737606 100000000 6417840 912856 100000000 6688333 792773 100000000 6229570 400510 100000000 6160050 1180420 100000000 1000 99900 6285427 606117 4557430888798830399
6153013 1236500 100000000 6016400 696760 100000000 5486726 701846 100000000 5814020 114673 100000000 6061383 816623 100000000 6374852 86653 100000000 5677380 1143675 100000000 5739553 596313 100000000 5585810 1194135 100000000 6349120 782075 100000000 1000 124875 5925825 736925 4557430888798830399
5645772 119250 100000000 5312350 1072350 100000000 5095663 101136 100000000 5623797 922626 100000000 5475873 976600 100000000 5317283 610856 100000000 5683943 108122 100000000 5607503 405650 100000000 5380535 984970 100000000 5510766 1081966 100000000 1000 149850 5465348 638352 4557430888798830399
5407330 510153 100000000 5059060 164353 100000000 5366863 1229693 100000000 4891146 135433 100000000 5530845 217750 100000000 5028603 1558090 100000000 5265493 352616 100000000 5322903 1006956 100000000 5691973 1225590 100000000 5613500 137010 100000000 1000 199800 5317771 653764 4557430888798830399
5015580 1558095 100000000 4579085 1058560 100000000 5072186 157485 100000000 5321473 1290383 100000000 4994070 594690 100000000 4989933 174377 100000000 5035513 149993 100000000 5348982 152696 100000000 5240592 1826846 100000000 4554163 153966 100000000 1000 249750 5015157 711709 4557430888798830399
5102487 1419783 100000000 5292380 204863 100000000 4747980 483570 100000000 5056622 193703 100000000 4734446 992086 100000000 4779860 1572476 100000000 5058930 950410 100000000 4946730 1008230 100000000 5000036 1602736 100000000 4849947 1578506 100000000 1000 299700 4956941 1000636 4557430888798830399
4680285 1681013 100000000 4560353 1038616 100000000 4819080 1600160 100000000 5159577 1699980 100000000 4949862 255426 100000000 5089743 691173 100000000 4749480 764203 100000000 4984660 200310 100000000 4855900 1170016 100000000 4505155 203423 100000000 1000 349650 4835409 930432 4557430888798830399
4830092 1397226 100000000 4474323 229626 100000000 4872147 1858192 100000000 4729682 223876 100000000 4955436 247030 100000000 5059625 1628723 100000000 5097042 221920 100000000 4898943 1895270 100000000 4725856 692300 100000000 4277513 229810 100000000 1000 399600 4792065 862397 4557430888798830399
4715590 1255723 100000000 4493282 1458360 100000000 4707747 324903 100000000 4560657 298653 100000000 4505336 566736 100000000 4898382 1956266 100000000 4610493 365976 100000000 4812853 1164510 100000000 4693773 1420210 100000000 4873166 1144746 100000000 1000 449550 4687127 995608 4557430888798830399
4822293 1012516 100000000 4527610 583966 100000000 4534836 1428016 100000000 4432110 1235646 100000000 4824590 260436 100000000 4845090 1250803 100000000 4653633 364443 100000000 4609380 1060267 100000000 4977393 302373 100000000 4658890 1926123 100000000 1000 474525 4688582 942458 4557430888798830399
27473 26713 27510 26896 26533 26610 25736 25555 26530 26926 27510 27777 27560 27526 26773 26460 26345 26400 26356 26496 26942 27467 27463 27832 27756 27456 27580 26633 26483 27110 3162 499 26926 26808 27106
27733 27602 32845 26513 44483 48502 27820 27596 30440 26490 26672 29830 27343 26496 30260 27520 26860 30575 27390 27060 30343 27546 26810 29832 27636 27200 32376 27633 27547 31576 3162 1499 27362 28832 32657
26123 26972 38723 753053 1853180 9269193 1455177 1884650 16048213 1324433 1861146 30478443 1423120 1913860 10587950 27880 27793 38305 1333243 1822303 11828103 27603 27490 34876 1328470 1817456 9564036 27490 27040 42367 3162 4997 772659 1126189 8793020
3533712 3737496 97960356 3502166 3815643 83050033 3492303 3822090 50274640 3433526 4206263 64411137 3447993 3836510 84361260 3472295 3896173 83793845 3434053 3775826 44651063 3602937 4037160 30414450 3497706 3781390 100000000 3531700 3733146 100000000 3162 14992 3494839 3864169 4557430888798830399
19074262 5453085 100000000 18730506 7716662 100000000 15802026 6082535 100000000 17373350 6916363 100000000 16102976 7191173 100000000 18355140 63920 100000000 19478840 7562196 100000000 18477640 8199052 100000000 14001253 6802425 100000000 19528890 6264710 100000000 3162 49975 17692488 6225212 4557430888798830399
33042803 6127533 100000000 30026280 6588986 100000000 32119356 5488406 100000000 29702720 5268147 100000000 33208490 5848920 100000000 33507796 7151553 100000000 33759200 6395082 100000000 33186396 4470870 100000000 32697423 6667583 100000000 30183990 6032436 100000000 3162 99950 32143445 6003951 4557430888798830399
54544640 7040436 100000000 55455642 4808013 100000000 54273737 6676530 100000000 53777756 6775973 100000000 54897522 136490 100000000 57469400 7880942 100000000 57234475 6923753 100000000 58022800 4518732 100000000 56451575 7708533 100000000 56115610 6802552 100000000 3162 199901 55824315 5927195 4557430888798830399
70841950 6373373 100000000 83134063 3753570 100000000 80210676 6923550 100000000 73516376 3317683 100000000 80849687 4380090 100000000 77026270 5250670 100000000 82240653 6665876 100000000 82474637 7142990 100000000 80141513 6986796 100000000 78867673 6405360 100000000 3162 399803 78930349 5719995 4557430888798830399
72867323 3201553 100000000 71819670 8236240 100000000 70687786 8432516 100000000 78303620 10333936 100000000 73865943 8259922 100000000 72417005 508413 100000000 69789366 8149490 100000000 72099413 509586 100000000 72128676 8690853 100000000 76533440 1310820 100000000 3162 499754 73051224 5763332 4557430888798830399
67388490 6212690 100000000 65282270 10222866 100000000 69396053 7311586 100000000 68291585 8560943 100000000 71122852 7698550 100000000 70794113 9957530 100000000 72327280 7784893 100000000 69821466 9837035 100000000 69866585 7479626 100000000 66790010 930763 100000000 3162 749631 69108070 7599648 4557430888798830399
70597202 5441496 100000000 67558865 857410 100000000 71411826 4653093 100000000 69940683 956433 100000000 70670550 1004750 100000000 70376393 8110806 100000000 69018336 9390100 100000000 70906697 1128273 100000000 70664103 8257263 100000000 69669930 7466766 100000000 3162 750000 70081458 4726639 4557430888798830399
27523 27730 100000000 27923 27637 100000000 28787 26630 100000000 27526 27605 100000000 27473 26343 100000000 27650 26403 100000000 27443 27336 100000000 27426 27313 100000000 27516 26872 100000000 27176 27176 100000000 10000 4999 27644 27104 4557430888798830399
1663073 2498270 100000000 26963 26263 100000000 27553 27322 100000000 27470 27336 100000000 1689790 2388743 100000000 1599730 2465585 100000000 27623 27427 100000000 1657266 2392776 100000000 1641526 2437282 100000000 1635480 2435647 100000000 10000 14998 999647 1472665 4557430888798830399
4606510 5087366 100000000 4473933 5083403 100000000 4531240 5202715 100000000 4537426 5007946 100000000 4580100 5109786 100000000 4485856 5161016 100000000 4413240 7303270 100000000 4440093 5145800 100000000 5906232 8458067 100000000 4443826 6151815 100000000 10000 49995 4641845 5771118 4557430888798830399
21215903 21510713 100000000 21445023 21216396 100000000 21406120 21359650 100000000 21725347 21416196 100000000 21477010 21455273 100000000 21331620 21330793 100000000 21350806 21669200 100000000 21527146 22728853 100000000 21179183 21494557 100000000 21335130 21287923 100000000 10000 149985 21399328 21546955 4557430888798830399
53970426 50462430 100000000 54401166 51088090 100000000 54276943 50418113 100000000 54492082 50607680 100000000 53887430 50710866 100000000 53712610 51788230 100000000 53702203 50338653 100000000 54417693 51017693 100000000 53556733 50874142 100000000 54196313 305252 100000000 10000 499950 54061359 45761114 4557430888798830399
76098637 56384565 100000000 76955546 62697796 100000000 77071106 58277716 100000000 77307292 54090350 100000000 77244440 67747960 100000000 76651510 65656383 100000000 75912875 58885153 100000000 76928443 62757760 100000000 77075342 61390383 100000000 77048800 60183516 100000000 10000 750000 76829399 60807158 4557430888798830399
27836 27570 100000000 27390 27343 100000000 2455440 4090265 100000000 2433966 4069130 100000000 2474976 3935636 100000000 27523 27666 100000000 27563 27476 100000000 2667643 4166316 100000000 2498460 4236192 100000000 27700 27260 100000000 31622 49995 1266849 2063485 4557430888798830399
6618657 8007113 100000000 6703033 8757873 100000000 6523156 8081196 100000000 6541880 8137202 100000000 6665973 8090983 100000000 6876320 9014283 100000000 7602736 7928740 100000000 7327440 9909885 100000000 6672513 8136826 100000000 7247607 8176183 100000000 31622 149987 6877931 8424028 4557430888798830399
26460433 26253376 100000000 26381282 26919682 100000000 30310220 27170800 100000000 26581916 26965685 100000000 26520902 27215127 100000000 27102496 27139837 100000000 26746770 27568183 100000000 27188110 26941213 100000000 26751700 27343410 100000000 26772990 27114180 100000000 31622 499959 27081681 27063149 4557430888798830399
35997023 34006455 100000000 35990953 34434120 100000000 36468633 34647840 100000000 36235743 34894566 100000000 36349340 34533972 100000000 36118426 34800147 100000000 36569753 34947116 100000000 37079970 34657326 100000000 36736593 34746596 100000000 36612262 34806076 100000000 31622 750000 36415869 34647421 4557430888798830399
