27373 27193 27326 27566 27253 27363 27230 27443 27133 27373 26917 27186 27213 27652 27580 28112 27416 27140 27580 27446 27550 27276 27667 27406 27663 27320 27313 27540 27633 27303 3 1 27492 27394 27330
27363 27370 27376 27466 27286 27463 27686 27432 27370 27416 27496 27447 27436 27236 27530 28046 27516 27323 27500 27557 27435 27593 27630 27600 49600 27443 27732 27463 27610 27307 3 1 29756 27457 27458
27303 27256 27423 27220 27600 27410 27673 27360 27206 27443 27230 27220 27350 27442 27333 27426 27546 27140 27942 27636 27670 27666 27430 27350 27493 27206 27243 27680 27576 27583 3 1 27519 27428 27357
27696 27513 27593 27813 27662 27433 27563 27483 27630 27503 27740 27443 27937 27400 27273 27560 27526 27503 27626 27490 27550 27690 27543 27660 27766 27463 27406 27536 27573 27546 3 2 27669 27539 27503
28066 27592 27463 27630 26986 26953 30540 28420 28405 28853 27800 27613 27630 27486 26960 27656 27553 26866 26986 26686 27180 27496 27565 27340 27663 27456 27476 27663 27256 27350 3 2 28018 27480 27360
27330 29613 28176 27150 27280 27000 27556 27323 27256 27580 27493 27422 27573 27073 27510 27623 27555 27452 27473 27783 27186 27753 27380 27302 27490 27392 27900 27343 27613 27502 3 2 27487 27650 27470
27353 27196 27483 27730 27445 27190 27443 27563 27353 27353 26693 27005 27476 27160 27373 57605 27556 27583 27796 27733 27640 27593 27503 27453 27386 27146 26763 27460 35163 35196 3 2 30519 28115 28103
34696 27273 27027 27905 27373 27316 27810 27387 27487 27423 27403 27443 27330 27380 27606 27410 27033 27050 27546 27453 27540 27566 27596 27430 27470 27690 27370 27566 27526 27657 10 1 28272 27411 27392
27526 27243 27360 27596 27633 27343 27560 27453 29863 32335 27370 27436 27570 27273 27356 27120 27420 27505 27020 26973 26920 27546 27196 27426 27423 27326 27300 27170 27083 27070 10 3 27886 27297 27557
26940 27523 27272 27300 27536 27316 27360 44910 27343 28030 27516 27610 27706 27406 27300 27875 27510 27863 27533 27576 27313 27403 27280 27455 27690 27416 27893 28025 27553 27023 10 4 27586 29222 27438
27300 27110 27553 27840 27817 27550 27326 27316 27535 27690 27380 27526 27673 27510 28310 27650 27483 46260 27873 27540 27566 27563 27626 27623 27540 27170 27510 28080 27470 27580 10 6 27653 27442 29501
27640 27910 27620 27536 27223 27425 27606 27606 27583 28902 27916 27635 55996 27670 27536 27866 27516 27570 27653 27440 27550 29102 27253 27047 27616 30420 27552 27463 27416 27486 10 9 30738 27837 27500
28146 27603 27586 28040 27743 27410 27606 27436 26940 57010 27252 27366 27680 27676 27300 27630 27733 27376 27316 27673 27475 27563 27643 27447 28396 27605 27520 27636 27386 27506 10 11 30702 27575 27392
27476 27310 27616 27053 27462 26853 27236 27530 27245 27980 27566 27266 28036 27646 27567 27733 27617 27593 28020 27536 27416 27786 27300 27433 27663 27493 27466 27673 27545 27476 10 13 27665 27500 27393
27706 27275 27880 27710 27543 27693 27456 27376 27265 28880 27835 27243 27963 27620 28320 27623 27456 27530 27503 27802 27470 27466 27512 27300 27803 27576 27136 27910 27486 27652 10 18 27802 27548 27548
27700 27576 27545 27623 27306 27397 27733 27610 27496 27470 27430 27343 27440 27513 27450 35816 27513 27526 29332 27440 27230 27573 27482 27373 27600 27642 27216 27980 27587 37510 10 22 28626 27509 28408
28500 27616 27860 27880 27355 27413 27693 27655 27433 27800 27635 27733 27450 27300 27616 28157 27566 27570 27886 27393 27336 27663 27456 27360 27850 27476 26376 27623 27540 27755 10 27 27850 27499 27445
27710 27550 27566 27536 27627 27640 28023 27727 27386 27726 27580 27560 27960 27587 27503 27810 27176 27262 27740 27720 27346 27776 27526 27556 28170 27595 27486 27490 27603 27647 10 31 27794 27569 27495
27520 27560 27460 27416 27096 27326 27930 27160 27260 27500 27410 27366 27856 27717 27500 27976 27603 27483 27980 27596 27476 27776 27500 27483 27733 27166 27116 27723 27737 27570 10 36 27741 27454 27404
27233 27513 27553 27390 27037 27156 27930 27607 27846 27503 27670 27783 27733 27553 27590 28207 27596 27430 28773 27543 27902 27610 27832 27583 27790 27790 27640 27273 27250 27750 10 40 27744 27539 27623
27850 27390 27880 27680 27673 27620 27736 26830 26796 27863 27583 27590 27630 27726 27756 27686 27366 27670 27630 27696 27653 27676 27727 27633 27613 27810 27957 27563 26706 27266 10 42 27692 27450 27582
37203 31893 27825 27520 27496 27513 27680 26966 27540 27766 27597 27566 27510 28386 27363 27513 27490 27543 27500 27766 27570 27460 27456 27483 27553 27442 27626 27586 27536 27640 31 1 28529 28002 27566
30345 29240 29810 27823 27962 27596 27290 27040 27143 27683 29083 27755 43925 27606 27607 28927 27712 27556 27683 27576 27490 27550 27390 27233 27486 27280 27306 27656 27486 27673 31 4 29636 27837 27716
27606 27476 27556 27496 27760 27655 27506 55043 42177 27070 27526 27306 27513 27527 27493 27650 27163 27713 27610 27333 27326 27510 27580 27573 27366 27875 27640 27513 27503 27170 31 9 27484 30278 28960
27486 27426 26510 52053 27160 27460 28103 27393 27420 27303 27073 27512 27900 27526 27567 27473 27343 27300 27940 27517 27343 27803 27170 27360 27676 27607 27613 27633 27446 27530 31 18 30137 27366 27361
27613 27636 27483 27480 27732 27603 27683 27330 27460 27550 27293 27735 27733 27420 27566 27440 27835 27420 27243 27116 27630 27500 27450 27503 27663 27973 27560 27580 27630 27353 31 37 27548 27541 27531
27923 27480 27392 27473 28023 27513 27600 27506 27616 27776 27623 27830 27516 27563 27585 27526 27695 27623 27613 26813 27813 28020 27636 27630 27763 54593 27782 27663 27640 27530 31 46 27687 30257 27631
27676 27603 27503 27713 27767 27875 27893 27406 27887 27596 27600 27650 27503 27612 27473 27660 27982 27093 27853 27590 29840 40093 27807 27546 27563 27713 27862 27623 27406 27446 31 69 28917 27648 27817
28056 27663 27563 27613 27793 27843 27653 27710 27693 27863 27613 27480 27783 27686 27343 29013 47263 27947 27566 27756 28210 27630 27835 27832 27873 27536 27540 27880 53863 27965 31 93 27893 32271 27741
27666 28067 27490 27163 27320 27323 27846 28653 28883 30723 46060 27936 27636 27686 27992 27623 27990 27706 28607 26995 26726 26703 27946 27603 27646 27583 28063 27836 28000 27713 31 116 27944 29630 27743
27743 27613 27570 27940 27890 26813 27563 27800 27833 27863 27796 28446 27626 27650 27473 27893 27967 27833 28056 27763 27733 27863 27695 27943 27503 27770 27930 27960 27843 28212 31 139 27801 27778 27778
27710 27686 27533 27453 27790 28102 27643 27906 27972 29065 27937 27903 27996 27530 27733 28503 27646 27670 27870 27676 28083 28203 27803 27950 28132 29282 29496 27683 27873 27710 31 186 28025 27912 28015
27950 27790 27723 27766 27666 28120 28143 27996 27963 28140 27793 28107 27850 27776 28043 27953 28250 28006 27570 27795 27903 27733 27696 27476 27840 27696 27773 27813 27550 28050 31 232 27875 27800 27916
27823 27890 27860 27780 27952 27933 28130 27803 27837 44800 28616 27823 27883 27793 27916 27663 27426 27960 27866 27896 28196 27836 27926 29000 27783 28202 28020 28485 27900 27643 31 279 29604 27940 28018
27856 27983 28013 27913 27873 28025 28952 27846 27990 28070 27830 28140 27873 27722 27896 28170 27996 28203 28803 28000 28266 28013 27900 28120 27820 28063 27676 27633 28126 28130 31 325 28110 27933 28045
27870 28103 28343 27790 27996 28347 27960 28080 27723 27843 27840 27846 27943 28066 28183 28246 27873 27916 28473 28013 28720 27956 27723 28573 27863 28690 28480 28200 28003 28333 31 372 28014 28038 28246
28080 28156 28167 27993 27990 28170 27840 27872 27943 27900 27973 28173 27470 27566 27710 28063 27830 27813 28313 28240 28052 27706 28373 28256 27883 28283 28123 27766 27833 28293 31 418 27901 28011 28070
28070 27940 27953 28100 27956 28292 28216 28003 28083 27963 28130 28635 28060 28046 28380 28390 28113 28266 28777 28107 28466 27810 28060 28432 27980 27913 28556 28980 28213 28120 31 441 28234 28048 28318
27643 27490 26950 28087 27552 27660 27620 27610 27263 27553 27586 27443 27546 27540 27556 28090 27623 27030 27390 27466 27023 27802 27526 27503 27210 27166 27155 27913 27660 52350 100 1 27685 27521 29793
27750 27685 27663 28080 27616 27670 27576 27796 27600 27636 27652 27550 47253 27727 27560 27786 27520 27656 27483 27510 26886 27733 27575 28373 49756 27543 27693 27686 27466 27543 100 4 31873 27609 27619
27503 27490 27076 27506 27560 27516 27503 27566 27585 27580 27586 27506 27786 27576 27220 27580 27513 27513 27540 27463 27486 27806 27846 27510 27566 27353 27490 27676 27426 27523 100 14 27604 27537 27442
27706 27566 27645 27880 27450 27496 27823 27473 27470 27466 27573 27500 27793 27410 27403 28110 27186 27236 27623 27580 27305 27646 27600 27733 26953 27640 27640 27336 26796 26572 100 49 27633 27427 27400
27810 27540 27563 27663 27560 27600 27510 27750 27742 27912 27772 27403 28196 29462 29763 27520 27750 27690 27823 26853 27616 26323 26210 27783 33633 33567 32346 27573 27576 27820 100 99 28196 28204 28332
27806 27703 27620 27513 27777 27123 27763 28075 28386 27596 27886 28100 27753 27510 27510 27863 27820 27803 27813 27767 27983 27673 27200 27773 27260 27352 26730 27076 27130 27066 100 198 27611 27622 27609
28063 28690 27860 27956 28586 28343 27620 27993 28373 29242 28013 27773 28103 28160 28256 28143 27886 28516 28080 28306 28093 28476 28183 28736 27653 27883 28176 27970 28563 28433 100 396 28130 28226 28255
28176 29136 28736 29310 29475 28686 27700 28050 28606 27996 28446 28660 27863 28373 28596 28426 28770 28566 28350 29113 28893 28186 29162 28103 27510 28003 28183 28206 29782 28753 100 495 28172 28831 28578
28766 28717 29210 27830 28686 29236 28783 29536 28773 30473 28580 28543 28503 29573 28720 28313 28873 30060 28546 28083 28413 28323 29013 28953 49702 51140 29716 28633 29203 28853 100 742 30787 31140 29047
27316 28526 29946 28416 28216 78267 27810 29300 29666 29196 30667 29890 27976 28756 29020 59023 30146 30533 29450 28693 29583 31956 30145 29460 27900 30120 28036 28590 30536 30953 100 990 31763 29510 34535
29880 30260 31587 28956 29150 29210 30326 30716 30656 28726 30533 28873 28196 29483 29555 29543 29250 28936 29283 29706 29043 29193 29903 30656 32003 30170 30137 29353 31757 35883 100 1237 29545 30092 30453
58136 31633 32165 29396 30310 31166 30436 30892 32900 30140 30910 29446 30263 31900 32712 30566 31506 31430 29456 29600 31060 29386 33056 31763 30566 32603 32483 29863 29320 31835 100 1485 32820 31173 31696
32973 35203 33836 32463 33673 33693 33020 33196 32775 30983 34713 35453 30843 34395 35377 34733 33423 33755 33510 35436 33957 33493 33676 33913 36236 33686 36005 34743 33446 34403 100 1980 33299 34084 34316
33383 36332 38403 34283 35537 38133 34736 36976 39250 34750 34160 37200 34456 34980 37763 63850 67440 42873 31076 31843 36676 35570 37863 37116 33316 33903 37662 34340 36406 38853 100 2475 36976 38544 38392
35266 37896 42337 35633 38206 40765 36253 36743 41326 36780 35960 34500 34530 36293 38550 36795 35773 43410 35036 35990 38846 35983 37073 39930 35556 35915 40330 34963 37530 40553 100 2970 35679 36737 40054
37296 36520 67666 36663 37726 41596 34493 34493 40922 34786 37985 43545 34050 34753 39590 37430 36536 42130 34473 36046 44526 35930 38090 41293 35490 37230 41650 37110 38123 41210 100 3465 35772 36750 44412
37543 39820 40800 36623 39396 44300 34013 39167 39736 36490 36356 40570 35033 37193 40190 37213 37550 65080 37026 38277 43340 36503 39643 42473 36330 37370 39653 37186 38487 42350 100 3960 36396 38325 43849
38343 56152 43860 37646 38335 44320 36446 37033 48910 39595 38362 44460 38010 39276 45077 37156 37302 44786 37776 38450 46480 37050 38633 46797 36840 39126 48660 39380 38930 49353 100 4455 37824 40159 46270
37796 38675 44786 37260 39182 42886 39720 40105 47602 38573 40720 46085 36100 38500 45103 39316 39756 47452 37893 39805 44546 38763 39957 47510 38746 54307 44303 36980 41626 46225 100 4702 38114 41263 45649
27476 27460 27060 55623 45685 26510 27046 27356 27460 27750 27646 27550 27653 27323 27175 40777 33000 26690 27596 27575 27453 27733 27532 27406 27646 27627 27616 27800 27513 27685 316 4 31710 29871 27260
26496 26390 26553 27546 27650 27470 27856 27635 27120 27746 27396 27665 26480 26640 27043 27546 27700 27316 27650 27766 27120 27703 27710 27016 27726 27696 27697 28503 27786 27653 316 14 27525 27436 27265
27483 27363 27383 27410 27556 27416 27733 27616 26663 27763 31773 27647 27426 27446 27600 27630 27580 27633 28293 27356 27496 27620 27793 27200 55123 27112 26917 27193 27072 27480 316 49 30367 27866 27343
26895 25716 26323 26603 26296 26413 26623 27456 27555 27606 27560 26493 26753 26873 26895 26463 26383 26306 27327 26463 27353 27553 27553 27470 27423 26705 26865 26626 26793 27126 316 149 26987 26779 26879
27786 27445 28043 27373 27523 27503 28540 28563 28840 27976 27320 27973 25086 25693 26055 27406 28470 29233 27803 29435 29800 26786 27093 28180 27006 26870 27443 28000 28530 29136 316 497 27376 27694 28220
30485 29563 30300 30022 31233 30640 29300 30110 30867 31350 34313 62710 34627 31166 30773 32183 31107 30053 33743 32617 30786 31946 33413 30963 30773 33933 30816 32857 36540 31190 316 995 31728 32399 33909
31266 37573 38712 35300 39336 43183 34390 48650 41587 34393 46236 38876 32396 46540 41646 34670 40506 40463 33186 47163 39413 32406 38733 40733 32293 37426 38677 32560 52997 41300 316 1990 33286 43516 40459
37226 46506 50486 35033 43536 45840 39700 53216 46263 42006 51726 50017 36323 46967 46943 42346 49202 47966 36323 43353 54903 42340 56307 51343 38856 50483 50576 38463 44286 48440 316 3981 38861 48558 49277
42086 49086 53152 40136 50646 50493 41586 57616 58086 42703 57613 50486 41466 59926 50746 41410 61112 52863 38410 50097 56630 42576 48873 56513 42140 57596 51027 41710 53130 52166 316 4977 41422 54569 53216
46466 64313 66430 45270 55910 58416 49130 60640 68152 47950 64553 66353 49956 65030 64073 46403 58753 63873 45410 53413 58922 41896 67316 84370 43773 61983 65290 46256 65743 65166 316 7465 46251 61765 66104
53406 64086 73502 51870 70356 76296 53600 58423 67363 45903 63603 71253 46750 66402 71590 53720 67380 80583 49016 59436 66996 49183 74746 73726 51743 61610 74385 50843 75183 77956 316 9954 50603 66122 73365
52306 67996 84506 52640 69616 91260 56126 84005 82613 57710 77186 84220 52546 60080 70863 53486 64203 83440 53776 68083 74483 50146 66566 85000 53960 70503 90976 54820 65293 82300 316 12442 53751 69353 82966
54726 68866 84397 53953 63403 81970 60676 74826 93333 99893 76503 115506 57952 61780 90786 52580 64483 109460 57196 65306 117446 56276 76523 92476 51093 63930 91530 55023 77303 83613 316 14931 59936 69292 96051
56813 73413 102130 59766 67686 113956 61136 75143 113290 60153 68476 101773 63793 87270 124873 61203 74596 100706 64476 76666 100730 61200 65913 112400 60896 78107 112540 57510 62473 99630 316 19908 60694 72974 108202
70256 97497 134997 76393 85170 150666 65633 65723 133156 71870 74386 133513 76280 97503 133896 69276 75183 133573 70613 95966 134803 67213 76386 134376 68510 74653 132706 72530 80576 134060 316 24885 70857 82304 135574
78070 90563 154760 68673 83256 136396 78816 91333 154130 79036 82016 157277 66450 87446 154596 77286 80680 152853 73483 107126 153906 66953 83803 136250 75636 82610 154733 79450 93160 173073 316 29862 74385 88199 152797
80083 87396 158560 85223 100770 175930 73976 85087 135040 80403 111266 196686 76013 87070 154200 84913 101253 159062 88156 94020 190010 74756 85073 198806 72340 86183 153770 75057 90216 156523 316 34839 79092 92833 167858
84720 99800 174586 93603 105260 199190 86400 99333 225477 87480 121886 175443 89813 99136 197526 90196 107206 174780 83223 100160 222293 93123 106770 198306 88063 111610 201995 92710 104363 201375 316 39816 88933 105552 197097
95243 98753 221836 103483 116776 223112 103296 125897 301770 96700 119896 222423 93530 102036 252970 92763 114243 251876 101180 115753 222286 99553 116773 224552 83103 97410 247406 97023 101750 250090 316 44793 96587 110928 241832
104663 112353 235473 107236 114750 261743 114516 110120 265372 104643 111893 291873 105770 113443 235386 89466 105776 206643 101053 127903 237245 100950 116910 206516 101383 123280 232946 98736 102873 257192 316 47281 102841 113930 243038
34777 27426 27560 27680 27163 27693 27616 27500 27655 26286 26356 26527 27506 27520 27496 27646 27480 31156 27533 27596 26406 27787 27550 27775 27510 27433 27330 27373 27383 27462 1000 49 28171 27340 27706
27693 27412 27410 26560 25836 26520 27406 27800 27636 27630 27600 27766 27523 27537 27036 27656 27476 27250 27793 27610 27045 28513 27516 27016 27586 27486 27142 27586 26566 26556 1000 149 27594 27283 27137
26573 27022 27573 27753 27266 27206 27736 27493 27456 27553 27473 27536 27450 27036 26726 27553 27566 28080 27510 27573 27610 27733 28126 27866 29145 27946 27870 27303 27570 27253 1000 499 27630 27507 27517
30206 31526 42850 27666 27506 31426 31767 35083 37973 30636 36873 42350 29110 35076 42090 27456 27380 30796 30090 34860 45365 27670 27536 31192 29640 33690 45793 27550 27695 31485 1000 1498 29179 31722 38132
46396 101556 60786 38976 119343 58830 49450 125352 61943 38220 99306 83673 54892 105070 59226 34460 95642 58046 51880 117996 67116 47106 97140 67462 50550 101096 68157 46103 111000 61900 1000 4995 45803 107350 64713
71176 127636 99486 94940 129463 93427 64396 113426 81000 68176 124846 95345 70706 133130 96816 73386 144246 101402 76303 133433 93036 69630 129946 93806 79803 133430 101452 71886 121930 91102 1000 9990 74040 129148 94687
93453 171953 167043 91170 170036 138563 100466 182673 140983 100446 145263 142327 99103 163750 156206 103466 152816 173673 115873 184593 171926 102256 159193 137353 99563 166273 156943 115666 225970 162910 1000 19980 102146 172252 154792
143003 247026 283593 165390 248956 290233 142460 210293 278393 141150 222630 283032 127483 199623 251970 141930 252770 252393 140660 212903 250913 186883 249890 254956 142940 219093 229820 155503 210093 304353 1000 39960 148740 227327 267965
155753 228927 282243 161556 252340 340136 186630 261206 282906 158263 270270 373113 155400 227343 307800 156963 233345 339470 169923 238473 310496 165530 279136 344706 203446 225575 313183 184152 235406 306190 1000 49950 169761 245202 320024
182756 289603 498807 225262 298443 433290 215376 323903 522966 201310 305637 440482 220723 311123 387903 186140 274636 429440 252112 332473 492313 207346 304080 433192 203080 253960 477283 226433 325200 497580 1000 74925 212053 301905 461325
288946 348130 571210 279300 370132 635906 253363 322870 627750 241790 276586 502136 251586 301283 442146 259910 355850 688603 251030 313713 501286 248660 350667 511893 257910 328190 570966 241053 305502 622870 1000 99900 257354 327292 567476
278983 370716 710483 310223 364130 765840 322120 366127 781723 307026 445903 782593 315525 427626 770786 259733 362990 771153 304370 376407 725725 275483 444090 704930 303440 360285 690466 310790 412970 852843 1000 124875 298769 393124 755654
300696 387516 662186 341240 394336 796060 316223 406970 879783 375663 463543 868610 347473 419466 799002 316530 390463 860175 311893 469923 865456 343470 396353 937210 362466 408033 858283 354440 388603 999430 1000 149850 337009 412520 852619
506757 570037 1305543 426343 588136 1376273 401740 643057 1224625 397606 600883 1208413 411040 518980 1462187 451746 482780 1219607 384703 444057 1301210 454860 525536 1303847 413910 524766 1143420 416220 452726 930162 1000 199800 426492 535095 1247528
453033 592543 1379866 610853 727707 1706260 507826 664346 1593080 496220 560300 1340795 493883 656386 1553836 505716 633620 1484755 467883 562750 1372470 543880 580393 1220050 532593 582600 1377805 568773 825083 1457926 1000 249750 518066 638572 1448684
636570 686590 1822886 659170 661363 1854233 686056 913097 1821560 646360 739140 2001750 587106 727010 1781833 572266 643072 1690595 628333 749763 1557100 771243 761896 2421160 628946 862516 2015786 612086 718536 1559166 1000 299700 642813 746298 1852606
660903 833166 1826363 595783 724496 1809456 634916 755580 1764846 700873 772933 2395470 648440 877350 2409133 630100 797500 1954160 701503 770170 2046693 686360 713370 2208113 638396 714780 2047366 582423 828586 2128230 1000 349650 647969 778793 2058983
737603 883420 2055216 715473 816330 2117042 822100 908876 2504750 716176 881106 2636710 691746 990083 2140220 666870 839870 2211420 700223 821690 2039843 779973 893933 2243715 746126 840663 2533860 717800 796362 2146235 1000 399600 729409 867233 2262901
746773 975016 2908053 816796 931860 2311500 793216 916177 2433586 747400 828923 2423720 772563 1026760 2347046 871492 949940 2609356 1033626 1069310 2038706 770633 1049656 2666000 757106 801713 2076967 794433 913270 2627125 1000 449550 810403 946262 2444205
867280 1002286 2460100 760900 853880 2824892 783460 908476 2519546 763830 895033 2355243 840770 958357 2378663 992646 1257580 3173826 744556 951810 2572243 864260 1020443 2549113 861706 983736 2750422 813366 988632 2486553 1000 474525 829277 982023 2607060
27676 27160 27460 27770 27480 27463 27380 26940 27512 27493 27893 27687 27663 27556 27810 27406 27600 27070 27686 27603 27727 27626 27496 27653 27656 27496 27543 27653 27513 27720 3162 499 27600 27473 27564
27713 27576 31553 27956 27923 31433 27643 27636 31370 27560 27593 30300 27503 27393 31436 27600 27476 31800 27613 27627 54000 27410 26936 29283 26620 27082 31915 26646 26483 30000 3162 1499 27426 27372 33309
36126 90766 95140 36550 92543 92310 27590 27513 35293 40350 78653 81610 35573 79480 87106 39130 88616 89396 44963 80880 90780 35440 108840 89346 39366 90840 88230 27606 26593 33303 3162 4997 36269 76472 78251
163400 354457 163590 154266 346506 176767 173286 391805 179615 231526 440610 225730 176613 355240 181927 164356 387690 186483 211250 388526 208290 174533 390286 174660 175160 414500 179766 156780 403740 169766 3162 14992 178117 387336 184659
320263 638986 511143 320480 532733 444416 346580 690946 490866 347920 683575 501306 311640 561306 451690 344433 561200 472050 308020 600176 436890 332506 674023 453040 310436 566880 471326 342600 508480 474553 3162 49975 328487 601830 470728
482426 825496 797556 466826 715197 831413 493170 799876 736682 549203 857070 731660 553200 802273 801870 505307 867106 730940 566816 823396 741455 513100 807503 746082 513353 802410 728896 565526 955946 891150 3162 99950 520892 825627 773770
757750 1058475 1800066 817200 1191746 1807763 765540 1066743 1761756 733113 1078160 1631920 758560 1175303 1635970 739223 1080610 1776402 775396 1210120 1578930 781506 1276557 1521440 798283 1315592 1789293 842360 1373293 2146106 3162 199901 776893 1182659 1744964
1153933 1640510 3171440 1317510 1748356 3827252 1164163 1647316 2537710 1308226 1643052 3099396 1019203 1580266 3331213 1151360 1715930 2908255 1164915 1478045 2882882 1208850 1967790 3083256 1128460 1837623 3192952 1257416 1862553 2601363 3162 399803 1187403 1712144 3063571
1328706 2064820 3292537 1347413 1659753 3719323 1425803 1934166 4726810 1430912 1854970 3544150 1401493 1917406 3830903 1272523 1914656 3471356 1383450 1887643 4020626 1473983 2289200 3968000 1604590 1954532 4314026 1391103 2082263 3910390 3162 499754 1405997 1955940 3879812
1974520 2711200 7599743 1891746 2322513 6292882 1770413 2517302 6129826 1863683 2658542 6903243 1746256 2693983 7064706 1657526 1969786 5768696 2026603 2963086 6909796 1795193 2277873 6025902 1974787 2240010 6212023 1844363 2605733 5600816 3162 749631 1854509 2496002 6450763
1866123 2177336 6150070 2051120 2691696 5919033 1791213 2683240 6346730 1993360 2793780 6105537 1820080 2415527 5766033 1931750 2305153 7297340 1809760 2422776 6396723 1979020 2205300 6215872 2051456 2667186 7110562 1943776 2420465 5312373 3162 750000 1923765 2478245 6262027
50873 27620 37176 27773 27643 34940 27410 26673 82066 26566 26166 33800 34812 61400 37273 27110 27140 33706 27556 27483 34970 26840 26753 40255 27500 27253 33807 28476 27563 34903 10000 4999 30491 30569 40289
27516 27596 38386 117423 283847 253337 125180 295056 297810 28456 27416 48225 130943 347293 262946 27560 27552 38063 145227 290926 258836 151070 311433 323530 134296 305676 328035 27775 26680 36786 10000 14998 91544 194347 188595
669920 1782270 619600 594826 1626293 714153 667856 1662665 694703 643863 1560095 643426 652883 1694663 685976 742317 1959620 715743 679593 1627263 625000 685366 1628680 666463 698486 1821200 644306 728660 1712930 678183 10000 49995 676377 1707567 668755
1385207 2829833 1865956 1320493 2827000 1986763 1236883 2597003 1847396 1552172 3105625 1923926 1260293 2217106 1667507 1368356 2459062 2107030 1248600 2600467 1753535 1296097 2305796 1518713 1278960 2561292 1701946 1333815 2519496 1763243 10000 149985 1328087 2602268 1813601
2980526 4744820 5518165 3050463 4008926 6174396 3026346 4792576 5226586 2773086 4371550 5110246 2999913 4643405 5505323 3087253 4781513 4899420 3134637 4730283 4815980 2992190 4879146 5055963 3002633 4294770 5475453 2817313 4500940 5225436 10000 499950 2986436 4574792 5300696
3637523 5989366 8351323 3885013 5799896 7444956 3862793 5247980 7015220 3889476 5782086 8482096 3565523 5948886 7937177 4006063 5308506 7971220 4068440 5879596 7330620 3708840 6071322 8504825 3889140 5276400 7872425 3726046 5311533 8933800 10000 750000 3823885 5661557 7984366
26903 26506 69750 570373 1493416 1180120 634580 1560703 999205 589303 1502326 979836 571476 1682480 1022180 27606 27493 72455 27896 27710 72086 566760 1579173 1047050 27510 27450 73203 596260 1741586 1096823 31622 49995 363866 966884 661270
2599560 5814427 2592300 2488866 6143033 2387372 2240193 6013926 2607480 2815033 5851936 2608296 2605276 6314610 2902562 2463676 6242143 2539006 2575362 5960132 2263156 3044430 6292070 2689640 2587662 5891506 2388066 2464160 6484260 2445350 31622 149987 2588421 6100804 2542322
5617016 8957012 7679866 6217423 8887743 8017530 5910346 9082090 7160916 5550795 9322433 7015633 5999510 8602943 8094665 5657976 8906505 6748713 5563076 9335250 6778533 5330630 8926892 6949793 5542966 9213190 8094046 5932343 9507400 7966910 31622 499959 5732208 9074145 7450660
7407860 11157116 10746043 7511073 11327096 10786846 8338800 11086235 11566383 8205313 11423636 11216216 7785260 11870776 10856560 8092476 11413513 10843035 8087226 11054640 10477220 8297510 11871762 10441273 7790080 11452620 10802920 7933553 11974435 10987760 31622 750000 7944915 11463182 10872425
