28906 31283 33457 28873 28703 29595 28813 28666 28733 28810 28713 29102 28816 28763 28773 28846 28716 29922 28760 29020 28703 28710 28903 28753 29070 28746 28740 28796 28740 28690 3 1 28840 29025 29446
28736 28726 28690 28666 28723 28653 28786 28676 33910 33973 28696 28696 28923 28746 28743 29030 28740 29413 28916 28726 28713 28690 28690 28710 28736 28773 28623 28820 28743 28716 3 1 29327 28723 29286
28846 28736 28660 28796 28656 43972 59432 28810 28823 28863 28743 28777 28780 28720 28850 28786 28830 45172 28680 28893 28820 28676 28683 28696 28760 28740 28813 28776 28690 28810 3 1 31839 28750 31939
28936 28736 28815 28886 28750 28870 28973 28760 28733 28806 28700 28826 28936 28766 31093 30486 28776 28703 28750 28660 28690 29350 40753 28746 28750 28880 62773 42602 28706 28690 3 2 30447 29948 32393
28953 28663 28696 29427 28690 28683 28826 28687 28660 29612 28657 28656 28783 28706 28792 29252 28720 28690 28723 28726 28720 28873 28763 28693 28916 28770 28706 28816 28740 28706 3 2 29018 28712 28700
28670 28700 28786 28690 28723 28733 28913 28796 28726 28830 28700 28660 29263 28943 29070 29010 28716 28753 28716 28750 28680 28696 28680 28770 28716 28733 28750 28696 28746 28783 3 2 28820 28748 28771
28720 28730 28763 30940 28736 29300 28896 28706 28733 28866 28723 28836 28803 28686 29575 28713 28733 28660 36773 31303 28806 28776 28720 28713 28740 28770 28662 28680 28726 28760 3 2 29790 28983 28880
29780 58193 28725 28810 28780 28757 28846 28676 28746 28840 28717 28893 30500 34943 36856 36533 35656 28752 28983 28763 28660 32813 32886 29016 28713 28740 57720 28716 28730 28730 10 1 30253 33408 32485
28710 28813 28750 28773 28760 47732 29570 28676 28736 28960 28730 28773 28806 28830 28730 28733 28743 28696 28733 28800 28746 29420 28660 28753 28726 28673 28726 28703 28716 28730 10 3 28913 28740 30637
30652 28660 28723 28873 28803 58233 28763 28763 28720 28706 28680 28773 28703 28730 28697 28690 28740 28742 28830 28733 28730 28753 28703 28675 28690 28793 28713 38713 28790 28702 10 4 29937 28739 31670
28743 28720 28743 28846 28746 28720 29063 28716 28756 43710 28700 28696 28676 28736 28713 28886 28720 28750 29203 28753 38266 60770 28840 28780 29523 28746 28696 28843 28697 28723 10 6 33626 28737 29684
28846 28727 28736 28830 28696 28686 28906 28696 28803 28706 28716 28683 28756 28766 28763 57766 38206 28853 29126 28753 28746 29230 28706 28650 29060 28686 50250 28960 28723 28800 10 9 31818 29667 30897
28736 28710 28780 28960 28693 28706 31393 28715 28753 46465 31440 30650 44706 28925 28810 28793 28880 28830 30690 29060 28915 29510 29390 29103 29236 28753 28790 28896 28917 29033 10 11 32738 29148 29037
31132 49806 28756 29036 28753 28746 29323 28762 28763 28950 28716 28723 28826 40906 28886 29103 28703 28766 28830 28710 28686 28980 28686 28700 29136 28750 41342 35623 37286 28763 10 13 29893 32907 30013
28930 28730 28660 29260 28735 28740 28700 28663 28820 28993 28703 28705 29263 28815 28700 28773 28676 28792 28856 28776 28683 29573 28786 28870 28983 28700 28723 28736 28706 28686 10 18 29006 28729 28737
28900 28790 28793 28860 28733 28700 28956 34996 44300 29123 28760 28740 28876 28806 28693 28850 30166 28703 29086 28760 28853 28756 28700 28722 29063 28760 28670 29110 28713 28710 10 22 28958 29518 30288
28876 28752 28770 28916 28710 28780 28793 28750 28693 28760 28936 28710 28833 28713 28720 28790 28756 28703 28866 28786 28666 28813 28723 28826 28836 28733 28740 28986 28723 28850 10 27 28846 28758 28745
28733 28736 38883 35866 28943 29173 29546 34833 33996 29783 28863 29100 28990 28737 28650 30482 28730 28710 28933 28743 29063 28733 28780 28715 29046 28673 28707 28796 28900 28773 10 31 29890 29393 30377
28806 28630 28680 28933 28843 28760 29066 28742 28730 28866 28765 28690 28866 28733 28686 39676 62353 33276 66003 29090 28986 29266 36267 29010 31286 52852 29093 29513 28966 28913 10 36 34028 35324 29282
30952 28766 28750 28816 28713 28706 29630 28790 28836 28923 28833 29070 29076 28723 28770 29043 28743 28736 28756 42722 32763 28976 28790 28713 28876 28810 28720 28776 28746 28730 10 40 29182 30163 29179
28736 28816 28863 28696 28753 28693 28750 28743 28800 28806 28773 28810 28766 28730 28390 28570 28753 28713 28786 28897 28745 28783 28736 28723 28863 28713 28747 28860 28726 28733 10 42 28761 28764 28721
29123 28693 28693 28920 28713 28713 28730 28730 56793 30223 55703 64203 29296 28786 28740 28710 28836 28820 28793 28750 28946 28740 28686 28680 28750 28987 28690 28710 28756 28727 31 1 28999 31464 35100
28716 28786 28736 28690 28696 28716 39246 28833 28750 28773 28806 28775 28860 28786 28720 28850 28656 28816 28930 28716 28696 28710 28730 28716 28730 28766 28670 28706 28733 28745 31 4 29821 28750 28734
28856 28693 28660 28830 28736 28750 28870 28796 28650 28816 28783 28656 28696 28683 28693 29106 28746 28670 28733 28743 28683 28656 28750 28740 28850 28653 28710 29016 28663 28630 31 9 28842 28724 28684
28893 28673 28670 28813 28723 28646 28986 28823 28840 28870 46362 28790 28780 28836 28770 28890 28743 28750 28963 28813 28886 29110 28720 28676 29226 28700 28852 28876 28710 28713 31 18 28940 30510 28759
28860 28693 28803 28766 28965 28710 28853 28743 28663 28893 28690 61862 29103 28723 28710 28973 28763 50826 28740 28743 28713 28686 28760 42686 29070 28726 28686 28730 28686 28746 31 37 28867 28749 35640
28753 28746 28735 28736 28743 28706 29166 28793 28812 28760 28850 28683 29370 29010 28780 29073 28783 28826 28923 28770 28816 28783 28850 28710 28676 30096 28753 28850 28696 28736 31 46 28909 28933 28755
28826 28773 28890 28820 28980 28926 28750 28713 29056 28820 28810 28996 28860 28763 28780 28860 28970 28830 28743 28806 28900 57680 57650 30403 28720 28743 28883 29166 28753 28843 31 69 31724 31696 29050
29063 29113 57543 31343 28913 28990 28946 28883 28940 28876 28980 28843 28826 53830 57363 42902 28850 28933 29866 28906 28866 28786 28806 28890 28746 28956 28820 28936 28810 29316 31 93 30629 31404 34650
29260 29203 29183 29246 28936 28880 28943 28876 28902 28800 28853 28926 29683 28866 28977 28803 28863 28925 28820 29053 28853 28733 35963 51456 29076 28900 28903 28690 28843 28813 31 116 29005 29635 31181
29593 29223 28973 28786 28963 28820 28813 28965 28910 28790 29106 29070 28950 46600 29123 28963 28993 28936 29866 28925 28970 28803 28826 28923 28806 28946 29007 28846 28966 29160 31 139 29021 30751 28989
28906 28946 29090 29113 29102 29033 28893 29080 29005 34073 29110 29020 28930 29003 29120 28823 28953 28896 29333 28976 29032 38035 29056 29173 29033 28945 28963 28863 28945 29002 31 186 30400 29011 29033
28910 29077 29016 29263 29340 29196 28936 29230 29126 28963 29070 29093 28916 29246 29050 28963 36983 29283 28973 28920 29092 29263 29097 29106 28980 29010 29140 29850 60560 44327 31 232 29101 33053 30642
29380 29346 29205 28953 29056 29066 28956 29310 29786 29026 29060 28990 29153 29012 29116 29036 28993 30025 29060 29010 29435 57610 53660 34423 34063 31550 31946 29310 36350 29223 31 279 32454 32534 30121
29113 29060 29013 28956 29006 29030 29153 28953 29400 29336 29073 29486 30247 29003 29553 29286 29046 29550 29246 29213 29285 29023 29160 29216 29126 29315 29366 29083 29280 29293 31 325 29256 29110 29319
29006 29335 29586 29086 29320 29477 29800 35343 29136 29186 29300 29110 29120 29206 29430 29280 29277 29190 29060 29373 29363 29226 29250 29606 29200 29176 29550 29450 29265 29433 31 372 29241 29884 29388
29203 45195 58763 58263 61896 29550 29130 29323 29475 29220 29145 29617 29093 29106 29295 29086 29275 30520 29150 29295 29206 29133 29443 29523 29140 29362 29440 29050 30015 29360 31 418 32046 34205 32474
29163 29330 29186 29086 29133 29483 29140 29405 29570 29076 29376 29960 29246 29210 29620 29460 29406 54863 29136 29146 29547 29140 29296 29617 29163 29050 29660 29016 28973 29203 31 441 29162 29232 32070
28733 28733 28713 28706 28780 28687 28723 28723 28686 28740 28795 28660 28893 28670 28737 29050 28730 28700 28800 28805 28686 28793 28747 28690 28826 28687 28726 28870 28760 28846 100 1 28813 28743 28713
28840 28743 28993 28903 28750 28693 28760 28743 28740 28703 28726 28703 28990 28706 28666 28733 28526 28670 28850 28740 28703 28820 44000 47990 29352 28736 28763 28803 28703 28692 100 4 28875 30237 30661
28903 28733 28743 28823 28697 28703 28996 28732 28736 28700 28776 28663 28676 28763 28703 28683 28703 54630 28983 28753 28713 29133 28826 28810 28770 28973 28716 28726 28247 34370 100 14 28839 28720 31878
60612 31353 30336 28910 28775 28803 28873 28710 28770 28996 55016 57443 31460 31550 29126 29240 28983 28770 28803 28783 28713 29986 28633 28683 28823 28680 28736 28730 28696 28777 100 49 32443 31917 31815
28766 28666 28513 28636 55083 28705 28740 28756 29066 28736 28663 28710 28880 28743 28876 29250 28713 28733 28820 28646 28673 28816 28746 28756 28863 28726 28726 30230 48280 29096 100 99 28973 33302 28785
28866 28960 29502 28756 28743 28703 28836 29043 29533 44885 39383 29340 28903 28753 28703 29076 29223 29390 30412 29093 29816 29376 29110 29200 29160 29283 29516 28850 28790 28763 100 198 30712 30038 29246
29356 30160 29636 29273 29473 29667 29203 29540 29880 29300 29426 29716 29280 29750 29556 29306 29306 30033 29203 29196 29496 29163 29420 29563 30126 29652 29486 58296 51233 29910 100 396 32250 31715 29694
29173 30013 29915 29263 30040 29975 29203 29663 29713 29366 29390 31012 29343 29590 29523 29163 30092 29716 29410 47752 60823 29350 29920 29926 29236 28356 28940 29293 30056 30020 100 495 29280 31487 32956
29543 29806 30450 29543 30083 30290 29300 30256 29660 29346 30456 29913 29493 30673 30283 29586 30193 31330 30246 29826 30723 29430 29936 30735 29483 30293 30450 29586 29763 30603 100 742 29555 30128 30443
29470 30213 31137 30203 30200 30803 29630 30373 30846 30615 30383 30620 29750 30166 30616 29773 30560 32080 29526 30370 30820 29783 30243 30610 29730 30376 31373 30060 30876 32210 100 990 29854 30376 31111
30070 30633 32016 29996 30253 31356 30503 30980 31796 29990 30760 31646 30073 30923 31266 29956 30763 31250 29783 31206 31183 30083 30656 32670 30140 30706 32536 31337 30826 31846 100 1237 30193 30770 31756
30626 31386 32856 30503 31143 31486 30446 31093 32443 30163 31546 31930 30676 31553 33793 30480 31623 33256 30480 31136 31940 31310 31636 32146 30570 31843 32723 30006 30500 32827 100 1485 30526 31345 32540
30873 33133 33333 31336 32483 33926 30393 31406 32710 31956 33126 33296 31910 31930 34026 31090 33316 33993 31133 32806 33400 31160 32643 33930 32263 32423 35100 31813 32540 33470 100 1980 31392 32580 33718
31860 33250 35583 31220 33023 36020 33642 35320 37543 31533 32070 35566 31630 32306 35576 31683 33656 37230 32320 33856 37086 32553 33226 37220 32670 33196 35923 31900 34343 35923 100 2475 32101 33424 36367
32126 34836 39330 32266 34353 37506 32853 34093 37293 32386 34480 35840 32156 34540 37233 32960 33140 40503 31900 33390 37306 32053 33566 37266 33026 32583 39023 63103 35193 38646 100 2970 35482 34017 37994
33463 34246 36763 32883 35550 40653 33313 33583 38620 33900 33966 40803 32920 44936 37000 34880 34846 40550 33176 34643 42016 33793 34846 38740 33840 34550 38760 33280 34516 38730 100 3465 33544 35568 39263
33860 36080 37940 33873 35966 42196 33030 35976 40150 34840 35100 40273 33203 34756 37796 33256 34083 40093 34003 34096 40300 66086 37006 39843 33103 33430 37640 54517 34640 40056 100 3960 38977 35113 39628
33890 35627 41947 33836 44803 41920 35080 36253 46350 35470 34893 41645 34283 35823 44040 33850 34073 41190 34373 34310 43676 34403 36113 78562 33796 35460 46060 37627 36843 47007 100 4455 34660 36419 47239
35330 37283 42883 33846 34943 42420 36196 36460 90170 34733 36660 44926 34473 37340 42300 36343 36423 44800 35283 36076 42240 66386 35703 44883 33780 34430 42073 35680 38260 42966 100 4702 38205 36357 47966
28730 28703 28720 28693 28696 28752 28726 28736 28756 28830 44800 57707 29136 29153 29110 57743 54820 28707 28766 28686 28703 28933 28777 28683 28873 28826 28743 28843 28697 28750 316 4 31727 32989 31663
28723 28690 28773 40753 28700 28726 28866 28657 28713 28806 28752 28763 28853 28705 29533 49773 28700 28706 28900 28716 28715 28846 28760 28690 28806 28773 28702 29242 28696 28733 316 14 32156 28714 28805
28830 28720 28716 28860 28716 28680 28706 28736 28723 29103 28726 28670 28916 28700 28673 28750 28700 28740 28703 28740 28680 28760 28713 28656 28733 28746 28740 28716 28736 28703 316 49 28807 28723 28698
28823 28716 28760 28330 28673 28820 28893 28685 28720 28870 28666 28670 28503 28116 28653 28623 28733 28190 62690 28686 28703 29006 28715 28680 28690 28733 28706 28746 28786 28850 316 149 32117 28650 28675
28726 28703 29080 28700 28690 28780 29176 29993 31503 29056 29590 45872 28740 28700 29013 29090 29856 32353 29176 29336 32463 29073 30027 30700 28886 28807 28990 29130 29323 31366 316 497 28975 29302 32012
29760 30970 31653 29853 33713 76813 29936 31246 33170 29870 34635 32270 29936 32123 32996 29933 31616 32040 30080 31140 32593 29786 31570 32090 30293 69813 64956 29726 32013 33212 316 995 29917 35883 40179
31570 36046 37266 31443 36636 36526 31573 44107 37640 32296 45523 37813 31383 38870 37440 31373 38166 36420 31170 43270 36680 31746 41347 38865 31286 35736 36910 32083 43283 40706 316 1990 31592 40298 37626
41015 49662 47326 36290 66985 104410 37156 50616 43083 39456 53215 47186 36916 47010 43983 37250 84882 44016 36803 43080 48296 38220 98846 48530 35016 48336 47720 38466 90140 55805 316 3981 37658 63277 53035
38723 48783 121596 40936 50100 47103 40640 62656 52485 41073 55366 47170 36946 63406 47770 39673 58590 50266 39430 84220 53376 39530 45343 53210 40053 52770 47520 39073 50306 50053 316 4977 39607 57154 57054
45786 61886 63023 42556 52326 54733 44953 58453 66230 45126 62213 63553 47116 62036 61290 44933 58770 63580 46903 51720 54443 42170 65216 67316 43480 61740 64016 45970 65070 61813 316 7465 44899 59943 61999
53466 65600 72416 48290 65686 72293 49220 56706 66923 46333 64656 71136 47026 64906 72520 51023 64996 78906 47246 58300 65513 50916 75833 74760 66850 60210 73226 49343 71136 77366 316 9954 50971 64802 72505
52866 81720 83103 51146 67050 91520 51320 78336 84880 54070 76090 84573 52980 61046 70140 50726 64793 82523 53733 67066 76786 48630 66756 84810 51600 72713 91856 53653 65353 83836 316 12442 52072 70092 83402
56773 72572 85886 52923 64886 85033 62730 74703 95936 56043 78980 113003 72060 62590 94090 53073 66790 112023 58153 66733 122247 110546 77066 97960 50110 66892 94073 56480 75586 85313 316 14931 62889 70679 98556
59620 77613 106407 63240 72816 116076 65686 81443 116096 63790 71530 104993 67470 90656 129733 64146 80530 104236 70627 75516 104580 62743 69760 114846 62553 80423 117262 60240 69566 102913 316 19908 64011 76985 111714
72926 98593 139352 79996 90163 155376 68256 69526 140050 75296 77086 137896 79560 99276 138096 72663 79090 137623 73946 101250 143700 73850 79376 137836 70556 78690 138963 74873 84770 137300 316 24885 74192 85782 140619
89576 93280 159723 72406 133837 147466 81026 115313 158386 83786 85633 161763 70083 90146 184417 81160 85473 156640 79613 105986 158450 72190 88183 139833 76393 86763 158173 96895 98473 176946 316 29862 80312 98308 160179
123543 92572 160333 111477 105316 179916 160976 167840 138910 84276 115076 200793 80423 93333 192570 87336 103660 159453 91470 97253 181930 78393 89646 200767 76746 89186 157850 75286 96703 171736 316 34839 96992 105058 174425
89733 107373 253346 101533 109620 200276 95650 102153 226410 91593 126263 179180 93290 105950 202096 93816 106973 180880 126930 104933 225350 97096 108363 206302 92396 114960 201263 95390 113050 201686 316 39816 97742 109963 207678
100266 103310 224680 104773 120442 221700 141742 122610 300413 99403 119535 223156 95746 105980 298696 99296 129816 248960 100493 118836 248315 100146 115730 220980 85493 97590 246610 99023 105137 247523 316 44793 102638 113898 248103
109296 117165 232663 107770 119390 264600 112496 113330 260543 108006 114783 289386 104713 117512 232493 91500 110680 205810 105306 127390 234923 133760 118516 207626 103810 129900 233643 118400 105873 207033 316 47281 109505 117453 236872
28786 28706 28775 28693 28690 28783 28940 28733 28820 29715 28760 28726 29087 28486 28790 28986 28796 28933 28946 28546 28576 29872 28733 58496 28893 28953 28867 28826 28743 28690 1000 49 29074 28714 31745
28913 28740 28170 28616 28540 28710 28870 28945 28340 28580 28237 28753 28846 28066 28753 29286 28826 28876 28846 28823 28795 28353 28180 28253 28883 28746 28683 28766 28476 28856 1000 149 28795 28557 28618
29280 28646 28783 29010 28693 28357 28573 28370 28605 30270 28807 28826 29635 28773 28543 28753 28800 28593 28860 28610 28810 28726 28826 28933 28853 29510 29013 28906 28753 28796 1000 499 29086 28778 28725
30636 34136 40550 28846 28696 29410 30373 32853 37353 30763 37076 43855 30323 34853 40163 28930 28676 29467 30413 35023 44236 28783 28797 29346 30306 34083 43815 28893 28793 29953 1000 1498 29826 32298 36814
47366 104730 57620 48006 120116 56900 48386 89353 62956 41756 103893 61075 49673 104890 57850 47060 95745 59317 52376 121746 63180 47670 101066 62645 51613 107413 64330 46573 113620 57973 1000 4995 48047 106257 60384
76793 132723 97410 78200 136623 91742 67810 115526 80140 72536 128210 95067 73976 137083 93935 75623 147693 103015 80213 139512 94320 74310 133812 97020 82926 136626 100920 81685 123463 95673 1000 9990 76407 133127 94924
96846 178573 154546 95763 173410 148440 103483 178720 149835 103913 150546 145256 103456 170013 162740 116213 155955 172170 117740 184240 171883 106130 161383 140490 103776 167943 156673 118963 218807 170533 1000 19980 106628 173959 157256
151483 253337 286763 171323 252616 293943 147380 216045 282026 146846 231007 284980 131386 202286 251046 146840 242286 254800 144450 217056 255940 159590 251130 261733 158170 221153 234060 158643 213470 307437 1000 39960 151611 230038 271272
159650 226530 277920 163493 252645 334726 188486 269216 279840 169293 269203 372746 155480 225130 305353 157506 227950 334796 177186 251133 313936 165120 278813 341200 200776 223610 304903 174170 237403 304120 1000 49950 171116 246163 316954
226490 288446 491076 218330 292323 425236 216813 323883 515146 199323 305905 435790 225683 310333 385776 188783 270723 445610 243743 335636 482113 215653 306070 436135 201743 253290 481650 224240 320436 495153 1000 74925 216080 300704 459368
283116 343243 564293 278953 362390 629596 249086 311720 634586 238533 272350 497043 241103 301346 436970 256413 354973 688960 246976 327803 558183 250443 341390 509290 254483 321142 568506 240976 303906 651022 1000 99900 254008 324026 573844
269930 362777 707283 311473 365547 768413 318603 366703 785680 309303 443653 778976 287373 428113 792067 260993 360706 771480 308566 377940 704673 273376 434966 746100 295226 356965 721282 301450 400423 867247 1000 124875 293629 389779 764320
303266 387196 664383 335560 389890 772923 310110 394413 892792 409492 442940 881650 339880 411890 767036 321453 387356 908790 336133 464030 837543 346266 390376 965575 359630 417836 904036 343550 389210 952226 1000 149850 340534 407513 854695
460110 569660 1345370 432823 579863 1284073 407853 627800 1304070 393183 589733 1202346 394373 508256 1414483 504107 465160 1341132 381323 436845 1376927 441480 513666 1177926 414013 515176 1208603 459435 450006 944017 1000 199800 428870 525616 1259894
445113 579490 1328896 603376 700156 1592180 497690 662323 1507840 479046 538490 1293980 477810 638600 1543093 491233 621316 1592830 496790 517530 1354146 533196 565106 1182903 508093 562536 1459796 614200 796213 1682385 1000 249750 514654 618176 1453804
562283 666963 1976756 643466 646173 1848436 637263 871956 2041030 627096 728913 2166583 598610 707473 1853135 571530 621162 1607766 584760 722050 1571606 703067 769213 2450247 591866 875380 2162375 657690 711650 1552350 1000 299700 617763 732093 1923028
628823 854667 1884370 587606 737517 1797540 706963 735040 1862373 741840 761336 2373313 701063 844252 2340020 637756 815027 1860857 686450 749200 2046326 653603 736526 2065940 619043 678483 2216470 574506 783677 2385033 1000 349650 653765 769572 2083224
709846 854126 2016166 708013 803450 2087916 735360 935133 2367537 710193 858652 2614223 712146 1058180 2186025 661130 817862 2116102 670136 830150 2036916 765426 859563 2197253 737960 825965 2432645 704233 778536 2134970 1000 399600 711444 862161 2218975
773833 910296 2683096 761736 886017 2348540 900017 898456 2262436 734753 791396 2820430 786540 1047343 2305836 815116 938213 2640140 1058943 1067696 2044847 745593 1034223 2675165 738066 798090 2051815 970196 913933 2673493 1000 449550 828479 928566 2450579
887146 1030850 2500650 758026 830165 2728680 778420 894076 2401603 778906 888760 2680505 863226 973773 2438773 970123 1245473 3173742 780336 958463 2390980 824673 1004000 2514833 850420 993603 2888537 843510 958985 2442355 1000 474525 833478 977814 2616065
28826 28716 28923 28970 28646 28563 28933 28716 28950 28853 28710 28933 28203 28442 28422 28823 27860 28810 29150 28773 28660 28580 28172 28616 28403 28196 28697 28975 28387 28356 3162 499 28771 28461 28693
28866 28693 29306 28773 28580 29160 28713 28557 29163 28796 28700 29213 28833 28537 29166 28730 28783 28690 28883 28686 28776 29240 28713 29265 28773 28836 29383 28710 28532 28565 3162 1499 28831 28661 29068
48170 88200 92660 39143 89736 92747 28930 28697 31806 42860 83063 78050 38160 83766 85426 41033 93230 86580 38323 84967 91900 37740 110810 86073 43086 95946 85416 28766 28665 31753 3162 4997 38621 78708 76241
168203 359785 162606 160636 347973 174733 178040 399843 179356 237183 440867 206953 178883 353610 180383 166660 385526 182713 214770 388453 207746 177333 385983 175720 178216 414683 178946 159696 397960 165940 3162 14992 181962 387468 181509
315440 600743 513003 317986 528086 444000 355700 646740 502952 351086 672926 488440 312863 562836 446716 349553 558190 469933 309070 561245 443443 336260 688280 449923 308146 580403 477293 338260 505656 473820 3162 49975 329436 590510 470952
494083 828697 793620 457170 715773 833963 500580 804753 735776 473856 855196 744393 548423 799160 784496 480496 858776 737833 555270 812276 727980 503370 789676 718480 499490 792856 722070 580692 935806 861126 3162 99950 509343 819296 765973
734500 1044113 1602133 792696 1157503 1710516 788260 1030150 1731790 743126 1089582 1602990 742560 1176896 1575876 723793 1052636 1701803 748533 1175536 1718873 769846 1247736 1484710 786086 1299750 1740573 809216 1339453 1960420 3162 199901 763861 1161335 1682968
1122440 1590840 3063760 1304966 1754213 3731816 1148790 1702177 2579126 1248476 1647426 3232100 1045676 1559420 3062350 1119146 1669510 2772153 1071980 1494583 2833697 1201466 1976230 3056546 1151200 1823943 3269990 1169836 1799550 2484766 3162 399803 1158397 1701789 3008630
1335060 1997683 3214827 1311816 1612327 3793890 1426063 1893766 4546433 1358786 1933870 3577633 1421460 1975366 3961407 1261470 1918773 3718410 1367000 1853950 4259727 1575122 2281563 3978370 1605943 1939652 4230553 1352130 2035552 3841503 3162 499754 1401485 1944250 3912275
1894110 2436955 5550880 1808833 2258973 5734227 1686390 2542613 5528185 1820810 2607280 6060730 1742396 2660560 6195480 1659856 1910200 5497810 2056720 2880143 6558420 1620873 2138006 5466226 1826433 2161830 5471976 1819240 2488060 5496723 3162 749631 1793566 2408462 5756065
1726063 2169020 6408770 1917400 2665923 5521087 1705183 2608000 6012346 1914013 2764076 5509726 1702420 2377567 5446020 1770193 2285786 7362723 1721600 2361583 5379453 1834036 2098336 6074137 1971346 2639270 6875656 1827823 2373192 5034096 3162 750000 1809007 2434275 5962401
28686 28340 34480 28836 28682 32496 28786 28770 35396 28790 28700 32450 28756 28743 35440 28853 28736 32380 28726 28753 32470 28726 28796 38513 28810 28680 32323 28883 28676 32273 10000 4999 28785 28687 33822
28816 28770 41823 123803 301030 254350 129293 302296 301737 29816 28743 49506 135343 350716 267937 28870 28723 40026 148260 291870 262176 184570 299676 345852 128616 306733 332050 28840 28772 39370 10000 14998 96622 196732 193482
668187 1675920 617690 587796 1608172 688690 668630 1735810 697323 646296 1577863 623170 641860 1671683 688643 647470 1892223 705100 659910 1579315 604850 665993 1623236 644400 673120 1810360 651092 717280 1713913 691473 10000 49995 657654 1688849 661243
1346606 2794666 1821113 1295620 2832800 1873146 1261157 2549780 1755050 1500386 3097197 1791760 1225656 2109823 1583847 1341426 2507980 1958950 1270475 2583143 1812912 1246636 2264446 1492000 1298922 2515977 1660940 1246983 2492160 1752410 10000 149985 1303386 2574797 1750212
2952490 4738397 5779340 3029606 3981445 5872015 3337146 4724412 4963965 2708430 4288937 5059777 2969783 4509932 5479723 2888420 4855162 5013617 2957540 4612206 4404873 2937813 4845816 4997120 2906923 4141393 5301793 2834880 4471230 5227586 10000 499950 2952303 4516893 5209980
3602770 5890946 8621913 3860693 5646322 7668260 3810783 5144610 7195460 3765736 5686393 8439482 3622323 5918733 7536416 4016660 5203503 7491352 3995686 5748330 6953993 3625366 6010790 8264000 3864563 5439700 7727410 3650150 5184605 8806536 10000 750000 3781473 5587393 7870482
32633 28703 70373 592037 1553880 1112210 666090 1562376 975406 588893 1580150 986283 587730 1739686 1033780 28883 28707 70093 28850 28753 70857 560790 1557590 1019860 28763 28730 71170 579270 1769600 1089083 31622 49995 369393 987817 649911
2565323 5720050 2513236 2474807 5990586 2340367 2321220 5858480 2422760 2953326 5857223 2575030 2699516 6272300 2796767 2488525 6166166 2452990 2442506 5769750 2231883 2984642 6151830 2628625 2444710 5807913 2347623 2393246 6236540 2374407 31622 149987 2576782 5983083 2468368
5628270 8803167 7543636 6064513 8824660 7889917 5610530 8867500 6942073 5285663 9455987 6764950 5738013 8880875 7839393 5450250 9026176 6642133 5655966 9236540 6732215 5363570 8807790 6862040 5512423 9167676 7831756 5804026 9584616 7703320 31622 499959 5611322 9065498 7275143
7530313 10968370 11333686 7562267 11151820 10634480 8595123 10854746 11116656 8058013 11007686 10699020 7542570 11605180 10330656 7693060 11194742 10499600 7856580 10985066 10537506 8534217 11655113 9975123 7845480 11347772 11037430 7874450 11829055 10752796 31622 750000 7909207 11259955 10691695
