29210 27356 27106 27323 27290 27253 27490 27107 27256 26880 27076 27323 27563 27490 27426 27566 27575 27555 27460 27540 27210 27383 27670 27360 27303 27402 27300 27870 42027 36740 3 1 27604 28853 28252
27593 27506 27263 27473 27493 27510 27470 27256 27370 27336 27567 27656 27486 27483 27503 27563 27570 27583 27720 27507 27313 28077 27605 27502 27650 27503 27536 27700 27763 27586 3 1 27606 27525 27482
27490 27777 27323 27706 27462 27463 27630 27267 27556 27573 27390 27307 27303 27403 27345 27330 27343 27683 27336 27520 27553 27686 54993 26986 27450 27446 27473 27780 27506 27503 3 1 27528 30210 27419
27503 27460 27440 26543 26716 50853 27503 27383 27370 27426 27597 27465 27306 27596 27556 27583 27420 27430 27553 27280 27390 27660 27520 27546 27510 27233 27225 27463 26660 26506 3 2 27405 27286 29678
26786 27750 27572 27390 27347 27606 27543 27506 27476 27420 27476 27606 27543 27636 27583 27020 27250 27172 27116 27176 27500 27570 27520 27276 27770 29547 28326 29305 27386 49896 3 2 27546 27659 29801
27773 27246 27303 27550 27516 27636 27343 27213 27290 28193 27453 27603 27743 27476 27456 27553 27210 27272 27466 27366 27250 27353 27686 27183 27400 27420 27593 27610 27226 27340 3 2 27598 27381 27392
27436 27232 27266 27440 27183 27312 27590 27756 27166 28110 45783 27755 27386 27186 27316 27593 27536 27210 28096 27386 27513 27916 28133 27423 27320 27393 27300 27453 27157 27390 3 2 27634 29274 27365
27276 27556 27576 27366 27286 27580 27366 27193 27060 27410 27566 27473 27120 27032 26900 27520 27330 27363 27990 27136 39667 37763 27470 27552 27280 27345 27266 27070 27176 27333 10 1 28416 27309 28577
27493 27440 28376 27056 27240 27253 27496 27296 27620 27596 27263 27540 27520 27743 27597 27676 27603 27430 27690 27560 27543 28232 27676 27393 27520 27562 27146 27490 27607 27320 10 3 27576 27499 27521
27516 27725 27357 27640 27443 27443 27630 27570 27566 27506 27660 27680 27306 27567 27386 27060 27053 27063 28055 26860 27136 27493 27343 27903 27423 27403 27490 27493 27700 27463 10 4 27512 27432 27448
27673 27643 27510 27766 27570 27526 27356 26780 26366 27090 27680 27576 27506 27640 27426 27860 27403 27400 27883 27516 27316 27540 27385 27595 27480 27813 27023 27210 27503 27803 10 6 27536 27493 27354
27913 27610 27616 27990 27083 27103 27880 27466 27732 27530 27430 27090 27553 27650 27303 27806 27580 27496 27503 27160 26483 27026 26783 64837 28246 27700 27763 27706 27650 27413 10 9 27715 27411 31083
29435 29077 27000 28020 27860 27642 29115 27503 27560 28003 27807 27636 27813 27636 27506 27446 27363 27403 28032 27490 28460 27676 27555 27430 27773 27543 27770 27553 27583 27530 10 11 28086 27741 27593
27790 27317 27363 27400 27323 27473 27526 27226 27056 27760 27463 27523 27923 27576 27697 27836 27516 45233 28010 27436 27403 27580 27040 27560 27556 27396 27230 27423 27236 27293 10 13 27680 27352 29183
27393 27486 27366 27620 27420 27200 27140 27100 27305 27666 27527 27530 27670 28002 29676 27656 27550 27653 27590 27426 27326 27716 27583 27563 28875 27523 27367 27766 27486 27635 10 18 27709 27510 27662
27783 27496 27557 26786 27370 27442 27660 27436 27703 27623 27632 27520 27533 27720 27453 27703 27566 27360 27636 27273 27423 27833 27700 56690 27490 27603 27620 27756 27750 27540 10 22 27580 27554 30430
27906 27590 27397 27763 27136 27223 48500 27446 27483 27683 27596 27430 27716 26483 26506 27606 27423 27436 27620 27520 27496 27140 27643 27616 27626 27566 27273 27576 27450 27636 10 27 29713 27385 27349
27820 27540 33573 27723 27540 27593 27466 27513 27463 27486 27323 26980 26983 26586 26630 27656 55123 27246 72735 42182 26873 26913 26976 27030 27503 27323 50180 27976 27250 27046 10 31 32026 31535 30061
27373 26853 26930 27706 27630 27362 27693 27553 27026 27436 27196 30646 27956 27530 27496 29377 27506 27540 27630 26526 26935 26816 27430 27350 27863 27616 27486 27526 27553 27655 10 36 27737 27339 27642
27930 27343 27300 27666 27850 27613 27093 27686 27856 27783 27533 27340 27403 27700 27340 27800 27576 27490 27660 27090 27236 28136 27436 27773 28995 27810 27536 27970 27560 27583 10 40 27843 27558 27506
27760 27552 26870 26723 27273 27410 27550 27620 27720 27733 27732 27370 27406 27406 27433 27770 27540 27553 27606 27585 27572 27316 27253 27046 27623 27593 27560 27576 27500 27130 10 42 27506 27505 27366
27146 27555 27675 28110 27583 27665 27710 27553 27596 27580 27500 27496 27790 27943 27580 27613 27330 27833 27600 27676 27615 27590 27500 27536 27780 27466 27456 27460 27406 27450 31 1 27637 27551 27590
27996 27247 26987 27483 27483 27485 27640 27586 27645 27496 27656 27453 27280 27470 27386 55376 52953 27630 27736 27240 27535 27643 27435 27766 27580 27707 27533 27426 27790 27610 31 4 30365 30056 27503
27550 27730 27503 27490 27290 27326 27630 27513 27530 27570 27260 27456 27550 27523 27526 26750 26680 27516 27536 27233 27310 28090 27675 27480 27817 27497 27120 27393 27226 27326 31 9 27537 27362 27409
27626 27486 27490 27813 27353 27562 27626 27506 27560 28336 27590 27536 27610 27477 27520 27403 27460 27480 27393 27410 27600 27526 27580 40837 38003 27986 27610 27263 27236 26690 31 18 28659 27508 28788
28377 27203 27446 27850 27493 27583 54626 36293 27585 27523 27690 27473 27500 27423 27435 27616 27572 27393 27453 27380 27320 27916 27396 27433 28056 27362 27412 27856 27280 28080 31 37 30477 28309 27516
27650 27400 27255 27670 27493 27642 27890 27710 27650 27663 27490 26500 26896 27316 27073 28080 27510 27642 27626 27490 27553 27980 27493 27506 27670 27536 27687 27730 27790 27510 31 46 27685 27522 27401
27516 27686 27632 27756 27773 27653 27816 27693 26923 27223 26646 26543 27486 27423 27890 27646 27680 27490 27680 27605 27620 27680 27870 27956 27126 26650 27246 27496 27485 27493 31 69 27542 27451 27444
29597 27635 27523 27710 27606 27776 27723 27640 27773 28536 27562 27726 27956 27766 27850 28013 27586 28083 27613 27746 27736 27290 27406 74030 55760 27713 27676 28026 28042 27630 31 93 30822 27670 32380
27653 27190 27100 27686 27810 27580 27893 27700 27603 27593 27610 27753 27653 27740 27833 27546 26713 26792 27713 27500 27520 27600 27466 28223 28140 27760 27546 27333 27230 27357 31 116 27681 27471 27530
27830 27950 27926 27806 27655 27546 27450 27772 28270 27823 27813 28127 27820 27600 27703 27530 28610 29270 27630 27746 27836 27390 27176 27170 27693 27927 27750 27893 27756 28000 31 139 27686 27800 27959
28390 27780 27916 28126 27743 28032 27713 27690 27763 28076 27843 27810 27756 27786 27836 27846 27946 27802 27703 27570 27660 27843 27856 27895 27940 27743 30370 27850 27690 28036 31 186 27924 27764 28112
27856 27743 27833 27546 27836 27955 28650 27843 28056 27413 27970 27830 27886 27796 27405 27693 27840 28530 28345 27770 27860 27866 27740 27700 27950 27463 27543 27716 28286 27860 31 232 27892 27828 27857
27693 27750 27700 27746 28270 27816 27756 28120 28030 27863 27777 27860 27956 27410 28150 27850 29106 28017 27906 27740 27677 27970 28375 28110 27780 27973 27926 27910 27880 27823 31 279 27843 28040 27910
27900 27973 59283 27770 27816 27973 27876 27796 27883 27286 27922 28130 27800 27920 50733 27816 27742 28183 27870 28006 29107 27796 27710 27712 27363 28077 27866 27770 28115 27986 31 325 27724 27907 33485
27843 27993 28270 27883 28112 28250 27926 28205 27903 27793 28106 27986 27770 28230 27720 29022 27940 28010 28636 27096 27760 28183 28330 28166 28036 27916 29277 28972 28225 28417 31 372 28206 28015 28175
28396 27996 28446 28106 27203 28113 29025 27656 27996 28196 27713 28190 27790 28033 28000 27870 28000 27913 27800 28413 27936 27906 28396 28166 28076 28332 28166 27856 27886 28033 31 418 28102 27962 28095
28172 28092 27863 28023 27620 28273 28066 27943 28116 28043 28346 28176 27930 28116 28020 27990 28397 28123 27996 27853 28226 27843 28663 28443 28026 28050 28253 28150 27853 28673 31 441 28023 28093 28216
27700 27410 27016 27740 27546 27583 27670 27493 27600 27496 28963 32290 32776 32703 27723 27460 27463 27256 27850 27666 27573 27553 27500 27603 27840 27523 27516 27503 27437 27493 100 1 28158 28170 27965
27350 27513 27670 27626 27612 27603 27646 27510 27180 27613 27526 27026 27822 27886 27430 28080 27423 27580 27666 27840 27213 40197 45093 33255 27600 27643 27580 27376 27472 27440 100 4 28897 29351 27997
27590 27396 27400 28080 27496 27636 27496 26783 27122 27726 27520 27895 27156 27460 27155 27400 27820 27350 27740 27633 27083 27730 27533 27506 27690 27437 27020 27773 27486 27503 100 14 27638 27456 27367
28116 27563 27396 27743 27283 27757 27666 27480 27430 27390 27060 26960 27286 27453 27456 27400 27715 27290 27793 27423 27737 27873 27695 27546 27083 26770 27470 27056 26500 26926 100 49 27540 27294 27396
27666 27583 27740 27706 27523 27370 28073 27556 27683 27440 27162 27175 26900 26746 27170 27486 27506 27500 29240 27410 27550 25126 25653 26866 38550 35996 27476 27673 27523 27723 100 99 28586 28065 27425
27636 27633 28342 27740 27443 27456 27950 28026 28256 27876 27590 27415 27633 27370 28657 27603 27706 28170 27930 27790 27792 28066 28293 28266 27336 27820 28326 27496 27546 27575 100 198 27726 27721 28025
28697 28456 28270 26910 28503 28572 27826 27996 28133 27243 28236 28323 28895 28357 28177 28100 27603 28626 27930 28010 28363 27940 28403 28473 29237 28580 28473 28276 28510 28196 100 396 28105 28265 28360
27926 28933 28696 28093 28510 28740 28436 28180 28376 28093 28313 28910 28530 28196 28433 28443 28733 28666 28086 28803 28763 28516 28253 28560 27476 27690 29986 52713 31356 28936 100 495 30631 28696 28806
27563 28800 29183 28056 28783 28360 28186 31673 28490 28380 28703 29020 34576 63583 58060 28490 28986 37826 27943 29802 29120 28286 28230 28873 28016 29146 29260 27963 28326 28887 100 742 28745 32603 32707
28706 29500 31566 28286 28506 29306 28713 30270 32516 28593 28806 29036 28946 29826 29073 28243 29583 30850 28756 29116 28943 28593 29433 30016 28926 30020 29206 29123 29833 31596 100 990 28688 29489 30210
29750 29353 30463 30175 29776 30150 29830 31563 30930 30013 29343 32247 30250 31572 30043 29616 30980 29710 29303 31626 29476 30203 32000 30796 30040 30206 31515 30757 29970 31040 100 1237 29993 30638 30637
32130 32822 31773 31016 32106 31982 29716 32043 31493 31420 31873 31486 30700 32627 33083 30130 31906 32473 31490 31225 31663 30693 31820 30920 31520 34107 32210 30426 31310 31262 100 1485 30924 32183 31834
33977 35186 35313 33266 36790 34960 32400 34196 35010 34380 36712 35556 34063 34845 35467 34027 36350 36327 33656 35090 34646 34355 35900 35727 32866 35367 36127 34652 33980 35337 100 1980 33764 35441 35447
35992 36766 38580 33150 36160 38683 35203 39470 40367 34523 35806 38476 34960 35706 38606 35073 36895 39790 33673 35330 39683 35430 36353 39583 35366 36732 38780 35306 38270 38383 100 2475 34867 36748 39093
34587 37882 41890 35826 37643 40140 37636 33003 36685 33510 36563 36245 35630 38120 40572 36536 36410 43303 35453 36643 40450 35263 37076 39810 33243 35883 42180 34483 37765 39800 100 2970 35216 36698 40107
36980 37340 39256 36563 38836 43243 36960 37876 41785 37570 37603 43476 36376 37200 40025 37753 38600 43586 36633 38110 45115 37366 38650 41633 37106 38216 40916 36900 38390 41213 100 3465 37020 38082 42024
37026 36676 40047 36770 38463 44680 36340 39470 42006 36866 36396 41853 34633 37220 40356 36175 36693 43173 37076 37560 41913 35447 39112 42485 34416 36335 39313 34530 37970 41896 100 3960 35927 37589 41772
35933 37957 42996 35920 35856 41773 38036 40340 49146 38667 37593 44196 37486 41596 45540 35620 36756 42706 36476 37536 46506 37543 40003 45506 36976 37266 47410 38853 39467 49143 100 4455 37151 38437 45492
38330 40113 42910 36996 36536 43797 37930 39176 47300 38206 40652 47173 36836 39903 41903 37770 39597 47666 39026 39730 44850 38936 40152 46730 37696 38260 45093 38390 42206 45496 100 4702 38011 39632 45291
27790 27556 27316 27516 27183 27586 27486 27500 27506 27770 27660 27863 27623 27503 27245 27490 27810 27326 27643 27326 27353 27730 27533 27483 27496 27460 26710 27676 27606 27710 316 4 27622 27513 27409
27013 26933 26773 27403 27306 27610 27987 27053 27897 27280 27660 27923 26140 26552 27076 27856 27730 27586 27100 27536 27430 27476 27883 27726 27510 27467 27373 27866 27930 27706 316 14 27363 27405 27510
27730 27543 28213 27972 27593 27420 27506 27236 27485 27656 27450 27466 27516 27300 27290 27773 27610 27160 27946 27077 27516 27560 27513 26752 27606 27150 27417 27693 27746 27040 316 49 27695 27421 27375
26383 26363 26660 27696 27376 27616 27743 27480 27240 27473 27200 27163 28877 26996 27140 27020 26530 27270 27146 27030 27120 27540 27225 27330 27966 28106 27776 27483 27300 27456 316 149 27532 27160 27277
27950 27927 27576 27080 27292 27816 27913 28336 30323 28346 28930 29513 27126 26583 27273 27853 28596 30516 28336 28762 31166 27780 28733 29045 27810 27490 27980 28446 28442 30963 316 497 27864 28109 29217
32697 33977 30673 31552 34816 31470 32000 33110 31983 32193 35330 30783 32053 35063 31430 30603 32086 30316 32256 33903 31213 34853 32673 30343 32226 35126 31100 31745 35033 30836 316 995 32217 34111 31014
35580 37213 37593 34476 38510 39343 35280 46407 41040 34746 49173 38503 33693 42216 38810 32016 37660 36426 52430 45296 39280 34996 41683 40587 32510 37140 73906 35016 49926 38863 316 1990 36074 42522 42435
37053 45960 51173 37506 48932 47453 36336 50966 43760 39800 54110 48446 39700 47320 47316 78563 45206 44340 39913 46090 51270 41890 51603 49173 39813 49646 50383 37970 42973 47626 316 3981 42854 48280 48094
40733 48066 52327 40453 50676 48693 43186 57283 52616 42520 60167 50820 40860 58623 50796 43833 58423 53356 42946 49430 54873 49060 51395 56826 40900 53760 50206 40243 51890 50653 316 4977 42473 53971 52116
45460 63603 66183 44200 54746 57783 46416 57813 66136 47053 64726 67750 49756 67653 66330 48170 61750 67440 49443 54806 57797 45483 66973 59583 45583 64673 65780 48423 68770 66467 316 7465 46998 62551 64124
54560 70015 74170 51000 71307 73753 51040 58406 68880 46976 65863 72260 50743 67536 72716 54450 68043 80412 48133 61496 66900 53140 77836 76410 51700 63462 74623 52053 74490 79320 316 9954 51379 67845 73944
55053 71906 82476 52750 70013 91630 54970 80240 84745 55413 73943 84356 53726 63233 69693 54090 65876 82223 55933 69626 76273 51383 68123 83646 53273 74656 90490 55156 66066 82290 316 12442 54174 70368 82782
58060 71116 82530 53253 64530 81350 60893 74993 130842 55530 76820 112763 56553 65723 91583 52103 65053 107850 56776 65513 118655 54633 76690 91436 49823 63753 91473 54993 73750 81663 316 14931 55261 69794 99014
57170 73880 103355 59110 73820 111933 59156 74406 113370 59616 68110 101366 66853 89150 124932 61686 73813 101746 63593 72613 101040 59933 66410 112206 59543 76863 112663 60610 61256 99673 316 19908 60727 73032 108228
68643 94956 133923 75596 84106 151493 63743 65823 134512 71533 73903 133463 75243 95563 133753 67516 78653 134216 69266 97312 135100 67443 74496 134480 68126 75066 133266 71413 79286 134950 316 24885 69852 81916 135915
77606 88770 154906 68616 82333 136646 77086 90246 154483 80093 81670 157410 65730 85913 152663 77976 81770 164970 74073 102556 154603 67040 84143 137107 72373 84696 154736 77716 93983 174326 316 29862 73830 87608 154185
79793 85970 155190 86710 100803 175270 79130 82143 134826 79973 113983 196546 75400 89096 154723 83506 99993 156203 87170 98126 176493 74646 84590 198125 76176 85396 153980 71186 90760 159385 316 34839 79369 93086 166074
83750 101816 174480 93240 102626 196950 88420 100656 222430 88530 122040 176006 93132 98540 196040 87686 106353 175663 82490 100513 224240 92473 106815 198533 92402 111460 198660 93616 107025 201255 316 39816 89573 105784 196425
93373 97213 220046 100970 114316 220760 104486 122413 300300 98266 116662 220736 92540 102033 248816 92366 114177 247036 98500 113213 223142 99093 115013 222100 82986 96273 247592 95383 102120 247367 316 44793 95796 109343 239789
106400 113843 233016 103966 118043 263952 111003 111810 262302 104996 113867 290456 102670 113423 232420 89810 105926 206340 101360 129105 233006 99710 114626 204673 100576 121503 232620 99236 104440 204420 316 47281 101972 114658 236320
27746 27516 27650 27656 27500 27566 27553 27213 27610 26526 27260 27146 27516 27195 27200 27546 27150 27086 27553 27512 27423 27600 27683 27622 27556 29486 28215 27736 27610 27020 1000 49 27498 27612 27453
28515 27446 27453 27320 27470 27463 27756 27480 26883 27660 27603 26770 27975 27780 27540 27573 27615 27326 27650 27546 27376 27726 27300 26856 28005 27733 27110 27506 27570 27583 1000 149 27768 27554 27236
27660 27626 26823 27643 27790 27237 27503 27567 27170 27450 27246 27396 27820 27810 27296 27730 27826 28013 27693 27153 27330 27930 27863 27982 27906 27567 27700 28402 27596 27152 1000 499 27773 27604 27409
32896 33627 42715 27676 27522 31565 31026 36946 40170 31535 36310 45380 32226 35980 43023 27673 27523 30593 32643 36996 46530 27520 27613 31155 31930 32715 45390 27493 27476 32666 1000 1498 30261 32270 38918
47356 101613 61355 45406 117026 60120 46396 88250 67135 40000 102536 63565 47130 102796 61032 44530 88770 63807 49676 117933 67350 44523 96083 65502 48863 101803 70472 42243 109436 62530 1000 4995 45612 102624 64286
70386 130510 100200 73026 132313 92733 64363 111170 80590 68536 123216 96670 77146 132906 93917 72360 143333 103310 75076 133646 94662 68586 127696 91386 77410 133282 102413 74460 120682 96530 1000 9990 72134 128875 95241
97716 173746 155966 93926 170096 141833 101506 171905 146016 102526 147912 143685 99723 163686 161683 104316 151510 173246 113190 181523 168950 102423 160085 136636 102786 164786 155010 116840 213860 169646 1000 19980 103495 169910 155267
148143 249090 287603 167276 254210 286460 145416 212320 279207 150720 227895 282525 133000 203690 250720 144446 237743 257516 143813 212460 257063 158203 250873 251715 144280 221347 232720 155713 209380 312310 1000 39960 149101 227900 269783
155106 225805 276380 165830 250810 329560 180366 263276 316405 163830 265396 372253 155363 225090 303550 158773 227086 339796 171453 245366 315840 164083 279305 344596 215683 220063 303053 172360 240090 305706 1000 49950 170284 244228 320713
189573 291076 491650 212246 295453 430743 216083 312683 519926 197433 298320 435686 225340 310346 393673 187376 271160 433983 244045 335590 483596 212310 305290 436220 201356 253693 480150 227033 321050 497020 1000 74925 211279 299466 460264
283676 344570 568473 273120 369196 630183 249536 314087 626300 243283 268660 499006 242300 300952 439966 258483 355255 694103 244056 307663 509796 248503 347773 556635 290580 320733 561956 240723 309096 621460 1000 99900 257426 323798 570787
282643 368640 702786 310380 367872 770916 319423 363936 767690 308760 448536 781326 290250 430330 768543 265343 363963 793533 304720 378680 704040 278870 442890 703932 296003 354726 692270 298766 399585 839353 1000 124875 295515 391915 752438
302510 397196 697783 334360 393395 796505 313726 407073 860396 366646 451886 870270 342456 421383 818553 322083 393080 908033 328370 471143 861910 345906 396833 958840 364500 416920 897113 350443 391462 961923 1000 149850 337100 414037 863132
469336 583920 1367463 440986 590976 1176336 400096 636646 1183110 392583 597883 1210880 392950 497660 1327546 450823 490637 1189947 383170 445260 1350303 461966 521015 1263480 421263 531615 1188083 398986 462266 903376 1000 199800 421215 535787 1216052
442376 571583 1399896 670600 704220 1613450 498576 673670 1516947 490380 552803 1314435 478866 636553 1513442 477386 610193 1621897 466123 546283 1392920 533320 566450 1147490 518593 581863 1316806 568760 830595 1496635 1000 249750 514498 627421 1433391
550496 667442 1884700 663363 667250 1849963 659656 900913 1896605 642196 751493 1997770 594046 717593 1777653 633440 611223 1591540 595613 728180 1559856 651606 778170 2440005 589303 874285 1986610 614393 716000 1542440 1000 299700 619411 741254 1852714
629256 833830 1765443 669800 731003 1802376 633576 765736 1875575 757857 781516 2402317 639750 881445 2273140 625133 814582 1788106 698130 745776 2138356 668150 727057 1957256 619670 682155 2061073 567510 784300 2007720 1000 349650 650883 774740 2007136
768370 896366 2123456 705463 808487 2300466 773627 944543 2386486 733670 877260 2637553 686046 1002487 2081723 659846 833100 2119307 673350 872616 2069640 763633 875800 2186436 777216 865120 2370130 706723 789406 2128450 1000 399600 724794 876518 2240364
806607 926580 2737030 886582 876773 2365306 780863 914957 2588240 760380 811750 2385093 747050 1033160 2358030 898645 1017467 2723846 875540 1026623 1978040 819065 1004320 2800606 805656 842586 2079020 763036 926407 2763056 1000 449550 814342 938062 2477826
921666 1029613 2442743 813996 884563 3231870 812066 938683 2710076 803140 906980 2510796 872483 964343 2510735 983396 1236886 3220825 825535 978716 2738743 836103 1021853 2557312 844896 1012003 2876905 820580 902336 2396476 1000 474525 853386 987597 2719648
27506 27537 27693 26590 26756 36643 27243 27030 26702 26616 26483 27023 26903 26597 26560 29870 27570 26943 26803 26156 27200 27616 27480 27886 26883 26300 26276 26770 26837 27883 3162 499 27280 26874 28080
27710 27563 31180 27860 27686 30772 27553 27570 30503 27516 27637 30990 27626 27130 31833 27263 27303 31573 27925 27540 34576 44655 27683 30300 26593 26620 30656 26606 27175 31070 3162 1499 29130 27390 31345
43943 85103 95770 36026 86056 94900 27646 27615 33176 37900 86090 78956 35190 78880 87346 38826 91136 86886 36126 80825 94877 38700 102016 90682 39566 93746 89967 27360 26280 33040 3162 4997 36128 75774 78560
165240 353830 165240 152983 345276 182123 175200 391146 180332 231186 436963 208166 227557 353246 183546 162503 384076 183923 212700 387995 208626 175386 385103 176616 174233 411767 180627 156696 400866 165242 3162 14992 183368 385026 183444
323415 605200 510270 318013 532730 445396 352846 639396 503316 350013 670882 483810 308213 559160 446840 352660 563562 470330 306700 566885 442903 339175 679680 466706 311036 576560 478866 339250 506996 476910 3162 49975 330132 590105 472534
487613 841796 798933 471266 724006 841950 513263 826513 748233 484766 872862 737526 558263 835472 804153 470456 860126 730456 556150 834557 732932 511266 814595 723630 515473 809112 733426 567890 953010 889995 3162 99950 513640 837204 774123
752393 1068570 1616436 786766 1185980 1653413 772436 1083846 1603703 767883 1084152 1589856 772810 1190403 1544803 743760 1082586 1630922 749326 1178673 1661205 754826 1249210 1495593 807803 1280406 1822976 844923 1363486 1990816 3162 199901 775292 1176731 1660972
1095986 1565433 3193213 1309723 1808365 3893790 1154280 1635253 2813600 1272320 1648473 3125247 1050940 1591633 3094853 1152383 1684946 2851200 1071090 1490680 2796196 1217266 2024862 3526206 1115023 1848260 3200657 1207196 1849333 2651495 3162 399803 1164620 1714723 3114645
1356666 2009120 3175877 1328256 1614606 3969640 1464593 1958520 4908722 1374126 1924932 3702936 1481300 1919803 4114496 1277553 1999727 3912222 1537095 1880653 3992945 1529543 2304753 4317003 1619683 1973623 4387010 1400970 2054263 3962883 3162 499754 1436978 1964000 4044373
1917213 2515253 5733160 1886640 2323033 5795063 1743003 2475373 5863533 1819560 2638943 6189053 1870812 2592953 6280720 1710260 1925532 5629810 2079943 2856136 6701760 1640613 2105453 5521170 1846076 2120990 5824293 1777546 2436726 5315370 3162 749631 1829166 2399039 5885393
1702343 2157740 5589280 2043100 2706156 5659676 1735280 2601385 6287236 1927060 2764587 5509536 1792897 2474306 5776916 1803546 2331613 7664623 1717043 2409976 5631513 1882940 2142423 5713970 2003886 2663862 6638450 1991720 2406980 5063490 3162 750000 1859981 2465902 5953469
30780 30720 36646 27453 26473 32456 27530 26703 37400 27473 26596 32900 34722 36263 36353 27293 26833 34490 27570 26780 33973 26593 25703 40626 27513 26740 33766 28313 27413 34326 10000 4999 28524 28022 35293
27690 27553 37350 119703 334672 249216 124876 320440 297470 28977 27166 48920 133953 357413 262703 28143 27467 39650 144313 295873 258646 155136 290216 313957 123550 303253 326330 27600 27543 37446 10000 14998 91394 201159 187168
669753 1667870 619053 596223 1574663 688810 652346 1567267 699553 664977 1620650 624836 651373 1701530 721186 651330 1929986 709256 674703 1610636 605433 667490 1687573 669550 681065 1820456 636753 711833 1735603 681780 10000 49995 662109 1691623 665621
1343083 2842620 1864972 1365805 2818060 1943977 1233040 2597136 1774723 1557256 3063400 1861610 1226656 2138113 1610960 1364883 2486346 2028083 1237413 2500723 1670543 1254890 2311023 1553906 1264383 2555973 1638555 1233410 2498830 1723523 10000 149985 1308081 2581222 1767085
3012410 4831777 5403610 2988356 4088987 5991843 3038366 4751476 5038907 2780180 4370796 4960676 3017620 4661830 5231516 3118723 4879613 4653105 2952516 4571833 4522333 2984833 4935066 5119780 2893810 4250276 5358555 2859132 4537750 5010423 10000 499950 2964594 4587940 5129074
3708906 5953035 8293420 3828950 5632860 7587153 3855576 5205120 7108236 3924156 5829467 8513420 3692346 5988633 7736520 4068476 5309050 7661333 4243790 5917886 7112477 3743163 6098126 8291730 3943000 5477225 7689716 3644286 5219476 9086810 10000 750000 3865264 5663087 7908081
27526 27573 71650 586560 1563453 1104810 651260 1590093 983270 591463 1539066 988706 598883 1764183 1033403 27646 27543 70786 55256 28420 69466 573420 1580530 1042993 27556 27550 73596 609560 1801630 1099176 31622 49995 374913 995004 653785
2661110 5685613 2564157 2425486 6052270 2334703 2185186 5946420 2472213 2894533 5854446 2797656 2631670 6336413 2831573 2470233 6247043 2494766 2545186 5921436 2313637 3029150 6249210 2777480 2475380 5937650 2405420 2519127 6346480 2418900 31622 149987 2583706 6057698 2541050
5612193 8926056 7722300 6432396 8994233 7954413 5751180 9092293 7004020 5618170 9368825 6617323 5810730 8966030 8008950 5602150 9052066 6858030 5695743 9105793 6839003 5399280 8982752 6978830 5592936 9127673 8140596 5900150 9626930 8028873 31622 499959 5741492 9124265 7415233
7774572 10981442 10649783 7551596 11325440 10509706 8412180 11037980 11368832 8045876 11116770 10741133 7641023 11674053 10707863 7947840 11199952 10686470 8025130 11013320 10652030 8542590 11798390 10125053 7834036 11393355 10697655 7985913 11675080 10821673 31622 750000 7976075 11321578 10696019
