27946 27593 27340 27215 26963 27540 27716 27440 27350 27636 27133 27110 27726 27230 27683 27623 27430 27300 27366 27182 27396 27733 27646 27566 27573 30380 27613 27890 27810 27600 3 1 27642 27680 27449
27450 27670 27503 27533 27446 27476 27573 27596 28140 27910 27313 69155 32823 33017 32960 33670 27040 27013 26976 26890 27096 27293 27500 27573 27850 27753 27733 27503 27520 26953 3 1 28658 27974 32160
27210 27220 29960 29606 26815 27066 27510 27556 27516 27513 27473 27477 27540 26890 26896 27326 27183 27226 27503 27440 27516 27503 27553 27543 27666 27576 27573 27950 27316 27323 3 1 27732 27302 27609
27606 27587 27803 27490 27662 27570 27506 27660 27330 27606 26410 26473 27623 27060 27367 27546 28643 30526 27660 27797 27770 27633 27586 27647 27490 26763 26633 26996 27060 27333 3 2 27515 27422 27645
27676 27240 27285 27606 27233 27210 27476 27435 27293 27926 27616 27466 27300 27086 27530 28683 29033 29340 27546 27163 27230 27400 26776 26433 26793 27410 41462 27530 27510 27740 3 2 27593 27450 28898
27503 27560 27190 27503 27206 27490 27620 50153 27256 27440 27372 27126 27323 27156 27260 27470 27476 27746 27513 27710 53216 27610 27216 27446 27410 27180 27506 27666 27576 27590 3 2 27505 29660 29982
27656 27506 27483 58050 27533 27250 27536 27480 27663 27493 27575 27733 27800 27500 27487 27940 27396 27423 28065 27490 54350 27430 27426 27423 27586 27572 27433 27573 27453 27966 3 2 30712 27493 30221
27603 27477 27443 27396 27036 27330 27932 27730 27296 28116 27760 27170 27676 27470 27453 27630 27506 27276 27143 27250 27186 27460 27170 27350 28025 27636 27182 27550 27463 27430 10 1 27653 27449 27311
27350 27466 27980 27156 27325 27293 27626 27386 27420 27590 26996 27303 27640 27447 27420 27563 27330 27355 27256 27463 27563 27396 27376 27386 27640 27423 27283 27977 27563 27596 10 3 27519 27377 27459
27923 27503 27770 27583 27450 27123 27206 27090 27730 27733 27650 27943 28053 27473 27763 27876 27456 27446 27420 27666 27277 27526 28096 27493 27696 27563 27520 27633 27543 27413 10 4 27664 27549 27547
27830 27506 27590 27630 27600 28713 38226 27952 27506 27750 27393 27153 27900 27593 27297 27596 27306 27513 27826 27527 27943 27990 27433 27590 27493 27380 27256 27466 27185 26460 10 6 28770 27487 27502
27640 27503 27293 28897 27533 27496 27496 27797 27516 27690 27370 27332 28045 27523 27160 27893 27496 27686 27880 27215 27220 27826 27663 27650 26860 26520 26777 27156 27423 27633 10 9 27738 27404 27376
28353 27216 27630 27640 27583 27550 27713 27392 27120 27536 27732 27566 27443 26876 27550 27656 27515 27513 27653 27617 27670 27810 27560 27592 26726 26543 26963 27693 27700 27607 10 11 27622 27373 27476
27820 27495 27503 29706 29737 29647 27603 27516 27516 27840 26843 27526 28902 27960 28035 28190 29273 27576 27733 27516 27605 27516 27500 27183 55533 27506 27642 27506 27596 27686 10 13 30834 27894 27791
27503 27423 27426 27566 27626 27333 26393 27123 27513 27816 27666 27453 27623 27616 27540 27973 27735 27826 27500 27615 27242 27750 27293 27636 27740 27400 27435 27830 27430 27333 10 18 27569 27492 27473
27563 27493 27590 27790 39512 36350 27733 27363 27546 27196 26915 27463 27910 27680 27603 27860 27560 56813 27586 27503 27530 27583 27330 27306 28850 27856 27463 27900 27577 27270 10 22 27797 28678 31293
27613 27290 27645 28193 27546 27453 27880 27403 27160 27696 27725 27546 27646 27493 27386 27656 27526 27520 27560 27553 27837 27226 27340 27336 27726 27743 27613 27710 27306 27237 10 27 27690 27492 27473
27990 27277 27260 28106 27860 27655 28023 27296 27403 27723 27615 27100 27646 27556 27463 27713 27036 27366 27996 26513 26456 28130 27693 27423 27513 27556 27456 27330 27353 27643 10 31 27817 27375 27322
28210 27655 27523 27986 26486 26620 27966 27456 27650 27756 27983 27446 27316 27370 27500 27560 27562 27106 27960 27460 27490 27586 27410 27533 27533 27576 27676 27540 27560 27496 10 36 27741 27451 27404
26963 26530 27606 28013 27782 27472 54030 27090 27046 27740 27270 27433 27550 27586 27470 28026 27530 27642 27740 52370 45613 27710 27602 27603 27810 27576 27620 27506 27636 27375 10 40 30308 29897 29288
28060 27630 27286 28982 27240 27140 27726 27607 27690 27660 27580 26985 26676 26720 26693 27576 27376 27420 27573 27413 27215 27846 27533 27383 27726 27616 27616 27593 27350 27586 10 42 27741 27406 27301
27536 27470 27486 27510 27680 27483 27263 27673 27473 27660 27606 28305 27630 54316 47103 27466 27090 27572 27526 26436 27480 27543 26706 26513 26516 27150 27460 27500 27705 27300 31 1 27415 29983 29417
27323 27100 26996 27503 27470 27443 27663 27747 27676 27506 27546 27643 27957 27556 27406 27436 27150 27153 27663 27560 27463 27573 28587 27616 27610 27493 27550 27626 27446 27482 31 4 27586 27565 27442
27506 27523 27606 27613 27683 27603 46270 35700 27510 28093 27473 28222 27510 27463 27460 27693 27243 27506 27493 27123 26786 27793 27516 27580 27656 27603 27350 27456 27666 27682 31 9 29508 28299 27530
27636 27733 36443 27800 27480 27236 28033 27207 27336 27983 27390 27100 28735 27076 27200 27893 27506 27495 27550 27483 27487 27720 27577 27666 27646 27473 27190 27690 27393 27393 31 18 27868 27431 28254
27536 27520 27580 28050 27646 27630 27796 26683 26380 27663 27566 27410 52510 27373 27370 27740 27093 27143 27663 27520 27466 27520 27350 27460 27753 53640 27473 27796 27363 27593 31 37 30202 29975 27350
27760 27486 27550 27586 27510 27626 27566 27296 27496 27700 27516 27516 27470 27740 27476 27536 27533 27730 27680 27153 26912 27306 27480 27393 27760 27373 27466 27546 26793 26377 31 46 27591 27388 27354
27073 26607 26500 27723 41966 27573 27780 27716 27992 27720 27327 27383 28926 27593 27363 27653 27523 27670 27476 27706 27370 27613 27776 27526 28867 27540 27476 27263 27915 54173 31 69 27809 28966 30102
27603 28065 27732 27816 27596 27750 27960 27646 27686 27680 27775 27656 28126 27370 27653 27690 27563 27550 27740 27883 27676 27636 27266 27500 27606 53340 27645 27523 27726 27716 31 93 27738 30223 27656
27863 27570 27840 27753 27730 28040 27506 27692 27790 27656 27643 27736 27866 27570 27740 27523 27386 27656 28126 27826 27680 27900 27723 27730 28452 27742 27763 27660 27666 27443 31 116 27830 27654 27741
27776 27926 27765 27780 27567 27623 27910 27786 28060 28982 27835 28127 27726 27426 27683 27440 27670 27776 27636 27693 27846 27713 27797 29092 28040 27757 26756 27293 27796 27692 31 139 27829 27725 27842
27676 27330 27600 27930 27807 28380 27723 27676 27753 27636 27773 27900 45877 55786 32582 27806 28236 27710 27856 27663 26510 27053 26856 26830 27780 27776 27736 27680 27743 28200 31 186 29501 30464 28120
27866 27760 27740 27876 28155 28136 27246 28077 27962 27716 27700 27870 29022 28385 27876 27790 27973 27996 27716 27770 27803 28016 27880 28080 29120 27753 27990 28076 28052 28215 31 232 28044 27950 27966
27813 27740 26992 26773 27900 27782 27883 28253 27830 27710 27810 27803 27893 27960 27906 28487 27863 28003 27690 27483 27973 27873 27730 28240 28070 27946 28167 28020 27963 28196 31 279 27821 27864 27889
27960 28167 27953 28240 27566 28376 27740 27886 27386 27976 28020 28236 27810 27690 28265 27576 27653 27766 27596 27935 27823 28053 27945 27856 27496 27360 45985 34316 29360 28123 31 325 28476 27958 29776
27833 27670 28447 27736 28046 28230 27786 27016 26966 27633 28077 28115 28000 27920 28393 27566 27966 28106 28046 28203 27940 29250 28073 28773 28740 28025 28203 28432 27783 28000 31 372 28102 27877 28117
28026 27970 28156 29097 27972 28306 28043 27963 29170 28000 27836 26640 28013 27633 28093 27983 27800 27963 28303 28103 28176 28136 28106 28710 27986 28023 28186 28110 28000 28556 31 418 28169 27940 28195
27936 27966 28077 27900 28153 28243 26836 27683 27153 27636 28286 28696 28860 28225 28405 29516 27913 27823 27816 27940 28210 26963 27905 28210 27936 27983 28416 27870 27972 28093 31 441 27926 28002 28132
27990 27603 27123 27723 27650 27730 27496 27440 42346 57783 27570 28042 27513 27456 27556 26516 26696 26357 26273 26460 27196 27386 27143 27573 27486 27657 27467 27476 27387 27753 100 1 30364 27306 28914
27273 27116 27085 26390 26610 27430 27840 27596 27226 27730 27570 27060 27600 27573 27543 27710 27550 27693 27616 27406 27493 27496 27613 27566 27496 27560 27613 27606 27732 27677 100 4 27475 27432 27438
26736 26762 30862 34433 27732 27410 27950 27103 27476 29252 27473 27536 27506 27283 27666 27623 27453 27503 27340 27446 27370 27990 27300 26230 26633 26530 26597 26720 26760 28912 100 14 28218 27184 27756
27393 27500 27175 27206 27657 27276 27246 26633 26583 26803 26775 26633 26640 26863 26615 26946 26816 26686 27527 27740 27520 27616 27836 26510 26766 26653 26506 28236 26945 26873 100 49 27237 27141 26837
26650 26866 26480 28570 27615 27600 27516 27503 28253 27040 26453 26453 26276 26140 26693 26880 26576 26256 27660 26536 27173 26133 26033 26130 26460 26460 27646 27573 27470 27473 100 99 27075 26765 27015
27820 27780 28353 27873 27543 27500 28275 26933 27467 28033 27453 27400 27925 26646 25793 26633 27165 28123 27690 27606 27600 26876 26940 56243 54303 26613 26626 26813 26513 27005 100 198 30224 27119 30211
27840 28380 28102 27563 27706 26550 26500 27976 27156 26376 27966 26723 27190 28396 28452 27983 28070 28615 27930 28490 28390 28163 28463 27896 27340 27166 27113 27843 28453 28440 100 396 27472 28106 27743
29027 28893 28676 27696 27600 28203 27310 27605 27590 27873 27853 29282 28246 28203 28653 28615 28590 27550 28100 28813 29403 28080 29086 27966 28393 28725 28693 27696 28433 28530 100 495 28103 28380 28454
27916 29192 29296 29140 29376 28506 28400 44710 38366 28570 29400 28482 28466 29286 28936 28956 31147 30450 28223 29007 29660 27986 29423 29300 27880 28860 29070 30166 28613 29710 100 742 28570 30901 30177
28103 29155 30097 29425 30935 29615 29060 29426 29440 28720 29993 29443 28300 29615 29400 29010 29793 30993 28706 30382 29703 30102 29583 32617 28910 29843 30356 30352 31255 30436 100 990 29068 29998 30210
30456 30336 30865 28576 29630 30213 30326 31363 30726 30776 31320 29672 30060 29730 29516 29063 31060 29550 29423 31530 30126 31440 31235 30846 28893 29320 31646 29613 30486 30743 100 1237 29862 30601 30390
31942 33710 32513 30410 31383 29770 30842 32700 31680 30666 31823 29653 29610 31623 33123 30640 31250 32796 30950 31383 31130 32403 33060 31950 31463 32746 32702 30482 31313 31890 100 1485 30940 32099 31720
31813 33986 33895 32810 33640 35190 31243 32203 31970 33066 34286 35300 34145 33367 34563 32340 37160 35533 34030 36793 31960 33066 32500 33582 32546 34382 34142 31010 31543 31870 100 1980 32606 33986 33800
33973 35480 35836 30483 31740 65570 36633 37106 38776 33143 34877 36970 33903 33277 37886 33180 34453 39816 34390 36153 39863 34736 35897 40530 35056 37136 37990 33796 34966 38560 100 2475 33929 35108 41179
34303 38240 40913 35660 38076 40870 36056 37342 39350 35002 36360 38180 35846 38783 40010 36810 35673 43643 31076 32676 38856 31350 33992 37760 35920 35986 41700 34850 37070 41745 100 2970 34687 36419 40302
36483 38187 39823 35270 38390 43540 35810 36230 41797 38173 33330 40493 32216 33230 36110 34486 35180 40163 32616 34193 41810 33340 34273 38146 33793 35003 38233 33976 35812 41523 100 3465 34616 35382 40163
35713 37415 39790 37843 39512 44676 36253 40103 42856 38726 38972 42266 36286 39790 41340 37822 37870 42720 37183 38036 42143 34653 40873 42516 35906 36593 39800 37616 37013 43106 100 3960 36800 38617 42121
35273 35763 41903 37370 37916 43640 37403 40390 47973 37710 37406 42633 36016 38160 46333 37020 37803 44003 37826 38023 46660 37593 40033 46650 37493 39016 47770 39053 39956 49673 100 4455 37275 38446 45723
36440 38042 44550 35166 36416 44450 34980 35756 48140 38256 40130 47375 37910 39620 43990 39046 40085 46910 38206 39690 44810 38090 40303 47435 35923 38400 45260 34340 37553 45347 100 4702 36835 38599 45826
27433 26306 27030 27470 26440 27130 26990 27265 27852 27490 27380 27130 28135 26443 26886 27183 27460 27160 27146 27426 27352 27223 27486 27553 27490 27440 27282 27560 27290 27656 316 4 27412 27093 27303
26246 26407 27053 27246 27156 27456 28415 27555 27430 27756 26970 27345 25516 26185 27123 27256 27142 27120 27687 27280 27293 27586 27470 27083 27673 27333 27583 27070 28086 27273 316 14 27245 27158 27275
27593 26963 26953 27917 27537 27100 27540 26846 26363 26980 27116 27453 27713 27503 27586 27570 26616 27793 26803 26956 27266 27726 27625 27650 26556 27255 27052 27316 26970 26700 316 49 27371 27138 27191
26573 26373 54650 29976 28412 26460 27127 26980 26583 26493 26483 26610 26696 26486 26603 27350 27155 26646 26623 26485 26583 26493 26632 26357 27972 27270 26776 26500 26660 27556 316 149 27180 26893 29482
27346 27340 27393 26690 26855 26593 28817 28160 29126 27300 27556 53596 43100 25920 25852 27153 28415 29345 27746 28956 30170 28383 28106 29313 27576 27573 27680 28546 27600 29100 316 497 29265 27648 30816
31160 33156 30143 31780 35650 36956 32387 33893 31100 32326 34946 30860 32206 34393 31393 32290 34253 30753 32393 34202 31826 32905 34496 30196 33466 35650 31036 30146 33363 30533 316 995 32105 34400 31479
30560 35260 37140 34986 38180 39237 35136 47160 40980 36063 47976 39996 33886 43706 40150 36427 40003 39463 34693 48730 39376 33543 43090 40450 32910 39293 38676 35126 48240 43272 316 1990 34333 43163 39874
38740 49586 49776 40010 47923 74377 36193 49870 45590 40010 50846 47706 38606 50132 46630 41943 53670 45470 42176 50707 50680 41176 52650 51166 39630 52570 52427 40293 45890 49816 316 3981 39877 50384 51363
40330 47490 51016 39716 50170 49006 41286 56850 53530 42866 57516 49966 38440 57080 49810 39660 64236 52793 39686 48976 56393 41376 48483 56170 39713 53300 49666 42576 55345 51873 316 4977 40564 53944 52022
46443 62613 67833 42916 52626 59480 47146 58540 67023 46070 62950 68347 48513 65643 63673 45860 57850 68240 47523 55943 58016 45026 66726 59490 44996 66420 67033 48003 67110 62883 316 7465 46249 61642 64201
51763 66520 72590 50226 67670 74293 50563 60465 67936 49543 67383 74376 50326 69297 73573 53870 66553 80543 49093 60560 67346 55846 77980 143750 49693 59123 86323 51596 75415 78366 316 9954 51251 67096 81909
56020 72937 81030 51946 69936 90950 54160 78420 86370 54033 73440 83150 54773 62076 68306 52040 65036 80310 55486 67913 76777 50533 67916 82203 54776 73786 90683 53700 67857 82943 316 12442 53746 69931 82272
55940 69683 82150 52480 63283 81263 60373 74833 92686 55686 78606 113406 55880 62896 91176 52393 64040 107850 57033 66033 119010 55116 75746 93866 48846 62503 91426 54936 73546 84570 316 14931 54868 69116 95740
56010 74440 100913 60290 72096 111366 59686 76366 112996 59903 69073 103470 64143 87506 135930 59866 74116 101960 64090 71770 103613 62776 65446 111843 61520 75043 112370 57713 62786 99143 316 19908 60599 72864 109360
68440 98540 133683 75380 83996 150530 65986 66836 133353 72350 74193 132926 76593 97355 134903 70196 76170 134786 70093 95360 136110 71995 75106 135905 69846 75333 139276 71833 79670 135732 316 24885 71271 82255 136720
78373 90063 171830 68983 82600 136640 77283 92252 154243 79600 81213 156296 65320 85836 154875 80930 78496 147623 75633 101440 154073 64520 82776 133206 72383 82046 155787 76026 98653 174913 316 29862 73905 87537 153948
82100 86973 160015 82886 98443 177546 74680 83820 134570 77083 110446 196730 76343 87250 154613 84396 100153 155890 161686 96520 175126 74913 85240 194656 74210 86166 153573 70850 89903 157503 316 34839 85914 92491 166022
84546 103486 177565 94970 105906 197350 88636 102102 221363 88496 124440 177227 89290 100190 198480 93240 106670 175070 82353 101676 222310 94383 108653 199556 88113 111973 197796 93696 107070 198790 316 39816 89772 107216 196550
92236 100513 221283 103430 119160 220240 102246 124570 299280 96273 114726 273205 91286 105790 249460 94036 112023 249470 101443 114730 220930 98233 114863 223172 83296 94476 248110 99060 101670 245963 316 44793 96153 110252 245111
105383 113747 233540 102870 114456 257993 108300 108276 259306 104020 112243 293960 104233 113527 232813 87540 104900 207150 101250 128340 234823 100553 116220 204946 104180 123510 255680 100590 103703 207487 316 47281 101891 113892 238769
27743 27575 27592 27903 27433 27577 27506 27403 27063 26350 26043 26506 27280 27292 27303 27436 26992 26723 27036 27370 27633 28605 27796 27806 27773 27703 27252 27236 27390 27550 1000 49 27486 27299 27300
27416 27380 27017 27533 27543 27413 27520 27526 30766 26750 27262 27520 27373 27246 27405 27563 27546 26886 27626 27066 26887 27556 27350 27117 27233 27707 27563 26996 27470 27686 1000 149 27356 27409 27626
28295 27186 27666 27616 27483 27366 27253 27367 27720 27496 27610 27220 28025 27480 27276 27590 27460 27973 27573 27750 27456 27486 27723 27845 27843 27680 27803 27633 27710 27556 1000 499 27681 27544 27588
32273 35820 43056 27673 27643 31412 30916 37946 39586 31556 36890 44333 30790 35080 43166 29190 27486 30923 30236 36300 45640 27613 27510 31886 29536 33630 47873 27650 27446 32023 1000 1498 29743 32575 38989
46193 101560 62072 45690 115733 62605 46966 86436 64346 38803 98896 63240 47226 101376 60792 43223 88080 61680 49163 118150 68377 45496 95673 65545 48080 101246 68440 42233 109790 61426 1000 4995 45307 101694 63852
70016 129662 99423 74886 132010 89996 62770 111870 82072 67683 123126 96450 72526 132620 92967 72066 143680 99995 77100 132646 96540 71906 124856 92756 77650 132090 99733 73196 119176 93977 1000 9990 71979 128173 94390
91870 205952 145840 91413 170682 142020 100166 168946 143946 100826 151303 142920 99170 162006 157280 159670 153633 172860 112406 182405 171116 101603 159000 138293 99306 164133 187645 115853 212530 169383 1000 19980 107228 173059 157130
149980 247536 290316 167570 249153 290700 144343 213260 280923 141526 225393 280456 129363 202193 251490 145616 239445 252236 143540 217490 256373 158723 251785 260363 144356 219430 230116 153443 211426 299143 1000 39960 147846 227711 269211
156766 225296 278960 162743 253037 337263 183256 267316 283437 166460 293657 371880 154790 223306 308740 156803 231560 338393 171176 246783 318585 161170 279803 340080 198903 224165 300800 171063 241700 302636 1000 49950 168313 248662 318077
191940 289680 489676 215563 293267 426690 223820 317550 528293 200490 306426 440146 230616 309646 386926 187286 276596 429643 244510 334950 486230 207970 312722 434523 205750 260733 479893 225213 323585 496776 1000 74925 213315 302515 459879
283363 342295 570926 271330 365672 627830 247720 317372 621893 240766 272866 497166 242720 298797 449247 261986 359696 691333 247626 309446 502006 248050 346893 525462 255540 324800 564916 233263 302043 618146 1000 99900 253236 323988 566892
280076 366726 675160 306483 366743 764173 323436 363625 780353 313926 455413 775813 282133 422696 762936 263906 363976 780282 307080 383160 712063 275330 424800 705076 302360 347697 701716 306726 401440 842096 1000 124875 296145 389627 749966
301376 393246 668617 335150 391552 789880 308183 403386 873063 368986 450950 862623 342443 418850 807700 317890 387866 922200 354490 469136 875746 359040 402516 984273 365086 418156 892550 351256 391263 963266 1000 149850 340390 412692 863991
458146 580325 1390356 454030 562512 1174130 384333 628643 1207940 397793 590016 1203376 405473 509847 1302260 472310 477322 1164670 369293 432660 1300206 448786 498460 1210782 415336 533855 1233477 398873 461870 855726 1000 199800 420437 527551 1204292
454020 589892 1345790 615730 709510 1737967 545290 668190 1534325 511156 566777 1303513 485306 619376 1496980 484666 616153 1526402 462426 542843 1376053 533846 573200 1179312 515870 592346 1374980 550086 808406 1584246 1000 249750 515839 628669 1445956
559163 685310 1834123 651120 668397 1762433 652283 903103 1946116 649386 746853 2002830 575390 732653 1909957 562040 635813 1587840 573153 715170 1644166 642346 770966 2402113 586850 890906 2021100 627476 699633 1586213 1000 299700 607920 744880 1869689
641740 808693 1882055 570013 714526 1809562 716315 752316 1914845 689233 748513 2249350 643886 860772 2277926 626500 808455 1790533 719623 760906 2114575 668826 754502 2144582 636480 695023 2264896 655575 807863 2067146 1000 349650 656819 771156 2051547
753720 893680 2159140 700606 817746 2068556 724340 939966 2383500 736086 851087 2881523 763620 989705 2344840 682713 837970 2353210 762933 823643 2192210 755913 880050 2237626 756663 847866 2344900 707560 790956 2059036 1000 399600 734415 867266 2302454
748733 984715 2722746 788106 913407 2316003 799670 952326 2331280 764400 826063 2275450 819015 1025693 2421330 900095 1001993 2677236 888246 1031200 2016070 749486 1037282 2685667 744263 795645 2102247 821242 890853 2656493 1000 449550 802325 945917 2420452
860603 969036 2465795 770740 816173 2796723 780033 934510 2499523 762130 904780 2519297 867573 979666 2627043 1033633 1262283 3095100 777163 948942 2650016 833816 1014456 2416743 880640 1011613 2835885 837666 1001220 2483870 1000 474525 840399 984267 2638999
27496 27446 27552 27693 27562 27397 27480 27420 27510 27643 26140 26976 27726 27023 27863 27496 27253 26835 27223 27086 27163 27493 27186 27240 28832 27460 27360 27360 27140 27987 3162 499 27644 27171 27388
27470 27373 28415 27970 27866 32177 27663 27540 28686 27426 27223 30747 27523 27580 31162 27510 27440 30966 27810 27556 31946 27603 27456 31303 27510 27586 31107 27393 26977 31310 3162 1499 27587 27459 30781
39300 91046 97833 37223 84616 94455 27580 27550 34830 39200 80586 81030 35463 81166 87873 38323 97563 88246 35703 83340 94586 36633 103390 89903 38476 94093 89300 28610 27433 34283 3162 4997 35651 77078 79233
167633 358306 159572 152186 341986 178017 176523 389883 174080 229473 443310 203876 177203 350890 179660 162886 380713 180173 216353 389636 210420 175290 382346 178676 176250 408180 179762 155226 401796 168612 3162 14992 178902 384704 181284
317270 607630 515350 318063 532033 443966 353330 651700 503062 348003 685513 485553 320540 564540 451533 355143 562923 472920 310020 565235 444140 333453 689002 452360 309453 576603 478093 337350 499343 477540 3162 49975 330262 593452 472451
491696 846180 798640 485875 720573 828003 497996 811600 735240 466986 849845 726243 540576 797303 785206 505975 861093 729803 566420 812530 727210 531966 804293 733206 516430 811226 720270 578415 948223 872482 3162 99950 518233 826286 765630
726083 1048210 1598053 811216 1187002 1711290 768026 1074260 1603066 739636 1050926 1483213 769066 1184520 1467883 756206 1075560 1611080 769696 1187543 1633163 781993 1259176 1541580 785986 1301496 1940630 850363 1372282 1939716 3162 199901 775827 1174097 1652967
1158560 1613623 3127190 1321553 1783083 3774033 1190726 1630556 2554746 1332785 1640163 3129706 1040206 1546563 3033260 1157433 1715096 2843606 1093716 1522623 2876122 1222910 2030560 3189272 1142513 1843177 3074946 1208420 1802693 2610870 3162 399803 1186882 1712813 3021375
1347496 2093940 3194040 1333173 1646690 4055667 1396866 1936356 4870605 1372553 1925200 3752510 1420956 2006470 4118132 1282323 1927397 3598763 1375206 1895390 3946600 1430100 2212966 4100785 1584373 1989990 4477190 1365573 2057563 4025746 3162 499754 1390861 1969196 4014003
1921416 2551652 5654292 1869866 2312890 5653835 1684360 2536720 5534690 1967436 2558633 6192063 1789626 2626346 6400565 1730527 2003920 5583540 2075383 3061300 7710255 1717446 2114576 5618543 1832316 2058320 5495657 1823783 2498026 5933763 3162 749631 1841215 2432238 5977720
1809653 2222210 5425652 1946180 2659340 5711356 1747270 2644236 6248535 2000646 2750016 5701706 1740466 2453025 5716737 1842183 2380403 7202773 1742746 2394403 5550917 1994862 2183413 5900850 2128560 2698830 6623850 1781116 2366330 4952293 3162 750000 1873368 2475220 5903466
27526 26533 36910 27206 26935 33510 27606 26720 36716 27613 26493 33862 37080 36036 36336 27146 27430 32245 27546 27203 32160 32070 31380 40776 27433 26896 33240 27530 27450 34473 10000 4999 28875 28307 35022
27530 26743 39732 119850 277053 251620 124726 308003 291940 27896 27856 46690 129000 349463 262916 27543 27553 37263 140626 286893 258373 146493 300180 314880 122566 291162 325580 27636 27606 39063 10000 14998 89386 192251 186805
672853 1676913 620993 597126 1584590 685896 654196 1593723 699090 656433 1587277 632893 651663 1684883 684156 652306 1914100 704330 672030 1610260 605786 681290 1641280 732970 675816 1842372 710732 715253 1737920 678953 10000 49995 662896 1687331 675579
1363615 2927032 1853910 1303153 2774100 1935902 1206210 2637163 1726636 1514976 3021366 1841340 1257790 2099956 1598956 1369083 2489260 1987476 1247380 2539146 1678013 1272833 2308867 1492073 1279402 2525946 1673786 1242923 2491540 1721653 10000 149985 1305736 2581437 1750974
3036213 4883526 5400200 3059380 4036100 5688420 3030603 4844836 4955973 2788216 4357656 4887336 3032450 4709277 5428816 2979266 4828166 4696916 3027743 4718635 4576136 3005240 5017433 4964056 2947107 4261397 5446210 2789466 4504413 4930290 10000 499950 2969568 4616143 5097435
3649285 5850545 8173980 3909803 5736070 7597306 3881426 5203347 7072756 3909043 5799103 8509330 3716590 5894103 7732576 4058363 5288107 7948896 4124416 5851286 8049513 3715473 6063110 8620487 3903046 5465963 7769830 3789006 5123326 8721416 10000 750000 3865645 5627496 8019609
28643 27142 71100 588883 1506060 1122980 649560 1546080 993263 584840 1560813 1059945 599363 1746216 1026153 27513 27493 71716 27773 27540 71630 546096 1522576 1037560 27623 27546 72295 582096 1854222 1094005 31622 49995 366239 984568 662064
2661877 5775083 2557253 2416366 6298123 2375010 2244883 5805650 2419703 2862070 5939342 2637026 2606633 6229993 2817546 2516865 6246390 2478280 2513016 5988757 2212350 3050060 6192520 2654783 2551707 5881500 2306520 2458810 6344013 2369616 31622 149987 2588228 6070137 2482808
5641890 8970705 7698342 6171606 8991207 8001867 5573603 9062196 7060583 5258790 9413702 6674876 5795047 8711750 7992926 5642083 9127482 6812976 5614543 9178186 6734160 5482823 9025623 6961706 5693512 8977910 8040296 5866820 9620390 7888165 31622 499959 5674071 9107915 7386589
7773605 11155020 10754386 7541050 11399843 10473876 8515656 11042756 11363096 8125630 11333540 11088263 7677592 11579542 10709346 8043723 11527770 10603233 7999823 11116777 10314710 8578662 11685786 9936210 7917660 11438923 10737117 7958932 11600786 10819446 31622 750000 8013233 11388074 10679968
