29243 27697 27395 27120 27235 27140 27563 27540 27023 28680 27437 27463 27606 27262 27413 27466 27090 27646 27486 27516 27563 37156 37116 30943 27616 27486 27385 27150 27025 27186 3 1 28708 28340 27715
27506 27353 51826 34582 27180 27260 28392 27516 27440 28022 27816 27696 27546 27966 27643 28087 27270 27542 73460 27282 27176 27610 27576 27583 27200 27140 27260 27443 27423 27150 3 1 32984 27452 29857
27520 27110 27083 27290 27310 26977 27190 27240 27620 27633 27542 27243 27990 27250 27446 27320 26810 26940 26820 26956 27223 27516 27516 27526 27636 27390 27646 45746 27470 27180 3 1 29266 27259 27288
27393 27500 27295 27666 27830 27817 28037 27475 27653 27183 27233 27280 27433 27496 27286 27350 27510 27547 27390 27255 27253 27696 27540 47870 28090 27163 27432 27483 27393 27590 3 2 27572 27439 29502
27623 27350 27266 27676 27630 27437 33520 40950 27712 27556 27456 27426 27540 27375 27120 27890 27667 27673 27633 36760 27486 27683 27463 27443 27850 27206 27440 27410 27520 27623 3 2 28238 29737 27462
27606 27593 27440 27680 27613 27550 27750 27336 27340 27486 27410 27655 27343 27590 27303 28477 27487 27333 27653 27433 27610 27513 27556 27433 27766 27597 27390 27877 27642 27360 3 2 27715 27525 27441
27470 27543 27350 27546 27563 27486 27650 27817 27633 27540 27546 27610 27453 27553 27577 27510 27463 27490 27766 27483 27560 27866 27586 27606 27456 27670 30603 28062 27586 27776 3 2 27631 27581 27869
27710 27445 27393 27810 27516 27473 27856 27550 27486 55917 27196 27256 27836 27533 27913 27560 27380 27376 27526 27550 27480 27913 27276 54070 27426 27426 27372 27456 27620 27320 10 1 30501 27449 30113
27730 27550 27680 27793 27636 27536 27293 27526 27596 27653 27633 27550 27806 27466 27556 27806 27386 27773 49350 27400 27343 27766 27410 27956 28000 27655 28017 27420 27813 27606 10 3 29861 27547 27661
27250 27216 27190 27383 27307 27340 27656 27310 27136 27965 27410 27597 27636 27555 32676 39246 27725 26820 27040 27190 27495 27716 27513 27520 27840 26977 26810 27610 27336 27580 10 4 28734 27353 27816
27750 27233 27796 27743 27490 27436 28030 27613 27607 27480 27503 27470 27686 27633 27570 27413 27322 27480 27893 27606 27596 27366 27410 27373 28433 27203 27450 27663 27410 27323 10 6 27745 27442 27510
27376 27457 27426 28013 27603 27543 27610 27466 27293 28320 27486 27370 27653 27620 27523 27436 27383 27420 27846 27470 27536 27620 27496 27580 27820 27596 27567 27500 27606 27490 10 9 27719 27518 27474
28043 27730 27636 27753 27666 67067 27713 27516 27503 27480 27453 27500 27336 27146 27050 27580 27550 27610 27866 27456 27503 27796 27586 27376 27906 27600 27766 27420 27316 27316 10 11 27689 27501 31432
39617 36903 27725 27520 27516 27485 27756 27537 27112 27670 27112 27366 27773 27290 27320 27490 27263 27320 27696 27300 27345 27346 27275 26230 26810 27093 32626 32000 27510 27533 10 13 29167 28279 27806
28920 27857 27890 27673 27717 27905 27693 27266 27410 55590 27516 27772 27486 27593 27593 27606 27685 27522 27276 26470 26640 27560 27420 27283 28036 27480 27682 27753 27460 27532 10 18 30559 27446 27522
27530 27490 27636 27976 27543 27413 27603 27313 27540 27533 27403 27313 27370 27616 27840 27776 27645 27506 28076 27036 27243 27756 27166 27633 28020 27550 27760 27470 27520 27226 10 22 27711 27428 27511
29452 27063 27213 27740 27540 27703 27740 27503 27547 28016 27540 27410 27753 27742 27553 27640 27506 27613 27903 27553 27546 27550 27640 27680 27766 27960 27840 27656 27620 27523 10 27 27921 27566 27562
27606 27413 27473 27673 27825 27570 27380 27543 27670 29266 27660 27673 27933 55930 27653 27546 27656 27166 27806 27240 27820 27636 27577 27452 27733 27510 27420 27856 27483 27533 10 31 27843 30383 27543
27623 27696 27793 27923 27856 27785 27743 27530 27276 30106 55863 27720 27706 27810 27713 27773 27353 27447 27706 27183 27503 27860 27576 27710 27676 27656 27776 27593 27693 27780 10 36 27970 30421 27650
27766 27253 27553 27713 27663 27796 27990 27273 27360 27836 27837 27956 27600 27580 27703 27263 27563 28030 27710 27313 27613 27616 27660 27912 27953 27630 27690 27723 27666 27707 10 40 27717 27543 27732
27456 27546 56340 27710 27566 27683 28063 27596 27955 27873 26200 27316 27753 27513 27530 27283 27330 27606 27720 27406 28306 27683 27566 27736 27556 27400 27573 27793 27865 28186 10 42 27689 27398 30623
27683 27526 27596 27630 27733 27653 27653 27707 27560 27920 27385 27533 27500 27580 27263 27590 27866 27546 27503 27483 27485 27710 27573 26640 26623 40172 54550 55996 27603 27626 31 1 30380 28862 30145
27533 27463 27780 27526 27493 27490 31436 36646 27380 27726 27540 27556 27496 27510 27503 27676 27447 27063 27750 27390 27413 27503 27960 27280 27440 27595 27255 27643 27523 27533 31 4 27972 28456 27425
27646 27510 27620 27937 27620 27616 27576 27645 27386 27530 27530 27493 27500 27546 27600 27730 27615 27633 28017 27250 27393 27593 27333 27695 27426 27563 27530 27900 27886 27657 31 9 27685 27549 27562
57033 27543 27620 28030 27516 27700 27826 27146 27383 27426 27246 27226 27743 27670 27615 27776 27566 27382 27596 27646 27480 27626 27720 27483 27513 27817 27246 27763 27226 27423 31 18 30633 27509 27455
27676 27226 27233 27996 27870 27585 27640 27503 27470 28440 27470 27312 28030 27617 27553 27903 27716 28223 27886 27330 27463 27663 27956 27712 27666 27603 27603 27900 27870 28610 31 37 27880 27616 27676
26850 27340 27590 27703 27513 28136 27903 27603 28343 27730 27815 28383 27963 27510 28276 27970 26720 27250 27620 52896 27752 27823 27670 28356 28280 27620 28266 27806 27425 27555 31 46 27764 30011 27990
29160 27563 29010 28416 27510 28393 28330 27725 28606 27513 27376 26313 27406 28260 28800 54500 55820 27380 27486 27650 27400 28566 28232 28876 28376 27660 28830 28260 27746 28573 31 69 30801 30554 28218
28573 27696 28953 28493 27197 27993 29730 27730 28603 28276 27950 28733 28383 27540 28593 28393 28145 28710 28326 28070 28682 27696 28223 28970 28556 28320 28990 28523 27476 28813 31 93 28494 27834 28704
29070 28213 29570 28706 27913 45657 56500 27602 29290 29013 27736 29562 31390 27836 30395 28380 50810 29270 27780 27615 27592 28810 27883 29560 28730 27527 29226 28216 28036 39766 31 116 31659 30117 31988
28753 27960 29893 28790 27646 30473 28890 28083 29950 29070 27783 29643 28500 27710 29823 28450 28053 29340 29586 27753 29603 28670 27990 40790 28866 27646 29930 28853 27466 29620 31 139 28842 27809 30906
28710 27930 30676 28943 28263 30770 28596 27743 30583 28470 28090 30540 29333 28122 31097 29186 28003 30683 28403 28087 30753 29366 27930 30623 28460 27825 30745 28873 27903 30827 31 186 28834 27989 30729
29440 27896 31090 29160 27830 31553 29463 27955 31290 28413 27776 30773 28616 27803 31246 28516 27450 31963 29120 27870 30310 28943 27706 30710 28573 28040 31350 28583 28040 31396 31 232 28882 27836 31168
28760 28080 32493 29136 27873 31363 30007 27660 31213 28326 27746 33460 28510 27756 32493 28620 27716 32233 28793 28316 33157 28686 27666 33256 28420 27716 31750 28626 28010 30792 31 279 28788 27853 32221
30042 28047 32670 28806 28563 32543 28766 27746 33310 28520 28236 32986 29126 28076 32870 28653 29180 32876 28713 28232 33196 28386 28143 33153 29033 27835 34120 28813 28003 32616 31 325 28885 28206 33034
28466 28360 33176 29396 28076 33940 28370 27840 33756 28746 28106 33743 29070 27806 33693 28473 28360 33780 29210 47140 34006 28740 27733 33610 29086 27486 33593 28793 27856 34416 31 372 28835 29876 33771
61725 37210 34680 29540 27622 34723 28903 27942 34800 28760 27776 34680 28906 27816 34663 28746 27826 34240 28356 27987 34830 29066 28033 34826 29050 28165 35273 28743 28106 34610 31 418 32179 28848 34732
28840 27873 34963 28586 28793 36223 29120 28160 34383 28656 27460 34250 28660 27525 34746 28930 27820 34730 28540 27846 34225 27896 27032 34947 28973 28397 34590 29203 28176 35420 31 441 28740 27908 34847
27743 27480 27373 27630 27607 26983 26520 27335 58313 51010 27837 27673 27613 27485 26922 27356 27356 27606 27530 27800 27550 27516 27346 27413 28117 27573 27230 27530 27160 27273 100 1 29856 27497 30433
27293 26533 26862 28986 27070 27283 27686 27053 26983 27825 27700 27597 27503 27593 27183 27890 27526 55300 27550 27520 27520 27503 27533 27493 27802 27653 27286 26906 27463 27327 100 4 27694 27364 30083
27690 27566 27476 27506 27377 27523 28032 27496 27453 28137 27500 27573 27433 41437 27490 27576 27306 27446 27493 27566 27313 27626 27576 27610 27546 27532 27487 27680 27496 27080 100 14 27671 28885 27445
26580 26676 27546 28113 27956 27900 27516 27533 27326 27203 27532 27293 27670 27513 27506 27723 27466 27546 27806 27613 27423 27850 27766 27586 48023 27780 27610 27903 27513 27250 100 49 29638 27534 27498
29683 28696 32456 27683 27400 27613 27603 27543 27473 26476 26350 26776 27563 27527 27390 27900 27586 27690 27456 27567 27913 28130 27440 27466 27696 27616 27713 27930 27640 27390 100 99 27812 27536 27988
34013 30723 39332 48066 29090 36553 33296 32663 38773 27633 27450 27880 46703 31296 37686 33350 27777 37900 35186 28770 38240 27850 27400 56630 40160 31856 38907 32380 32303 38176 100 198 35863 29932 39007
108695 30373 48243 109643 31536 47680 102783 37342 47363 125920 32566 49006 100286 36147 48406 83900 34486 48290 114720 35160 50907 102653 42046 45420 91160 29586 47000 82212 49510 48920 100 396 102197 35875 48123
98787 40206 52180 129963 35840 53440 126786 30053 53000 96970 35870 52523 107206 28673 53047 117260 29886 85135 120295 30383 55473 75433 34650 56130 115862 33980 54500 121030 31356 55590 100 495 110959 33089 57101
78066 32766 66016 85186 28713 69083 105210 32443 67023 96193 32246 68800 89833 36806 73446 84100 36833 62590 97900 38620 67290 99600 28277 66123 82676 39576 67846 79930 30673 65700 100 742 89869 33695 67391
55733 29473 78620 83866 32163 80196 83980 29976 76420 88633 28565 84076 91863 28270 80953 76203 32790 81706 65173 39196 79870 55453 33676 82446 83913 28630 82066 97670 45183 80570 100 990 78248 32792 80692
81596 28497 85446 75510 31570 93883 94453 33430 93163 111697 37150 90966 83126 31146 96916 74873 28577 94513 80143 37200 93090 84030 34026 94953 71880 30227 90423 85856 28163 97073 100 1237 84316 31998 93042
67940 29176 106643 84756 32920 107476 72916 35566 109850 70666 37240 110393 81163 30286 110813 82073 28223 106033 86813 27513 108197 69860 31866 107343 79933 45043 108363 67223 35113 104673 100 1485 76334 33294 107978
71413 28730 137947 100437 40343 135716 83940 36590 133240 82386 29203 133283 75776 32646 135902 71840 34943 134853 73246 33006 129936 73840 30057 137906 83943 28446 135703 52973 34563 136110 100 1980 76979 32852 135059
68456 37083 167942 59760 39923 164920 72526 29850 162872 68710 35553 162040 74636 30256 165193 65633 31186 160706 77863 28953 169573 73180 34303 167043 73803 30270 161070 60610 36116 161970 100 2475 69517 33349 164332
77973 32553 187720 63550 29970 187176 64100 32740 190237 73863 29530 195496 78823 35620 200120 58280 34580 192820 70000 36106 202106 95810 36003 194292 66223 35640 192966 71796 35686 194347 100 2970 72041 33842 193728
61623 30390 218010 64783 28620 213710 75003 37646 216770 70500 38236 217213 67363 29493 220637 64836 29340 219730 64443 44437 217533 53210 36826 224246 78090 29396 228470 57196 37810 228827 100 3465 65704 34219 220514
70990 35326 252523 64586 29483 247693 62400 37773 251886 71070 29853 258050 54603 40573 255700 60290 49350 256995 64453 30580 261830 60466 34383 250866 68283 29890 264300 65416 35633 244030 100 3960 64255 35284 254387
70020 35950 268466 65040 31526 271773 64073 30306 274940 66456 38636 276970 65803 34236 267492 58863 43263 273096 68980 49682 286276 61723 52626 271700 69036 37463 286686 72293 37296 273473 100 4455 66228 39098 275087
60170 39196 295845 68980 39023 290696 62646 31733 303243 60326 30706 296923 65783 30352 292416 75800 30040 289506 69426 34610 298443 68096 35626 287680 59730 31036 294143 74693 29480 312383 100 4702 66565 33180 296127
26840 26750 27173 26670 26710 26593 27100 27426 27536 27640 27490 27546 25473 25580 26117 26553 26830 27060 26763 26710 27133 27763 27776 27560 27176 25736 26315 27016 26897 26357 316 4 26899 26790 26939
26563 26416 27076 27276 27223 27225 28500 29170 27660 26573 26763 27423 26950 26986 26910 27483 27493 43152 31313 27785 27005 27403 26750 27417 27322 26333 27590 27686 27890 27250 316 14 27706 27280 28870
26660 27523 27033 28093 27953 27953 26680 27420 27153 27113 27436 27530 27816 26890 26880 27283 27676 27213 27963 27685 27595 27993 27573 26393 27120 27095 27000 27903 27453 27247 316 49 27462 27470 27199
27790 26806 27480 27226 27357 26886 27346 27623 26786 27743 27676 27266 27730 27326 27636 27613 27412 27430 27530 26643 27430 27396 27493 27355 27240 27390 27452 26080 25880 25910 316 149 27369 27160 27163
63916 52930 109163 298296 140330 114306 27673 27513 27822 81365 116753 115386 26913 26626 27036 27860 27463 27866 49920 112033 121506 52846 121090 120623 26983 26190 27246 147835 150010 118136 316 497 80360 80093 80909
797716 172843 197226 785310 74833 204670 1036566 174447 188900 27643 27196 28940 884940 153363 205236 971112 160126 193273 1005793 41206 211696 1099290 178823 198636 1180986 198883 205700 399883 179610 200327 316 995 818923 136133 183460
1246956 125452 377367 1220986 136150 381483 1204000 175852 384026 1242643 128733 398400 1157073 170696 366195 1349983 130720 373943 1092223 141630 373670 1168873 140713 350740 1094346 130926 352436 1495252 35496 365596 316 1990 1227233 131636 372385
889623 102003 727303 860496 120120 725863 1012632 136040 730466 897990 155230 747113 944143 122752 702683 858363 120603 708716 862226 30236 706123 865486 55220 736263 1003016 70712 773670 718086 81595 719170 316 3981 891206 99451 727737
686736 150700 889646 847996 30480 900150 741982 31537 895180 897675 69630 889110 813283 139215 980240 823725 82410 867713 843416 169673 877400 941680 95593 882157 657076 136643 898480 836955 123033 882336 316 4977 809052 102891 896241
762255 81036 1408013 611007 167260 1326420 832696 124713 1300360 712316 88533 1329550 671746 148226 1335886 767323 145783 1339715 729420 32646 1338652 610960 114560 1363810 736133 165313 1333493 678560 154260 1387830 316 7465 711241 122233 1346372
655110 105363 1876963 692156 142586 1896223 616580 32416 1809776 734460 132800 1866733 627273 72573 1795066 647376 32690 1811780 743510 105833 1861970 710493 41376 1962856 658353 119652 1860710 661450 58346 1909275 316 9954 674676 84363 1865135
632133 149603 2599340 638000 166312 2384206 591293 146646 2491010 701743 123285 2408810 630073 156883 2508407 666720 32843 2414363 519986 40073 2353676 614873 146816 2391726 579733 85340 2411073 711476 131536 2525867 316 12442 628603 117933 2448847
578546 35450 2926396 551703 157993 2937983 614736 102052 2921266 648306 122626 2933606 643190 155660 3060173 524653 96996 2992010 603686 130296 2996210 612816 116050 2989270 608100 41680 2924923 561000 114232 2928613 316 14931 594673 107303 2961045
535223 37150 5719270 567526 83393 5585640 575896 147543 5563330 620730 137836 7399675 486033 155443 8440817 518393 37053 9207856 549966 146666 8982512 613423 36886 4452250 460413 132250 9001795 620143 93170 4094780 316 19908 554774 100739 6844792
552116 192630 13556217 586703 175706 12493843 476180 132516 11388433 513930 104726 12077710 536483 40207 11398153 528303 49253 11991200 489576 126336 13920073 531353 61510 11180993 519590 142383 12493613 489430 40236 11269353 316 24885 522366 106550 12176958
526416 122956 15647885 475510 51926 15523276 499583 50770 16796676 541840 164416 16891390 455010 153420 16813686 493516 165216 17370710 482723 119833 15787143 453516 93173 18692170 514826 80920 16703653 494970 187383 16448876 316 29862 493791 119001 16667546
520420 43603 21765450 498200 155043 22598280 485680 77293 20734626 522370 171740 18349660 511783 200346 20626560 525576 53426 20517326 443110 46306 20021282 494476 45916 20861273 485385 143550 21433416 470946 196880 22365800 316 34839 495794 113410 20927367
506433 227773 24666456 489963 168450 26162925 524663 166560 25556156 437990 44733 24560296 497220 176410 25070222 476566 73383 24887540 493296 65100 25887542 466506 46186 26188940 479843 46320 24862423 590686 186520 25599366 316 39816 496316 120143 25344186
454063 71520 28842213 470170 58800 30309103 519202 72933 29967323 465143 48820 29584590 434620 48606 29193403 466533 226920 31341930 475916 69513 28159746 493306 80760 29861746 496086 157496 30166982 540313 54050 29245500 316 44793 481535 88941 29667253
478133 57106 30582710 460120 158236 31532496 542360 246860 33201583 429683 66920 31610952 461573 50646 33856493 532383 135440 32455230 499530 48996 31686977 459706 108643 31637227 461723 133280 31818250 516993 204170 33035093 316 47281 484220 121029 32141701
28815 27620 27546 27573 27486 27626 27486 27406 27070 27273 27546 26990 27120 27513 27350 27560 27132 26976 27220 27123 54150 55226 43037 33030 27470 26730 26760 26493 26706 27213 1000 49 30223 28829 30471
27720 27476 26336 26750 26536 26493 26940 26496 26262 26860 27127 27126 27036 26810 26287 28145 27473 27060 27570 27466 27016 28905 28156 26546 27203 26800 26820 26986 27012 27653 1000 149 27411 27135 26759
27663 27503 26566 28597 26783 28255 27616 27195 27980 26053 25993 27090 29267 27490 27706 28782 27780 27320 27013 27115 26910 27383 27685 28002 27346 27823 27476 27410 27465 27802 1000 499 27713 27283 27510
336790 575460 991866 26653 26090 33162 27883 27616 30510 37690 27813 33116 735283 823990 1064876 389953 1035910 941945 528256 1132660 890943 28123 27583 33393 937437 818716 957050 27970 27780 31696 1000 1498 307603 452361 500855
2889423 988873 3747546 2866026 362390 2758633 2944100 765506 2789657 2981736 894140 2746786 2965363 493883 2805252 2965066 1144143 2781836 2954493 1183460 2769872 2896403 826043 2804216 2922180 1201697 2706746 3046827 50683 3740143 1000 4995 2943161 791081 2965068
4305773 779086 5854782 4291075 1144530 5847943 4540223 889523 5815680 4562110 666515 5784547 4600813 746730 5698243 4790543 586970 7261076 4823226 986522 6122480 4482213 331540 5882213 4681936 691323 5811983 4598890 640423 5795355 1000 9990 4567680 746316 5987430
8529586 260810 21245386 8535756 900725 19055770 7930913 823853 26014600 8901165 888420 18621392 8403552 968933 18127792 8258145 882430 22653840 8785963 690430 20492135 8140483 757656 22879626 8118096 753606 23529990 7422200 803400 17540836 1000 19980 8302585 773026 21016136
7790810 743155 77362036 8703713 671443 76316073 7832512 45360 76778336 8052547 716080 78085826 8739733 778903 78623086 8105633 449250 77567926 8192023 237246 79200200 8612732 632500 77230410 8166536 376157 76599486 8563926 773170 78260610 1000 39960 8276016 542326 77602398
7882470 594193 26658525 7589983 165253 100000000 8357050 557746 100000000 8073475 732426 100000000 7846250 419426 100000000 7807272 479933 100000000 7558872 683862 100000000 7805983 615880 100000000 7600636 1000966 100000000 8099490 76193 100000000 1000 49950 7862148 532587 4557430888798830399
7171266 515223 100000000 7459850 921477 100000000 6959320 688395 100000000 6740146 493383 100000000 7182746 643283 100000000 6891357 83370 100000000 6462956 756193 100000000 6791683 770033 100000000 6877250 67303 100000000 6984696 1035140 100000000 1000 74925 6952127 597380 4557430888798830399
6118517 93066 100000000 6427546 86397 100000000 6376360 628810 100000000 6381632 1107716 100000000 5994203 81603 100000000 6120970 763283 100000000 6518957 910520 100000000 6690680 789800 100000000 6365770 401400 100000000 6171385 1111013 100000000 1000 99900 6316602 597360 4557430888798830399
6313736 1228920 100000000 5957216 706083 100000000 5624865 701117 100000000 5902866 111650 100000000 6034913 809100 100000000 6192143 90637 100000000 5664833 1142566 100000000 5662270 584820 100000000 5619886 1216240 100000000 6304623 793093 100000000 1000 124875 5927735 738422 4557430888798830399
5615807 124936 100000000 5264953 1061593 100000000 5215570 115835 100000000 5558100 904360 100000000 5527906 956696 100000000 5312286 606296 100000000 5845576 99573 100000000 5629782 390437 100000000 5320953 978207 100000000 5587847 1083660 100000000 1000 149850 5487878 632159 4557430888798830399
5388516 518716 100000000 5263976 169287 100000000 5383250 1236403 100000000 4952130 158072 100000000 5468686 210756 100000000 4985712 1578776 100000000 5271673 342923 100000000 5323320 1000906 100000000 5697910 1216833 100000000 5552573 137982 100000000 1000 199800 5328774 657065 4557430888798830399
5001270 1544493 100000000 4596103 1047653 100000000 5106193 156956 100000000 5159296 1294942 100000000 5071360 578213 100000000 4977167 182013 100000000 5060416 147756 100000000 5324757 157803 100000000 5331503 1842277 100000000 4614452 166596 100000000 1000 249750 5024251 711870 4557430888798830399
5080086 1429523 100000000 5243497 228786 100000000 4714503 478886 100000000 5054376 194293 100000000 4729363 1006082 100000000 4866653 1583690 100000000 4986580 956276 100000000 4963170 982173 100000000 5107860 1590940 100000000 4768686 1597000 100000000 1000 299700 4951477 1004764 4557430888798830399
4602076 1682335 100000000 4533856 1046440 100000000 4825920 1612383 100000000 5116726 1690880 100000000 4860850 259610 100000000 4918750 705373 100000000 4852220 748000 100000000 5139103 192270 100000000 4823936 1172790 100000000 4545803 198543 100000000 1000 349650 4821924 930862 4557430888798830399
4963156 1394300 100000000 4580126 253900 100000000 5018083 1852366 100000000 4735620 208036 100000000 4976630 233646 100000000 5160660 1608950 100000000 5058270 227503 100000000 4861513 1912086 100000000 4770870 694226 100000000 4300550 254286 100000000 1000 399600 4842547 863929 4557430888798830399
4828930 1249540 100000000 4462633 1472983 100000000 4758200 313010 100000000 4523560 294313 100000000 4518280 590242 100000000 4918520 1787340 100000000 4600806 344713 100000000 4743790 1153833 100000000 4828036 1370920 100000000 4697575 1157137 100000000 1000 449550 4688033 973403 4557430888798830399
4819136 1016700 100000000 4448640 606243 100000000 4555940 1424323 100000000 4532762 1200333 100000000 4831032 246120 100000000 4750560 1264286 100000000 4595570 370000 100000000 4592186 1098757 100000000 4953012 322146 100000000 4651106 1922793 100000000 1000 474525 4672994 947170 4557430888798830399
27646 27520 27223 26556 26780 26616 25753 25667 27390 27573 27473 26596 26590 26293 27710 27900 27570 26667 26955 26572 63026 56283 26726 26450 26466 27243 27700 27446 27483 26793 3162 499 29916 26932 30617
27740 28067 32200 26326 25273 32033 27666 27752 31590 27450 26483 29530 27476 27426 31612 27853 26820 30425 27466 27535 29603 27390 27500 32256 27496 26706 31782 27676 27493 31757 3162 1499 27453 27105 31278
26840 27025 41760 815792 1868136 9471473 1400390 1869600 16316713 1333650 1847293 31636373 1384423 1885050 10435260 27490 27656 33806 1397210 1871497 11903863 27530 27452 33840 1329783 1841100 9613000 27616 26966 50613 3162 4997 777072 1129177 8953670
3438296 3793360 97944110 3465223 3784893 82666806 3484212 3802870 51315233 3526845 4048922 64828127 3563320 3768095 85851670 3527147 3776230 83970426 3476670 3832115 46644903 3433740 3844556 30227120 3497190 3797327 100000000 3449873 3771657 100000000 3162 14992 3486251 3822002 4557430888798830399
18758170 5373460 100000000 18716950 7769806 100000000 15922766 6138916 100000000 17420830 6935282 100000000 16334370 7192717 100000000 18577730 64010 100000000 19747970 7798826 100000000 18747382 8088803 100000000 14120522 6881783 100000000 19425420 6213546 100000000 3162 49975 17777211 6245714 4557430888798830399
33093253 6240750 100000000 30369913 6560752 100000000 31799926 5346003 100000000 30057842 5186470 100000000 33560100 5733986 100000000 33370616 7207403 100000000 33759877 6643686 100000000 33763955 4499407 100000000 32711816 6621136 100000000 29788296 5996193 100000000 3162 99950 32227559 6003578 4557430888798830399
54681116 6900923 100000000 54969350 4893010 100000000 54207407 6691436 100000000 54047610 6758826 100000000 55234145 127547 100000000 55190216 8309830 100000000 54546763 6690720 100000000 56608860 4624427 100000000 55123316 7310583 100000000 54693382 6579622 100000000 3162 199901 54930216 5888692 4557430888798830399
70362790 6302906 100000000 85894500 3526770 100000000 78957873 7162150 100000000 73799720 3381816 100000000 81894750 4381243 100000000 77222333 5291900 100000000 81979850 6764150 100000000 82055253 7444460 100000000 80608840 6950760 100000000 79023575 6415736 100000000 3162 399803 79179948 5762189 4557430888798830399
72370826 3174516 100000000 72387713 8376890 100000000 71257320 8457873 100000000 70437233 9845510 100000000 74119815 8297973 100000000 70599340 519513 100000000 68754483 8167203 100000000 72857030 518786 100000000 71473203 8653900 100000000 75272767 1389820 100000000 3162 499754 71952973 5740198 4557430888798830399
66851542 6226866 100000000 66899890 10557542 100000000 69146066 7394312 100000000 67594300 8470020 100000000 71320963 7696420 100000000 72586333 9634530 100000000 71726802 7726340 100000000 69696070 9805126 100000000 70393713 7654315 100000000 67487570 923013 100000000 3162 749631 69370324 7608848 4557430888798830399
70701330 5449953 100000000 67812180 842333 100000000 71777210 4582003 100000000 70731823 945950 100000000 71124550 1004960 100000000 71198060 8385975 100000000 69458272 9286776 100000000 70983055 1125432 100000000 70987595 8483346 100000000 70457536 7464616 100000000 3162 750000 70523161 4757134 4557430888798830399
27490 27740 100000000 27496 27053 100000000 27606 27410 100000000 27880 26916 100000000 27476 27605 100000000 27713 27270 100000000 27376 26970 100000000 27443 27162 100000000 27420 26523 100000000 27566 26016 100000000 10000 4999 27546 27066 4557430888798830399
1651503 2433972 100000000 27553 27286 100000000 27496 27482 100000000 27653 27530 100000000 1678402 2345433 100000000 1609400 2403433 100000000 27513 27466 100000000 1672243 2345103 100000000 1611613 2310713 100000000 1675160 2353697 100000000 10000 14998 1000853 1430211 4557430888798830399
4514786 5109263 100000000 4455956 5292875 100000000 4641853 5204553 100000000 4453333 5158943 100000000 4603210 5072096 100000000 4644320 5194402 100000000 4475996 7264112 100000000 4671687 5308416 100000000 5934393 8543405 100000000 4502423 6101750 100000000 10000 49995 4689795 5824981 4557430888798830399
21325653 21092383 100000000 21431473 21439375 100000000 21627116 21465686 100000000 21206253 21325916 100000000 21226460 21367102 100000000 21330526 21107813 100000000 21274895 21310456 100000000 21304626 21349457 100000000 21350586 21454750 100000000 21047383 21383253 100000000 10000 149985 21312497 21329619 4557430888798830399
53938873 51996696 100000000 53726673 51260716 100000000 55526610 50508510 100000000 54041327 50554120 100000000 53738196 50826376 100000000 53674833 50515270 100000000 54156396 50722980 100000000 55636090 50898516 100000000 53923326 50544703 100000000 54142543 303343 100000000 10000 499950 54250486 45813123 4557430888798830399
76075043 56737900 100000000 76102596 61415026 100000000 76394136 58340833 100000000 76963810 54015933 100000000 76354530 67623336 100000000 76091760 65649250 100000000 76269746 57812750 100000000 76205577 63292320 100000000 76702440 61520833 100000000 76607195 59648387 100000000 10000 750000 76376683 60605656 4557430888798830399
27630 27683 100000000 27296 27120 100000000 2460203 3902352 100000000 2416206 3904010 100000000 2434645 4010516 100000000 27603 27376 100000000 27570 27193 100000000 2581855 5122477 100000000 2693833 4329485 100000000 27603 27553 100000000 31622 49995 1272444 2140576 4557430888798830399
6459006 7912186 100000000 6460255 8499533 100000000 6667540 7926820 100000000 6486713 7888490 100000000 6672402 8140173 100000000 6696696 8943820 100000000 7493897 7964062 100000000 6661877 10015380 100000000 6532657 8044863 100000000 7265863 8415660 100000000 31622 149987 6739690 8375098 4557430888798830399
26233747 26728416 100000000 26911775 26809030 100000000 27066386 27001143 100000000 27106590 26995845 100000000 26777547 27095923 100000000 26955163 28639020 100000000 26996626 27175987 100000000 26743746 27161650 100000000 26999633 27072273 100000000 26830616 26764296 100000000 31622 499959 26862182 27144358 4557430888798830399
35854490 34384170 100000000 35894643 34410626 100000000 35956680 34934566 100000000 36388627 34911135 100000000 36811235 35180525 100000000 37459750 35623360 100000000 36828983 35551260 100000000 37420020 35690216 100000000 36939870 35237047 100000000 37195510 35276236 100000000 31622 750000 36674980 35119914 4557430888798830399
