27583 27086 27043 26976 26803 27620 27860 27443 27363 27780 27316 27283 27713 27273 58046 28016 27543 27260 27416 28087 28160 28413 27676 27410 27570 27113 27423 27873 27350 27590 3 1 27720 27369 30519
27450 27283 27200 27380 27583 27426 27580 27346 27456 28253 27396 29740 27680 27530 27846 27546 27246 27630 27403 27615 27290 27363 27326 33310 27550 27046 27316 27406 27490 27235 3 1 27561 27386 28244
27266 27086 27437 27593 27313 27113 27650 27120 27026 27270 27080 27260 27553 28323 27293 27360 27240 27313 27430 27600 27553 27980 27492 27647 27620 27485 27543 27530 27510 27377 3 1 27525 27424 27356
27350 27300 27597 27766 29590 43882 27863 27627 27680 27456 27486 26443 26736 27223 27066 27933 27513 40950 37873 27616 27510 27570 27593 27293 27590 27460 27187 27350 27246 27366 3 2 28548 27665 30297
27703 27436 27276 27500 27515 27470 27785 27770 27503 27550 27740 27422 27126 27233 27210 27506 27652 27496 27520 27503 27277 27650 27446 26693 26886 27483 45103 27540 27663 27502 3 2 27476 27544 29095
27583 27447 27280 27723 27503 27296 27313 27100 29560 27283 27142 27293 27066 27180 27343 27727 27413 27537 27776 27085 27190 27650 42015 44940 27873 27503 27520 26710 27606 27670 3 2 27470 28799 29362
29077 27486 27483 27366 27380 27356 27730 27490 27343 27450 27503 27553 27463 27386 27543 27373 27660 27243 27420 27516 55130 27466 27483 27480 27426 27553 27735 27680 27625 27393 3 2 27645 27508 30225
27483 27286 27410 55886 27250 27223 27643 27402 27546 27266 27372 27563 27436 27353 27480 37975 27533 27400 27573 27166 27632 27846 27975 27640 27576 27807 27536 27650 27503 55756 10 1 31433 27464 30318
56823 27403 79833 55792 26890 26880 51350 50523 26950 26966 26990 26990 30850 31687 27060 26796 26816 26813 27143 27375 27673 27666 27343 27103 27926 27350 27127 27400 27506 27450 10 3 35871 29988 32387
27943 27443 27506 27573 27572 27453 28822 27646 27533 27590 27353 27263 27353 27335 27590 27476 27572 27490 28213 27500 27380 27310 27082 27100 27640 26946 27193 27493 27473 27570 10 4 27741 27392 27407
27800 27483 27702 27965 27553 27426 27620 27506 27313 27516 27363 27320 27513 27922 29906 27500 27710 27530 27673 27360 27136 27523 27317 27333 27336 27465 27620 27866 28186 27790 10 6 27631 27586 27707
27843 27063 27183 27513 27943 27496 27490 27536 27166 27346 27630 27800 29050 27606 27570 27550 27393 27360 28212 27732 27530 26420 26882 27247 30413 27560 27486 28123 27506 27533 10 9 27996 27485 27437
27993 27560 27550 28806 27513 27326 28123 27355 27307 27273 27156 27486 28030 27400 27650 27963 27533 27526 27600 27610 27627 30315 27123 27876 27650 27613 27570 27953 27520 27656 10 11 28170 27438 27557
27680 27510 27530 28382 26336 27810 27253 27523 27563 27523 27365 27563 27990 27640 27500 27613 27610 27440 27603 27616 27250 27506 27446 27433 27543 27256 27436 27470 27393 27053 10 13 27656 27369 27457
29325 27120 27030 28333 27483 27340 27553 27353 27313 28680 29160 29236 30110 29257 27533 40120 27590 27675 27226 27396 27153 27150 27630 27422 27760 27720 27670 27896 27493 27360 10 18 29415 27820 27573
27916 27436 27640 27253 27457 27486 27270 27270 27640 27933 27387 27423 43507 39087 27603 27540 27410 27316 28160 27533 29880 27460 27557 27726 27976 27536 27510 27773 27433 27667 10 22 29278 28610 27789
27560 27843 27413 27786 27600 27300 27763 27576 27962 28530 27603 27740 27956 27536 28357 27720 27306 27395 27760 27686 27803 27910 27967 27480 27430 27460 27696 27953 27617 27812 10 27 27836 27619 27695
27273 27300 27736 27756 27503 27463 27486 27563 27686 27826 27682 27686 27610 26946 27570 27863 27622 27496 27766 27546 44585 29066 29276 28690 27833 27606 27706 27563 27497 27572 10 31 27804 27654 29419
27773 27573 41875 27566 27710 27780 28000 27902 27616 27880 27646 27250 27666 27703 28476 27526 27370 27893 29267 27540 27600 27580 27100 26520 26906 27470 27410 27686 27593 27686 10 36 27785 27560 29010
27673 27543 28560 27793 27630 27853 27813 27820 27950 27656 27283 27506 27583 27382 27332 29400 27406 27776 27860 27566 27963 27820 27466 27600 27416 27210 27655 27613 27862 27695 10 40 27862 27516 27789
27773 27636 27720 27916 27556 27570 27750 27496 27853 48746 27550 27683 27663 27556 27716 27750 27765 27760 27553 27513 27676 27886 56250 54790 56406 27403 27840 27506 27270 27386 10 42 32694 30399 30399
27460 27613 27650 28046 27402 27432 27116 27142 27350 27703 28905 29463 27550 27222 27250 27566 26566 27260 27573 27703 27635 27543 27863 27396 27723 27460 27546 27110 26503 26566 31 1 27539 27437 27554
26823 33376 33160 27646 27315 27445 27543 27663 27813 27503 27616 27520 29175 26460 27123 27516 27643 27550 27766 27490 27240 27810 27453 27513 27636 27550 27607 27653 36700 27643 31 4 27707 28926 28061
27796 27296 27130 27613 27520 27510 28003 27493 27490 27450 27566 55353 27520 27610 27540 27246 27340 27465 27153 27016 27706 27613 27473 27150 27370 27120 27327 27513 29097 30580 31 9 27527 27553 30525
27276 27153 27215 27660 27730 27293 27696 27683 46233 27736 27546 27563 27803 27193 27203 28083 27640 27700 27986 27536 27200 27803 27430 27307 27793 27573 27436 27720 27363 27463 31 18 27755 27484 29261
27586 27642 27460 29727 27876 27923 27516 27376 27400 27673 27557 27686 27313 27423 27392 28053 27716 28463 27643 27560 27450 27866 27560 27630 28440 27587 27455 27490 27446 27946 31 37 27930 27574 27680
27740 27410 27507 28046 27666 28220 27653 27613 28410 27863 27656 28330 27523 27696 28136 28260 27756 28300 27620 27480 28016 28066 27486 28273 28160 28430 28293 28633 36493 27950 31 46 27956 28568 28143
28160 27256 29232 28400 27690 28573 28173 26600 28095 27987 27616 27496 28300 27960 28626 29485 27343 28377 27806 27510 27886 28263 27836 28606 28973 27762 29120 30125 27663 28503 31 69 28567 27523 28451
28433 27636 27960 27673 26730 28133 28653 28202 28980 28736 28290 29753 28236 28093 29242 28503 28243 29380 28340 27866 29040 28963 28453 28510 28426 28233 29080 28600 27683 28436 31 93 28456 27942 28851
29196 28103 39590 50176 50286 52050 28963 27826 29400 28953 27653 29473 35383 27945 29196 30567 27846 29885 27743 27436 27450 28986 28380 29426 30365 57076 29560 28370 27932 29493 31 116 31870 33048 32552
28573 28200 30523 28806 27496 29940 28580 57743 30176 30132 27746 29626 28133 28226 30123 28543 28107 29493 33540 27870 31330 28920 27883 29693 28693 27540 29866 28470 27622 30705 31 139 29239 30843 30147
28993 27892 30660 29216 28270 30223 28756 27563 31122 28583 28000 30563 29340 28086 63676 29083 27846 30870 28290 27890 30350 29110 27886 30800 28800 51946 30696 29126 28030 30420 31 186 28929 30340 33938
29306 28160 31292 29213 28216 34530 29233 27606 31475 28720 28020 30983 28956 27883 31145 28000 27800 32050 29916 28232 31186 29166 27983 31206 28880 28073 31566 28983 28070 32277 31 232 29037 28004 31771
28953 27816 32483 29353 27650 31376 28950 27710 31483 28510 27776 32213 30350 27426 31836 44655 27890 32196 28723 28060 32036 28590 27790 31926 28326 27663 32180 28443 27923 32120 31 279 30485 27770 31984
28816 28126 32750 28740 28236 33112 29826 40907 33096 29063 28003 33003 28813 27913 32723 29997 28075 35273 29116 28276 32980 28350 27900 33273 28530 28013 34810 28733 27780 49315 31 325 28998 29322 35033
27650 28082 33103 29113 27713 33083 28220 27993 33870 28926 28286 34356 28916 27873 33736 28466 28216 34280 28513 28156 34096 28620 27573 42426 35645 28365 34103 28870 27923 33743 31 372 29293 28018 34679
28773 28610 34760 28816 27953 35473 28776 27946 34323 29013 27846 35847 29330 27783 34710 53540 27903 34333 28436 27893 35370 28503 27940 34776 28690 28070 42256 28633 27826 34380 31 418 31251 27977 35622
28706 27896 35003 28646 28116 35113 29116 44037 34626 29330 27713 34283 29860 27955 34663 28863 28222 35286 28580 27566 34060 28950 27780 36060 28773 28106 34926 29390 28446 35302 31 441 29021 29583 34932
27603 27645 27633 27753 26850 26290 27030 27493 27550 26463 27093 27320 27973 27387 26236 27503 27510 27523 28036 27773 26655 26493 26110 26120 27277 27680 26993 27486 31980 51490 100 1 27361 27752 29381
55646 27400 27396 27333 27183 27003 27746 27270 27120 27643 54463 29020 27483 27580 27033 27740 27606 27906 27573 27283 27516 27995 27320 27396 27273 27585 27233 27490 27587 27486 100 4 30392 30127 27510
27483 27516 27330 27343 26546 27476 54553 27676 27323 27913 27620 27616 27503 27500 27483 27683 27862 27556 28666 45936 27543 27516 27503 27623 27796 27560 27083 27336 26356 26400 100 14 30379 29207 27343
26220 51886 46523 46923 27930 26996 27636 27572 26883 26263 26183 26393 28216 27335 27433 27890 27490 27622 28162 27230 26563 26456 26473 26680 27580 27670 27526 28196 27546 27543 100 49 29354 29731 29016
29446 28623 32530 27656 27320 27556 27536 27006 26710 25166 26920 26903 27306 26175 26590 27463 27366 27360 27656 27073 27546 27576 26070 28760 27740 27560 27540 27893 27737 27720 100 99 27543 27185 27921
31793 31310 38432 41383 29466 36906 32773 31760 38305 26873 26823 27573 53883 31573 39086 33947 29490 37133 34370 28280 38530 26996 27503 27746 39130 30146 38367 32166 32033 37863 100 198 35331 29838 35994
100073 30196 50046 110420 31020 49092 106150 31480 47210 124433 34177 49226 101210 31163 48500 119270 41076 48143 114686 31820 49893 118800 42153 47940 92210 29833 47286 120050 38270 49330 100 396 110730 34118 48666
69517 32913 50820 131536 31670 53103 125760 28886 53240 100210 38557 52210 108260 28806 53300 118800 29550 54955 113463 31900 54946 81503 33840 55413 109400 61180 112963 115316 29826 55085 100 495 107376 34712 59603
77713 33073 67252 86833 28300 67750 95943 33566 65893 98630 32503 106855 93486 37776 67346 81830 40307 63056 96916 37560 67476 98730 28086 66180 85083 40010 68246 79370 31290 66563 100 742 89453 34247 70661
54643 28620 81940 81463 32807 81137 88246 30113 77790 87656 28396 83706 88250 27933 78680 81977 32286 80933 67110 37106 80093 53273 33196 81806 85543 28430 82053 97736 39517 79746 100 990 78589 31840 80788
80516 28476 84176 75016 33402 93850 97012 34696 92616 76483 36560 146177 81733 31060 94872 85720 28696 94333 80033 34990 93365 82553 34460 92060 68523 30580 90206 85540 28363 96297 100 1237 81312 32128 97795
67793 28753 107973 81906 35862 106375 65366 40253 107780 68986 37033 109790 80343 31503 109640 82186 30023 103582 89333 27603 106446 71856 31300 107665 85120 73190 106240 63536 34432 104220 100 1485 75642 36995 106971
69706 28100 137193 76976 56702 135205 79943 30920 149900 80900 29150 135027 79466 31726 137160 71246 45350 136220 76616 35023 144312 70100 29516 138815 86726 28890 133760 50200 33316 135940 100 1980 74187 34869 138353
69586 38096 170385 53770 44060 161603 77467 29836 161480 70600 34510 159185 74860 32060 165330 63566 32717 160160 77920 28593 169503 73150 34803 164680 77796 30716 158870 61573 36786 162250 100 2475 70028 34217 163344
82763 29756 191803 66323 29340 187820 65973 31953 192926 74496 29703 259592 76463 36713 193123 60876 34696 193503 66650 36576 198953 68803 36526 195296 70530 35150 194057 70276 34656 192227 100 2970 70315 33506 199930
59826 30353 215060 66946 30423 219853 74103 37780 221826 69190 38030 220360 74146 30352 220712 68190 29226 220670 64346 41136 216562 57653 35836 219503 72863 29677 226540 60910 38203 228953 100 3465 66817 34101 221003
69586 38636 249276 66790 29980 248160 64113 38366 251743 71960 29837 258406 55096 42763 254582 62300 49563 290563 62783 30200 257290 63123 32646 244870 67776 29423 249217 67623 39047 246112 100 3960 65115 36046 255021
66946 34146 272723 68430 30446 273470 64773 31142 270485 67683 40336 275796 63323 34756 278016 60603 42760 282812 63316 44187 291317 57013 45680 272696 65026 36930 280615 75090 35980 272955 100 4455 65220 37636 277088
113213 37193 286326 69556 38276 284653 63503 32207 294723 60206 30030 296160 63913 30543 289795 74006 30096 285503 79953 33530 289046 67323 38463 289043 64895 30626 287090 72630 32410 292292 100 4702 72919 33337 289463
27670 27510 27920 27493 27603 27516 27303 27816 26833 27343 27250 27053 27360 26783 27055 27093 27572 27646 27483 27500 26986 27755 27433 26536 27293 27580 27256 26693 26733 27312 316 4 27348 27378 27211
27533 27520 27326 27896 28897 27413 28060 27483 26800 27010 27067 27396 27366 27516 27120 26743 27480 27480 27760 28912 27150 27800 27613 29005 27993 28726 27426 27660 27072 26963 316 14 27582 27828 27407
27866 27803 26830 27713 27553 27176 28187 26910 27303 27646 27730 28376 27026 26740 27402 27953 27323 27960 27603 27380 27633 27772 26700 27533 27256 27546 27355 27543 27513 27720 316 49 27656 27319 27528
26486 26490 26880 27146 27276 27576 27673 26683 27135 27226 27250 27463 27763 27373 27527 27750 27476 26990 26826 26770 27523 27196 27446 27803 47630 27563 27676 26543 25943 27050 316 149 29223 27027 27362
62266 50456 118336 294993 118590 119420 27680 27495 27992 80965 114915 117333 27236 26656 26767 27383 27680 28106 49003 112306 121056 52360 129293 123386 27580 26633 27496 106170 143790 118743 316 497 75563 77781 82863
798130 170196 196922 778013 74416 209353 1041250 171336 185386 28800 27413 29030 895920 150393 203245 985720 156240 194153 1012630 40853 208290 1099000 184203 201125 1180273 210220 205523 402676 176425 198007 316 995 822241 136169 183103
1250273 130140 378196 1241182 140220 377060 1207210 176290 380850 1224213 130653 387433 1167400 176600 376200 1366810 140810 382920 1098613 142236 382795 1171390 148236 392877 1091757 129250 366012 1485553 28866 371993 316 1990 1230440 134330 379633
882136 97873 728316 854166 122546 706940 1012306 136173 737780 901442 178810 716430 929330 117532 712042 863816 114903 707576 860193 30666 695606 867566 61160 718033 999953 62920 729970 726215 80730 718583 316 3981 889712 100331 717127
687460 152167 917042 845946 30633 904806 719133 31902 887143 882390 65680 860040 806096 137820 926300 807876 90130 906866 846413 166662 900050 935230 100553 879830 722657 136010 879653 799546 126083 912795 316 4977 805274 103764 897452
755370 81310 1321810 606052 169006 1370110 834186 124370 1347680 720950 89490 1309536 668333 81866 1319093 765346 136983 1380903 733163 32310 1334876 614310 114186 1330316 738530 164010 1342766 678040 152763 1376156 316 7465 711428 114629 1343324
646230 106430 1960780 699855 224793 1940582 621226 32416 1978393 730976 132620 1950342 631953 73136 1812300 650996 32420 1857663 744410 107565 1868816 732516 42833 1816743 664926 113610 1860513 664240 60016 1845840 316 9954 678732 92583 1889197
651183 146236 2592892 647760 165156 2468455 612876 142913 2423576 700846 121276 2429730 642106 155970 2556273 666370 32300 2428396 523130 43493 2425806 620813 147640 2519360 598925 84050 2507566 713436 131663 2431776 316 12442 637744 117069 2478383
557103 36986 2875336 557470 159876 2986633 593086 101386 2979136 660463 122752 3023816 635336 154056 3068636 516733 96690 3045516 607625 130840 3047803 623213 115986 2923710 605830 41330 2997963 562153 108866 2930886 316 14931 591901 106876 2987943
582050 63976 5221830 565040 85363 4825023 589420 151413 4728690 616256 138726 7017226 490343 150250 6948600 515606 37156 4391566 549896 142610 8086502 610463 36653 5284576 450673 131483 7110572 638285 95280 4335680 316 19908 560803 103291 5795026
551840 193593 12964090 596060 174780 11770620 477433 132406 12734695 490973 106476 12290843 533703 40003 12028157 532643 47140 11793640 486656 125470 12341986 517723 60733 12133470 501883 142483 12583480 486053 39386 11258646 316 24885 517496 106247 12189962
524640 121486 16514960 473173 50196 17677506 499786 42550 16637546 537336 165895 16700313 466956 157970 16651966 507837 165026 15735546 484066 123780 16542503 445296 143962 18683502 516856 80880 14943433 498393 186600 16278287 316 29862 495433 123834 16636556
513346 44143 19907643 468903 154066 22686966 484393 76896 21776783 519350 173120 19865166 512836 199346 19824913 521433 50980 20465042 447640 45293 20095536 492256 44716 22086560 480516 142860 21372890 464110 196416 22395760 316 34839 490478 112783 21047725
520523 228420 25896012 491843 169016 26605045 505460 166026 25238580 449090 45150 24426073 497693 176066 23754026 476636 67073 25711692 478180 68263 25339046 468900 47456 25271636 484530 45613 26194452 592103 183560 25645225 316 39816 496495 119664 25408178
457686 68903 30305033 471743 52430 29692142 518255 76840 31384980 465340 51515 30375305 488117 47933 28755200 460266 229420 30763403 482176 69403 29219576 498100 81203 31294623 511712 200590 30476890 507443 59332 30043322 316 44793 486083 93756 30231047
492563 59066 31461765 467443 159283 33202883 525916 286412 32963220 423293 67180 32373757 464826 51996 34217256 524080 136500 32207126 498513 48973 32443300 452400 147127 34413423 467540 133050 32973377 519583 204560 32278097 316 47281 483615 129414 32853420
27870 27580 27645 27276 27203 27306 66233 27683 27326 27836 26910 26076 27550 27700 26510 27436 27180 26903 26870 27680 27453 28163 28023 27930 27006 27730 27292 26336 27222 27027 1000 49 31257 27491 27146
27486 27596 26810 28190 27005 27230 27666 26903 27273 26970 27176 27057 27563 27680 27590 28933 28085 27277 27640 27603 26827 27346 27155 27092 27603 27146 27263 28425 27766 54843 1000 149 27782 27411 29926
55256 28740 27496 26606 26562 27063 27226 26680 27206 27523 27580 27893 27666 27576 27773 26666 26543 26712 27113 26847 26726 29006 27196 28005 27743 27516 27620 26340 26633 27412 1000 499 30114 27187 27390
345220 576470 996623 27356 27220 39436 27446 27173 31620 27916 27963 30250 746063 795556 1045217 382930 1034733 977996 550190 1131950 909956 27686 27526 31396 928466 811690 940177 27580 27485 31226 1000 1498 309085 448776 503389
2946677 980830 3900976 2984563 365090 2741045 2996710 760826 2764690 2968843 894820 2755323 2945220 498123 2804786 2990825 1148436 2770792 2954153 1184693 2815993 2972935 825336 2835026 2987376 1147586 2689846 3056516 90926 3818256 1000 4995 2980381 789666 2989673
4366123 775450 5720240 4339926 1143810 6117716 4503076 893483 5883566 4589960 663003 5892966 4634833 757540 5814360 4797796 594963 8759433 4827390 974113 6102167 4540356 333502 6072270 4748055 673926 5765323 4638447 637493 5815173 1000 9990 4598596 744728 6194321
8544076 260473 18173910 8558856 900083 19536120 7846910 822516 21880330 9039693 868460 16783310 8408833 970130 16437110 8119996 888683 16553093 8695536 689906 19452360 8186297 757050 16482010 8117452 751823 16930426 7476226 805556 17414333 1000 19980 8299387 771468 17964300
7959865 741893 77782232 8753680 701340 75966253 7871845 47430 75478237 7845160 719172 79080570 8669087 784795 78677443 8310462 477392 75318116 8120395 233043 75578130 8540196 640893 76642040 8368726 370010 74804165 8760913 772270 79449057 1000 39960 8320032 548823 76877624
8018496 595507 27148372 7659056 163490 100000000 8323980 570223 100000000 8203470 728983 100000000 7707077 427876 100000000 7940007 482660 100000000 7590030 679780 100000000 7951823 605540 100000000 7530290 996993 100000000 8168220 55446 100000000 1000 49950 7909244 530649 4557430888798830399
7187693 514793 100000000 7383455 918053 100000000 6799820 688270 100000000 6888597 491950 100000000 7042136 641143 100000000 6886943 69600 100000000 6462370 767213 100000000 6677730 769760 100000000 6914166 68903 100000000 6925500 1063873 100000000 1000 74925 6916841 599355 4557430888798830399
6365356 94493 100000000 6413527 80943 100000000 6496770 624893 100000000 6510932 1111536 100000000 5951360 82827 100000000 6215790 748047 100000000 6461207 915630 100000000 6771392 812733 100000000 6393376 402463 100000000 6167807 1116390 100000000 1000 99900 6374751 598995 4557430888798830399
6394540 1235336 100000000 5925653 708586 100000000 5529846 703463 100000000 5826786 118875 100000000 6093712 808963 100000000 6200410 101983 100000000 5695355 1139536 100000000 5621126 582316 100000000 5591020 1197476 100000000 6262180 776280 100000000 1000 124875 5914062 737281 4557430888798830399
5486440 123153 100000000 5231533 1065303 100000000 5151956 103140 100000000 5554135 905360 100000000 5486383 965172 100000000 5317866 605883 100000000 5651156 107133 100000000 5587746 398346 100000000 5269660 979393 100000000 5504996 1085873 100000000 1000 149850 5424187 633875 4557430888798830399
5392087 512230 100000000 5038743 161266 100000000 5396177 1236586 100000000 4885746 137736 100000000 5425916 229047 100000000 4947280 1570627 100000000 5209896 353876 100000000 5342285 1000513 100000000 5654027 1230555 100000000 5566892 146520 100000000 1000 199800 5285904 657895 4557430888798830399
4996920 1534133 100000000 4599913 1065495 100000000 5190433 147922 100000000 5170666 1280470 100000000 4919243 573983 100000000 4964420 172876 100000000 5115235 151116 100000000 5280246 156452 100000000 5258693 1874183 100000000 4604260 151673 100000000 1000 249750 5010002 710830 4557430888798830399
5046360 1429706 100000000 5159166 215353 100000000 4713333 481876 100000000 5038057 192866 100000000 4719993 1007902 100000000 4778500 1584246 100000000 5097890 946062 100000000 4893930 998753 100000000 4954723 1576020 100000000 4822636 1582363 100000000 1000 299700 4922458 1001514 4557430888798830399
4624930 1704283 100000000 4530466 1051086 100000000 4780006 1624103 100000000 5216620 1681076 100000000 4883023 253633 100000000 5061460 704173 100000000 4867407 756913 100000000 5167666 195450 100000000 4839163 1187222 100000000 4541596 203655 100000000 1000 349650 4851233 936159 4557430888798830399
4818196 1418666 100000000 4479236 234660 100000000 4849342 1846930 100000000 4662966 222373 100000000 4955106 242336 100000000 4990750 1630607 100000000 5064276 227253 100000000 4953166 1944080 100000000 4768116 698966 100000000 4280630 279956 100000000 1000 399600 4782178 874582 4557430888798830399
4775213 1243356 100000000 4527440 1454612 100000000 4696030 309970 100000000 4604913 291996 100000000 4507536 559860 100000000 4875606 1798957 100000000 4642650 386573 100000000 4719023 1146820 100000000 4680406 1377910 100000000 4771822 1154733 100000000 1000 449550 4680063 972478 4557430888798830399
4853606 995920 100000000 4433716 578070 100000000 4585850 1421680 100000000 4529625 1260102 100000000 4899627 252832 100000000 4687436 1265663 100000000 4542903 371146 100000000 4615083 1054223 100000000 4943712 305580 100000000 4659550 1927686 100000000 1000 474525 4675110 943290 4557430888798830399
27513 27470 27723 28013 27495 27903 25873 26463 27305 27500 27523 27710 27730 27846 28083 27520 27593 27406 27286 27583 28033 27563 27785 26580 27246 27020 27286 28877 27433 27460 3162 499 27512 27421 27548
27893 27730 34026 26606 26676 33240 27650 27290 31487 27500 27496 31056 27516 27266 31260 27850 27586 31646 28610 27526 31727 27480 27436 30002 27783 27546 31497 27506 27866 32430 3162 1499 27639 27441 31837
26860 26716 38696 913153 1891733 9029490 1409663 1830272 15719390 1325676 1833613 31765927 1429470 1871755 10555500 27566 27506 36340 1358233 1841353 11971800 27503 27533 33100 1345666 1823550 9553682 27943 27903 38956 3162 4997 789173 1120193 8874288
3426630 3815682 98731926 3486966 3759496 83377790 3460593 3803940 52948715 3434670 4077172 60268590 3508366 3731573 84106356 3515420 3742363 82161806 3468936 3800350 48665793 3553775 3868900 30657240 3526492 3773476 100000000 3450086 3725187 100000000 3162 14992 3483193 3809813 4557430888798830399
19306550 5368850 100000000 18824807 7684283 100000000 15750723 6007863 100000000 17454163 6824973 100000000 16309400 7209625 100000000 18251070 63363 100000000 19398680 7593593 100000000 18599270 8093707 100000000 14113070 6810167 100000000 19615925 6148163 100000000 3162 49975 17762365 6180458 4557430888798830399
33017986 6029156 100000000 30293833 6714106 100000000 31871286 5554840 100000000 29481906 5145103 100000000 33260307 5750540 100000000 33705772 7229330 100000000 34003830 6486385 100000000 33385056 4439723 100000000 32685466 6686622 100000000 29966497 6060086 100000000 3162 99950 32167193 6009589 4557430888798830399
54032596 6851632 100000000 55214763 4811563 100000000 54199746 6776420 100000000 54110250 6700866 100000000 55095733 126573 100000000 57575342 7593513 100000000 56461347 6650665 100000000 57175506 4644990 100000000 55411967 7567500 100000000 55371626 6655943 100000000 3162 199901 55464887 5837966 4557430888798830399
71061007 6246483 100000000 83301616 4051442 100000000 80131010 7147430 100000000 74303530 3353036 100000000 81590342 4426180 100000000 77639476 5321233 100000000 81800360 6843685 100000000 81877990 7073350 100000000 80503680 6922620 100000000 78771613 6446537 100000000 3162 399803 79098062 5783199 4557430888798830399
73694696 3144073 100000000 72255802 8125027 100000000 70590540 8646850 100000000 70586700 9604843 100000000 73266960 8307063 100000000 70095973 512580 100000000 68588807 8027933 100000000 71889937 505050 100000000 70973033 8593997 100000000 75206400 1348550 100000000 3162 499754 71714884 5681596 4557430888798830399
66547480 6220567 100000000 65360790 10485900 100000000 68914080 7214676 100000000 68363376 8727743 100000000 71558473 7628046 100000000 71394143 9849353 100000000 71757055 7924630 100000000 70252163 9945750 100000000 70870267 7641720 100000000 66788183 938490 100000000 3162 749631 69180601 7657687 4557430888798830399
70081963 5403213 100000000 67967593 841150 100000000 71530305 4572320 100000000 70842057 953746 100000000 71020623 1001293 100000000 71206893 8170470 100000000 69506536 9465785 100000000 70783123 1193040 100000000 71110090 8322333 100000000 70265063 7486476 100000000 3162 750000 70431424 4740982 4557430888798830399
26893 26663 100000000 27710 27606 100000000 27536 27296 100000000 27426 26890 100000000 27776 27073 100000000 27330 26540 100000000 27390 26840 100000000 27060 26992 100000000 27593 27446 100000000 27393 26610 100000000 10000 4999 27410 26995 4557430888798830399
1628853 2413420 100000000 27563 27193 100000000 27413 27337 100000000 27523 27450 100000000 1643936 2341790 100000000 1597913 2397970 100000000 27766 27490 100000000 1818333 2426930 100000000 1619033 2305500 100000000 1615113 2348132 100000000 10000 14998 1003344 1434321 4557430888798830399
4668037 5034250 100000000 4491400 5369216 100000000 4600366 5201610 100000000 4497705 5187270 100000000 4708093 5047543 100000000 4425600 5108746 100000000 4510387 7158113 100000000 4436496 5161832 100000000 5890276 8456433 100000000 4499516 6016540 100000000 10000 49995 4672787 5774155 4557430888798830399
21344770 20997440 100000000 21010263 21590365 100000000 21537492 21193140 100000000 21326360 21119236 100000000 21628236 21668452 100000000 21180683 21368356 100000000 21450030 21375366 100000000 22176397 21824503 100000000 21271463 21390473 100000000 21471323 21495476 100000000 10000 149985 21439701 21402280 4557430888798830399
53936333 50026810 100000000 54061350 50993023 100000000 53824276 50236272 100000000 54041162 50969493 100000000 54616540 50585957 100000000 54007280 51892506 100000000 53872863 50831147 100000000 54276020 50598523 100000000 53423226 50804427 100000000 54034590 345926 100000000 10000 499950 54009364 45728408 4557430888798830399
76701636 56437256 100000000 77069295 62727293 100000000 78935827 58733053 100000000 77050036 54264603 100000000 76584090 68274580 100000000 77178296 65840593 100000000 76443333 58678526 100000000 76917470 63543390 100000000 76540756 61546510 100000000 77467540 59989116 100000000 10000 750000 77088827 61003492 4557430888798830399
27626 27600 100000000 27270 27370 100000000 2414636 3960982 100000000 2513420 4154406 100000000 2486676 4102450 100000000 27540 27563 100000000 27230 27073 100000000 2488066 4075046 100000000 2465306 4159080 100000000 27530 27566 100000000 31622 49995 1250530 2058913 4557430888798830399
6633193 8279443 100000000 6616700 8707953 100000000 6523880 8228276 100000000 6520907 8006266 100000000 6652120 8127783 100000000 6802990 9141250 100000000 7586720 8107407 100000000 6635350 10072100 100000000 6775716 8438452 100000000 7380630 8457736 100000000 31622 149987 6812820 8556666 4557430888798830399
26734970 26987167 100000000 27220076 27364172 100000000 28186850 27798586 100000000 27295636 27480080 100000000 27100856 27134762 100000000 27291207 27473432 100000000 27039610 27393303 100000000 27350466 27982586 100000000 27633272 27271035 100000000 27253135 26984230 100000000 31622 499959 27310607 27386935 4557430888798830399
36392666 34516193 100000000 36530303 34600296 100000000 36863663 34978402 100000000 39434787 34458393 100000000 36658492 35180990 100000000 36618363 35638923 100000000 36651380 35206675 100000000 36929960 35472540 100000000 37175960 35471245 100000000 37438630 34927520 100000000 31622 750000 37069420 35045117 4557430888798830399
